Log file open, 01/02/20 22:16:34
LogWindows: Failed to load 'aqProf.dll' (GetLastError=126)
LogWindows: File 'aqProf.dll' does not exist
LogWindows: Failed to load 'VtuneApi.dll' (GetLastError=126)
LogWindows: File 'VtuneApi.dll' does not exist
LogWindows: Failed to load 'VtuneApi32e.dll' (GetLastError=126)
LogWindows: File 'VtuneApi32e.dll' does not exist
LogConsoleResponse: Display: Failed to find resolution value strings in scalability ini. Falling back to default.
LogInit: Display: Running engine for game: Gladiator
LogPlatformFile: Not using cached read wrapper
LogTaskGraph: Started task graph with 5 named threads and 23 total threads with 3 sets of task threads.
LogStats: Stats thread started at 0.065905
LogD3D11RHI: Loaded GFSDK_Aftermath_Lib.x64.dll
LogICUInternationalization: ICU TimeZone Detection - Raw Offset: +0:00, Platform Override: ''
LogPluginManager: Mounting plugin Paper2D
LogPluginManager: Mounting plugin AISupport
LogPluginManager: Mounting plugin LightPropagationVolume
LogPluginManager: Mounting plugin ActorLayerUtilities
LogPluginManager: Mounting plugin AnimationSharing
LogPluginManager: Mounting plugin CLionSourceCodeAccess
LogPluginManager: Mounting plugin CodeLiteSourceCodeAccess
LogPluginManager: Mounting plugin GitSourceControl
LogPluginManager: Mounting plugin KDevelopSourceCodeAccess
LogPluginManager: Mounting plugin NullSourceCodeAccess
LogPluginManager: Mounting plugin PerforceSourceControl
LogPluginManager: Mounting plugin SubversionSourceControl
LogPluginManager: Mounting plugin UObjectPlugin
LogPluginManager: Mounting plugin VisualStudioCodeSourceCodeAccess
LogPluginManager: Mounting plugin VisualStudioSourceCodeAccess
LogPluginManager: Mounting plugin XCodeSourceCodeAccess
LogPluginManager: Mounting plugin AssetManagerEditor
LogPluginManager: Mounting plugin CryptoKeys
LogPluginManager: Mounting plugin CurveEditorTools
LogPluginManager: Mounting plugin DataValidation
LogPluginManager: Mounting plugin FacialAnimation
LogPluginManager: Mounting plugin GameplayTagsEditor
LogPluginManager: Mounting plugin MacGraphicsSwitching
LogPluginManager: Mounting plugin MaterialAnalyzer
LogPluginManager: Mounting plugin MobileLauncherProfileWizard
LogPluginManager: Mounting plugin PluginBrowser
LogPluginManager: Mounting plugin SpeedTreeImporter
LogPluginManager: Mounting plugin DatasmithContent
LogPluginManager: Mounting plugin VariantManagerContent
LogPluginManager: Mounting plugin AlembicImporter
LogPluginManager: Mounting plugin AutomationUtils
LogPluginManager: Mounting plugin BackChannel
LogPluginManager: Mounting plugin CharacterAI
LogPluginManager: Mounting plugin GeometryCache
LogPluginManager: Mounting plugin HTML5Networking
LogPluginManager: Mounting plugin PlatformCrypto
LogPluginManager: Mounting plugin ProxyLODPlugin
LogPluginManager: Mounting plugin SkeletalReduction
LogPluginManager: Mounting plugin MagicLeap
LogPluginManager: Mounting plugin MagicLeapMedia
LogPluginManager: Mounting plugin AndroidMedia
LogPluginManager: Mounting plugin AvfMedia
LogPluginManager: Mounting plugin ImgMedia
LogPluginManager: Mounting plugin MediaCompositing
LogPluginManager: Mounting plugin MediaPlayerEditor
LogPluginManager: Mounting plugin WebMMedia
LogPluginManager: Mounting plugin WmfMedia
LogPluginManager: Mounting plugin TcpMessaging
LogPluginManager: Mounting plugin UdpMessaging
LogPluginManager: Mounting plugin ActorSequence
LogPluginManager: Mounting plugin LevelSequenceEditor
LogPluginManager: Mounting plugin MatineeToLevelSequence
LogPluginManager: Mounting plugin NetcodeUnitTest
LogPluginManager: Mounting plugin NUTUnrealEngine4
LogPluginManager: Mounting plugin OnlineSubsystemGooglePlay
LogPluginManager: Mounting plugin OnlineSubsystemIOS
LogPluginManager: Mounting plugin OnlineSubsystem
LogPluginManager: Mounting plugin OnlineSubsystemNull
LogPluginManager: Mounting plugin OnlineSubsystemUtils
LogPluginManager: Mounting plugin LauncherChunkInstaller
LogPluginManager: Mounting plugin AndroidDeviceProfileSelector
LogPluginManager: Mounting plugin AndroidMoviePlayer
LogPluginManager: Mounting plugin AndroidPermission
LogPluginManager: Mounting plugin AppleImageUtils
LogPluginManager: Mounting plugin AppleMoviePlayer
LogPluginManager: Mounting plugin ArchVisCharacter
LogPluginManager: Mounting plugin AudioCapture
LogPluginManager: Mounting plugin CableComponent
LogPluginManager: Mounting plugin CustomMeshComponent
LogPluginManager: Mounting plugin EditableMesh
LogPluginManager: Mounting plugin ExampleDeviceProfileSelector
LogPluginManager: Mounting plugin GoogleCloudMessaging
LogPluginManager: Mounting plugin IOSDeviceProfileSelector
LogPluginManager: Mounting plugin LinuxDeviceProfileSelector
LogPluginManager: Mounting plugin LocationServicesBPLibrary
LogPluginManager: Mounting plugin MobilePatchingUtils
LogPluginManager: Mounting plugin OculusVR
LogPluginManager: Mounting plugin PhysXVehicles
LogPluginManager: Mounting plugin ProceduralMeshComponent
LogPluginManager: Mounting plugin RuntimePhysXCooking
LogPluginManager: Mounting plugin SignificanceManager
LogPluginManager: Mounting plugin SteamVR
LogPluginManager: Mounting plugin WebMMoviePlayer
LogPluginManager: Mounting plugin WindowsMoviePlayer
LogPluginManager: Mounting plugin ScreenshotTools
LogInit: Using libcurl 7.55.1-DEV
LogInit:  - built for x86_64-pc-win32
LogInit:  - supports SSL with OpenSSL/1.1.1
LogInit:  - supports HTTP deflate (compression) using libz 1.2.8
LogInit:  - other features:
LogInit:      CURL_VERSION_SSL
LogInit:      CURL_VERSION_LIBZ
LogInit:      CURL_VERSION_IPV6
LogInit:      CURL_VERSION_ASYNCHDNS
LogInit:      CURL_VERSION_LARGEFILE
LogInit:      CURL_VERSION_IDN
LogInit:  CurlRequestOptions (configurable via config and command line):
LogInit:  - bVerifyPeer = true  - Libcurl will verify peer certificate
LogInit:  - bUseHttpProxy = false  - Libcurl will NOT use HTTP proxy
LogInit:  - bDontReuseConnections = false  - Libcurl will reuse connections
LogInit:  - MaxHostConnections = 16  - Libcurl will limit the number of connections to a host
LogInit:  - LocalHostAddr = Default
LogInit:  - BufferSize = 65536
LogOnline: OSS: Creating online subsystem instance for: NULL
LogInit: WinSock: version 1.1 (2.2), MaxSocks=32767, MaxUdp=65467
LogInit: Build: ++UE4+Release-4.23-CL-8386587
LogInit: Engine Version: 4.23.0-8386587+++UE4+Release-4.23
LogInit: Compatible Engine Version: 4.23.0-8386587+++UE4+Release-4.23
LogInit: Net CL: 8386587
LogInit: OS: Windows 10 (Release 1809) (), CPU: Intel(R) Core(TM) i7-7700K CPU @ 4.20GHz, GPU: NVIDIA GeForce GTX 1050
LogInit: Compiled (64-bit): Aug 31 2019 02:04:44
LogInit: Compiled with Visual C++: 19.16.27030.01
LogInit: Build Configuration: Development
LogInit: Branch Name: ++UE4+Release-4.23
LogInit: Command Line:  -EpicPortal -epicusername=David.p.b -epicuserid=66ab0eb387d24985aab87c2368d90e3c -epiclocale=en-GB
LogInit: Base Directory: C:/Program Files/Epic Games/UE_4.23/Engine/Binaries/Win64/
LogInit: Installed Engine Build: 1
LogDevObjectVersion: Number of dev versions registered: 23
LogDevObjectVersion:   Dev-Blueprints (B0D832E4-1F89-4F0D-ACCF-7EB736FD4AA2): 10
LogDevObjectVersion:   Dev-Build (E1C64328-A22C-4D53-A36C-8E866417BD8C): 0
LogDevObjectVersion:   Dev-Core (375EC13C-06E4-48FB-B500-84F0262A717E): 3
LogDevObjectVersion:   Dev-Editor (E4B068ED-F494-42E9-A231-DA0B2E46BB41): 34
LogDevObjectVersion:   Dev-Framework (CFFC743F-43B0-4480-9391-14DF171D2073): 35
LogDevObjectVersion:   Dev-Mobile (B02B49B5-BB20-44E9-A304-32B752E40360): 2
LogDevObjectVersion:   Dev-Networking (A4E4105C-59A1-49B5-A7C5-40C4547EDFEE): 0
LogDevObjectVersion:   Dev-Online (39C831C9-5AE6-47DC-9A44-9C173E1C8E7C): 0
LogDevObjectVersion:   Dev-Physics (78F01B33-EBEA-4F98-B9B4-84EACCB95AA2): 0
LogDevObjectVersion:   Dev-Platform (6631380F-2D4D-43E0-8009-CF276956A95A): 0
LogDevObjectVersion:   Dev-Rendering (12F88B9F-8875-4AFC-A67C-D90C383ABD29): 31
LogDevObjectVersion:   Dev-Sequencer (7B5AE74C-D270-4C10-A958-57980B212A5A): 11
LogDevObjectVersion:   Dev-VR (D7296918-1DD6-4BDD-9DE2-64A83CC13884): 2
LogDevObjectVersion:   Dev-LoadTimes (C2A15278-BFE7-4AFE-6C17-90FF531DF755): 1
LogDevObjectVersion:   Private-Geometry (6EACA3D4-40EC-4CC1-B786-8BED09428FC5): 3
LogDevObjectVersion:   Dev-AnimPhys (29E575DD-E0A3-4627-9D10-D276232CDCEA): 17
LogDevObjectVersion:   Dev-Anim (AF43A65D-7FD3-4947-9873-3E8ED9C1BB05): 2
LogDevObjectVersion:   Dev-ReflectionCapture (6B266CEC-1EC7-4B8F-A30B-E4D90942FC07): 1
LogDevObjectVersion:   Dev-Automation (0DF73D61-A23F-47EA-B727-89E90C41499A): 1
LogDevObjectVersion:   FortniteMain (601D1886-AC64-4F84-AA16-D3DE0DEAC7D6): 27
LogDevObjectVersion:   Dev-Enterprise (9DFFBCD6-494F-0158-E221-12823C92A888): 6
LogDevObjectVersion:   Dev-Niagara (F2AED0AC-9AFE-416F-8664-AA7FFA26D6FC): 1
LogDevObjectVersion:   Dev-Destruction (174F1F0B-B4C6-45A5-B13F-2EE8D0FB917D): 9
LogInit: Presizing for max 16777216 objects, including 0 objects not considered by GC, pre-allocating 0 bytes for permanent pool.
LogInit: Object subsystem initialized
LogConfig: Setting CVar [[con.DebugEarlyDefault:1]]
LogConfig: Setting CVar [[r.setres:1280x720]]
[2020.01.02-22.16.34:668][  0]LogConfig: Setting CVar [[r.VSync:0]]
[2020.01.02-22.16.34:668][  0]LogConfig: Setting CVar [[r.RHICmdBypass:0]]
[2020.01.02-22.16.34:668][  0]LogConfig: Applying CVar settings from Section [/Script/Engine.RendererSettings] File [E:/Unreal_Project/Gladiator/Gladiators/Gladiator/Saved/Config/Windows/Engine.ini]
[2020.01.02-22.16.34:668][  0]LogConfig: Setting CVar [[r.GPUCrashDebugging:0]]
[2020.01.02-22.16.34:668][  0]LogConfig: Setting CVar [[r.DefaultFeature.AutoExposure.ExtendDefaultLuminanceRange:1]]
[2020.01.02-22.16.34:668][  0]LogConfig: Applying CVar settings from Section [/Script/Engine.RendererOverrideSettings] File [E:/Unreal_Project/Gladiator/Gladiators/Gladiator/Saved/Config/Windows/Engine.ini]
[2020.01.02-22.16.34:668][  0]LogConfig: Applying CVar settings from Section [/Script/Engine.StreamingSettings] File [E:/Unreal_Project/Gladiator/Gladiators/Gladiator/Saved/Config/Windows/Engine.ini]
[2020.01.02-22.16.34:668][  0]LogConfig: Setting CVar [[s.MinBulkDataSizeForAsyncLoading:131072]]
[2020.01.02-22.16.34:668][  0]LogConfig: Setting CVar [[s.AsyncLoadingThreadEnabled:0]]
[2020.01.02-22.16.34:668][  0]LogConfig: Setting CVar [[s.EventDrivenLoaderEnabled:1]]
[2020.01.02-22.16.34:668][  0]LogConfig: Setting CVar [[s.WarnIfTimeLimitExceeded:0]]
[2020.01.02-22.16.34:668][  0]LogConfig: Setting CVar [[s.TimeLimitExceededMultiplier:1.5]]
[2020.01.02-22.16.34:668][  0]LogConfig: Setting CVar [[s.TimeLimitExceededMinTime:0.005]]
[2020.01.02-22.16.34:668][  0]LogConfig: Setting CVar [[s.UseBackgroundLevelStreaming:1]]
[2020.01.02-22.16.34:668][  0]LogConfig: Setting CVar [[s.PriorityAsyncLoadingExtraTime:15.0]]
[2020.01.02-22.16.34:668][  0]LogConfig: Setting CVar [[s.LevelStreamingActorsUpdateTimeLimit:5.0]]
[2020.01.02-22.16.34:668][  0]LogConfig: Setting CVar [[s.PriorityLevelStreamingActorsUpdateExtraTime:5.0]]
[2020.01.02-22.16.34:668][  0]LogConfig: Setting CVar [[s.LevelStreamingComponentsRegistrationGranularity:10]]
[2020.01.02-22.16.34:668][  0]LogConfig: Setting CVar [[s.UnregisterComponentsTimeLimit:1.0]]
[2020.01.02-22.16.34:668][  0]LogConfig: Setting CVar [[s.LevelStreamingComponentsUnregistrationGranularity:5]]
[2020.01.02-22.16.34:668][  0]LogConfig: Applying CVar settings from Section [/Script/Engine.GarbageCollectionSettings] File [E:/Unreal_Project/Gladiator/Gladiators/Gladiator/Saved/Config/Windows/Engine.ini]
[2020.01.02-22.16.34:668][  0]LogConfig: Setting CVar [[gc.MaxObjectsNotConsideredByGC:1]]
[2020.01.02-22.16.34:668][  0]LogConfig: Setting CVar [[gc.SizeOfPermanentObjectPool:0]]
[2020.01.02-22.16.34:668][  0]LogConfig: Setting CVar [[gc.FlushStreamingOnGC:0]]
[2020.01.02-22.16.34:668][  0]LogConfig: Setting CVar [[gc.NumRetriesBeforeForcingGC:10]]
[2020.01.02-22.16.34:668][  0]LogConfig: Setting CVar [[gc.AllowParallelGC:1]]
[2020.01.02-22.16.34:668][  0]LogConfig: Setting CVar [[gc.TimeBetweenPurgingPendingKillObjects:61.1]]
[2020.01.02-22.16.34:668][  0]LogConfig: Setting CVar [[gc.MaxObjectsInEditor:16777216]]
[2020.01.02-22.16.34:668][  0]LogConfig: Setting CVar [[gc.IncrementalBeginDestroyEnabled:1]]
[2020.01.02-22.16.34:668][  0]LogConfig: Setting CVar [[gc.CreateGCClusters:1]]
[2020.01.02-22.16.34:668][  0]LogConfig: Setting CVar [[gc.MinGCClusterSize:5]]
[2020.01.02-22.16.34:668][  0]LogConfig: Setting CVar [[gc.ActorClusteringEnabled:0]]
[2020.01.02-22.16.34:668][  0]LogConfig: Setting CVar [[gc.BlueprintClusteringEnabled:0]]
[2020.01.02-22.16.34:668][  0]LogConfig: Setting CVar [[gc.UseDisregardForGCOnDedicatedServers:0]]
[2020.01.02-22.16.34:668][  0]LogConfig: Applying CVar settings from Section [/Script/Engine.NetworkSettings] File [E:/Unreal_Project/Gladiator/Gladiators/Gladiator/Saved/Config/Windows/Engine.ini]
[2020.01.02-22.16.34:668][  0]LogConfig: Applying CVar settings from Section [/Script/UnrealEd.CookerSettings] File [E:/Unreal_Project/Gladiator/Gladiators/Gladiator/Saved/Config/Windows/Engine.ini]
[2020.01.02-22.16.34:672][  0]LogConfig: Applying CVar settings from Section [ViewDistanceQuality@3] File [E:/Unreal_Project/Gladiator/Gladiators/Gladiator/Saved/Config/Windows/Scalability.ini]
[2020.01.02-22.16.34:672][  0]LogConfig: Setting CVar [[r.SkeletalMeshLODBias:0]]
[2020.01.02-22.16.34:672][  0]LogConfig: Setting CVar [[r.ViewDistanceScale:1.0]]
[2020.01.02-22.16.34:672][  0]LogConfig: Applying CVar settings from Section [AntiAliasingQuality@3] File [E:/Unreal_Project/Gladiator/Gladiators/Gladiator/Saved/Config/Windows/Scalability.ini]
[2020.01.02-22.16.34:672][  0]LogConfig: Setting CVar [[r.PostProcessAAQuality:4]]
[2020.01.02-22.16.34:672][  0]LogConfig: Applying CVar settings from Section [ShadowQuality@3] File [E:/Unreal_Project/Gladiator/Gladiators/Gladiator/Saved/Config/Windows/Scalability.ini]
[2020.01.02-22.16.34:672][  0]LogConfig: Setting CVar [[r.LightFunctionQuality:1]]
[2020.01.02-22.16.34:672][  0]LogConfig: Setting CVar [[r.ShadowQuality:5]]
[2020.01.02-22.16.34:672][  0]LogConfig: Setting CVar [[r.Shadow.CSM.MaxCascades:10]]
[2020.01.02-22.16.34:672][  0]LogConfig: Setting CVar [[r.Shadow.MaxResolution:2048]]
[2020.01.02-22.16.34:672][  0]LogConfig: Setting CVar [[r.Shadow.MaxCSMResolution:2048]]
[2020.01.02-22.16.34:672][  0]LogConfig: Setting CVar [[r.Shadow.RadiusThreshold:0.01]]
[2020.01.02-22.16.34:672][  0]LogConfig: Setting CVar [[r.Shadow.DistanceScale:1.0]]
[2020.01.02-22.16.34:672][  0]LogConfig: Setting CVar [[r.Shadow.CSM.TransitionScale:1.0]]
[2020.01.02-22.16.34:673][  0]LogConfig: Setting CVar [[r.Shadow.PreShadowResolutionFactor:1.0]]
[2020.01.02-22.16.34:673][  0]LogConfig: Setting CVar [[r.DistanceFieldShadowing:1]]
[2020.01.02-22.16.34:673][  0]LogConfig: Setting CVar [[r.DistanceFieldAO:1]]
[2020.01.02-22.16.34:673][  0]LogConfig: Setting CVar [[r.AOQuality:2]]
[2020.01.02-22.16.34:673][  0]LogConfig: Setting CVar [[r.VolumetricFog:1]]
[2020.01.02-22.16.34:673][  0]LogConfig: Setting CVar [[r.VolumetricFog.GridPixelSize:8]]
[2020.01.02-22.16.34:673][  0]LogConfig: Setting CVar [[r.VolumetricFog.GridSizeZ:128]]
[2020.01.02-22.16.34:673][  0]LogConfig: Setting CVar [[r.VolumetricFog.HistoryMissSupersampleCount:4]]
[2020.01.02-22.16.34:673][  0]LogConfig: Setting CVar [[r.LightMaxDrawDistanceScale:1]]
[2020.01.02-22.16.34:673][  0]LogConfig: Setting CVar [[r.CapsuleShadows:1]]
[2020.01.02-22.16.34:673][  0]LogConfig: Applying CVar settings from Section [PostProcessQuality@3] File [E:/Unreal_Project/Gladiator/Gladiators/Gladiator/Saved/Config/Windows/Scalability.ini]
[2020.01.02-22.16.34:673][  0]LogConfig: Setting CVar [[r.MotionBlurQuality:4]]
[2020.01.02-22.16.34:673][  0]LogConfig: Setting CVar [[r.AmbientOcclusionMipLevelFactor:0.4]]
[2020.01.02-22.16.34:673][  0]LogConfig: Setting CVar [[r.AmbientOcclusionMaxQuality:100]]
[2020.01.02-22.16.34:673][  0]LogConfig: Setting CVar [[r.AmbientOcclusionLevels:-1]]
[2020.01.02-22.16.34:673][  0]LogConfig: Setting CVar [[r.AmbientOcclusionRadiusScale:1.0]]
[2020.01.02-22.16.34:673][  0]LogConfig: Setting CVar [[r.DepthOfFieldQuality:2]]
[2020.01.02-22.16.34:673][  0]LogConfig: Setting CVar [[r.RenderTargetPoolMin:400]]
[2020.01.02-22.16.34:673][  0]LogConfig: Setting CVar [[r.LensFlareQuality:2]]
[2020.01.02-22.16.34:673][  0]LogConfig: Setting CVar [[r.SceneColorFringeQuality:1]]
[2020.01.02-22.16.34:673][  0]LogConfig: Setting CVar [[r.EyeAdaptationQuality:2]]
[2020.01.02-22.16.34:673][  0]LogConfig: Setting CVar [[r.BloomQuality:5]]
[2020.01.02-22.16.34:673][  0]LogConfig: Setting CVar [[r.FastBlurThreshold:100]]
[2020.01.02-22.16.34:673][  0]LogConfig: Setting CVar [[r.Upscale.Quality:3]]
[2020.01.02-22.16.34:673][  0]LogConfig: Setting CVar [[r.Tonemapper.GrainQuantization:1]]
[2020.01.02-22.16.34:673][  0]LogConfig: Setting CVar [[r.LightShaftQuality:1]]
[2020.01.02-22.16.34:673][  0]LogConfig: Setting CVar [[r.Filter.SizeScale:1]]
[2020.01.02-22.16.34:673][  0]LogConfig: Setting CVar [[r.Tonemapper.Quality:5]]
[2020.01.02-22.16.34:673][  0]LogConfig: Setting CVar [[r.DOF.Gather.AccumulatorQuality:1        ; higher gathering accumulator quality]]
[2020.01.02-22.16.34:673][  0]LogConfig: Setting CVar [[r.DOF.Gather.PostfilterMethod:1          ; Median3x3 postfilering method]]
[2020.01.02-22.16.34:673][  0]LogConfig: Setting CVar [[r.DOF.Gather.EnableBokehSettings:0       ; no bokeh simulation when gathering]]
[2020.01.02-22.16.34:673][  0]LogConfig: Setting CVar [[r.DOF.Gather.RingCount:4                 ; medium number of samples when gathering]]
[2020.01.02-22.16.34:673][  0]LogConfig: Setting CVar [[r.DOF.Scatter.ForegroundCompositing:1    ; additive foreground scattering]]
[2020.01.02-22.16.34:673][  0]LogConfig: Setting CVar [[r.DOF.Scatter.BackgroundCompositing:2    ; additive background scattering]]
[2020.01.02-22.16.34:673][  0]LogConfig: Setting CVar [[r.DOF.Scatter.EnableBokehSettings:1      ; bokeh simulation when scattering]]
[2020.01.02-22.16.34:673][  0]LogConfig: Setting CVar [[r.DOF.Scatter.MaxSpriteRatio:0.1         ; only a maximum of 10% of scattered bokeh]]
[2020.01.02-22.16.34:673][  0]LogConfig: Setting CVar [[r.DOF.Recombine.Quality:1                ; cheap slight out of focus]]
[2020.01.02-22.16.34:673][  0]LogConfig: Setting CVar [[r.DOF.Recombine.EnableBokehSettings:0    ; no bokeh simulation on slight out of focus]]
[2020.01.02-22.16.34:673][  0]LogConfig: Setting CVar [[r.DOF.TemporalAAQuality:1                ; more stable temporal accumulation]]
[2020.01.02-22.16.34:673][  0]LogConfig: Setting CVar [[r.DOF.Kernel.MaxForegroundRadius:0.025]]
[2020.01.02-22.16.34:673][  0]LogConfig: Setting CVar [[r.DOF.Kernel.MaxBackgroundRadius:0.025]]
[2020.01.02-22.16.34:673][  0]LogConfig: Applying CVar settings from Section [TextureQuality@3] File [E:/Unreal_Project/Gladiator/Gladiators/Gladiator/Saved/Config/Windows/Scalability.ini]
[2020.01.02-22.16.34:673][  0]LogConfig: Setting CVar [[r.Streaming.MipBias:0]]
[2020.01.02-22.16.34:673][  0]LogConfig: Setting CVar [[r.Streaming.AmortizeCPUToGPUCopy:0]]
[2020.01.02-22.16.34:673][  0]LogConfig: Setting CVar [[r.Streaming.MaxNumTexturesToStreamPerFrame:0]]
[2020.01.02-22.16.34:673][  0]LogConfig: Setting CVar [[r.Streaming.Boost:1]]
[2020.01.02-22.16.34:673][  0]LogConfig: Setting CVar [[r.MaxAnisotropy:8]]
[2020.01.02-22.16.34:673][  0]LogConfig: Setting CVar [[r.Streaming.LimitPoolSizeToVRAM:0]]
[2020.01.02-22.16.34:673][  0]LogConfig: Setting CVar [[r.Streaming.PoolSize:1000]]
[2020.01.02-22.16.34:673][  0]LogConfig: Setting CVar [[r.Streaming.MaxEffectiveScreenSize:0]]
[2020.01.02-22.16.34:673][  0]LogConfig: Applying CVar settings from Section [EffectsQuality@3] File [E:/Unreal_Project/Gladiator/Gladiators/Gladiator/Saved/Config/Windows/Scalability.ini]
[2020.01.02-22.16.34:673][  0]LogConfig: Setting CVar [[r.TranslucencyLightingVolumeDim:64]]
[2020.01.02-22.16.34:673][  0]LogConfig: Setting CVar [[r.RefractionQuality:2]]
[2020.01.02-22.16.34:673][  0]LogConfig: Setting CVar [[r.SSR.Quality:3]]
[2020.01.02-22.16.34:673][  0]LogConfig: Setting CVar [[r.SceneColorFormat:4]]
[2020.01.02-22.16.34:673][  0]LogConfig: Setting CVar [[r.DetailMode:2]]
[2020.01.02-22.16.34:673][  0]LogConfig: Setting CVar [[r.TranslucencyVolumeBlur:1]]
[2020.01.02-22.16.34:673][  0]LogConfig: Setting CVar [[r.MaterialQualityLevel:1 ; High quality]]
[2020.01.02-22.16.34:673][  0]LogConfig: Setting CVar [[r.SSS.Scale:1]]
[2020.01.02-22.16.34:673][  0]LogConfig: Setting CVar [[r.SSS.SampleSet:2]]
[2020.01.02-22.16.34:673][  0]LogConfig: Setting CVar [[r.SSS.Quality:1]]
[2020.01.02-22.16.34:673][  0]LogConfig: Setting CVar [[r.SSS.HalfRes:1]]
[2020.01.02-22.16.34:673][  0]LogConfig: Setting CVar [[r.EmitterSpawnRateScale:1.0]]
[2020.01.02-22.16.34:673][  0]LogConfig: Setting CVar [[r.ParticleLightQuality:2]]
[2020.01.02-22.16.34:673][  0]LogConfig: Applying CVar settings from Section [FoliageQuality@3] File [E:/Unreal_Project/Gladiator/Gladiators/Gladiator/Saved/Config/Windows/Scalability.ini]
[2020.01.02-22.16.34:673][  0]LogConfig: Setting CVar [[foliage.DensityScale:1.0]]
[2020.01.02-22.16.34:673][  0]LogConfig: Setting CVar [[grass.DensityScale:1.0]]
[2020.01.02-22.16.34:673][  0]LogInit: Selected Device Profile: [Windows]
[2020.01.02-22.16.34:673][  0]LogInit: Applying CVar settings loaded from the selected device profile: [Windows]
[2020.01.02-22.16.34:676][  0]LogHAL: Display: Platform has ~ 16 GB [17131786240 / 17179869184 / 16], which maps to Larger [LargestMinGB=32, LargerMinGB=12, DefaultMinGB=8, SmallerMinGB=6, SmallestMinGB=0)
[2020.01.02-22.16.34:676][  0]LogInit: Going up to parent DeviceProfile []
[2020.01.02-22.16.34:676][  0]LogConfig: Applying CVar settings from Section [ViewDistanceQuality@3] File [E:/Unreal_Project/Gladiator/Gladiators/Gladiator/Saved/Config/Windows/Scalability.ini]
[2020.01.02-22.16.34:676][  0]LogConfig: Setting CVar [[r.SkeletalMeshLODBias:0]]
[2020.01.02-22.16.34:676][  0]LogConfig: Setting CVar [[r.ViewDistanceScale:1.0]]
[2020.01.02-22.16.34:676][  0]LogConfig: Applying CVar settings from Section [AntiAliasingQuality@3] File [E:/Unreal_Project/Gladiator/Gladiators/Gladiator/Saved/Config/Windows/Scalability.ini]
[2020.01.02-22.16.34:676][  0]LogConfig: Setting CVar [[r.PostProcessAAQuality:4]]
[2020.01.02-22.16.34:676][  0]LogConfig: Applying CVar settings from Section [ShadowQuality@3] File [E:/Unreal_Project/Gladiator/Gladiators/Gladiator/Saved/Config/Windows/Scalability.ini]
[2020.01.02-22.16.34:676][  0]LogConfig: Setting CVar [[r.LightFunctionQuality:1]]
[2020.01.02-22.16.34:676][  0]LogConfig: Setting CVar [[r.ShadowQuality:5]]
[2020.01.02-22.16.34:676][  0]LogConfig: Setting CVar [[r.Shadow.CSM.MaxCascades:10]]
[2020.01.02-22.16.34:676][  0]LogConfig: Setting CVar [[r.Shadow.MaxResolution:2048]]
[2020.01.02-22.16.34:676][  0]LogConfig: Setting CVar [[r.Shadow.MaxCSMResolution:2048]]
[2020.01.02-22.16.34:676][  0]LogConfig: Setting CVar [[r.Shadow.RadiusThreshold:0.01]]
[2020.01.02-22.16.34:676][  0]LogConfig: Setting CVar [[r.Shadow.DistanceScale:1.0]]
[2020.01.02-22.16.34:676][  0]LogConfig: Setting CVar [[r.Shadow.CSM.TransitionScale:1.0]]
[2020.01.02-22.16.34:676][  0]LogConfig: Setting CVar [[r.Shadow.PreShadowResolutionFactor:1.0]]
[2020.01.02-22.16.34:676][  0]LogConfig: Setting CVar [[r.DistanceFieldShadowing:1]]
[2020.01.02-22.16.34:676][  0]LogConfig: Setting CVar [[r.DistanceFieldAO:1]]
[2020.01.02-22.16.34:676][  0]LogConfig: Setting CVar [[r.AOQuality:2]]
[2020.01.02-22.16.34:676][  0]LogConfig: Setting CVar [[r.VolumetricFog:1]]
[2020.01.02-22.16.34:676][  0]LogConfig: Setting CVar [[r.VolumetricFog.GridPixelSize:8]]
[2020.01.02-22.16.34:676][  0]LogConfig: Setting CVar [[r.VolumetricFog.GridSizeZ:128]]
[2020.01.02-22.16.34:676][  0]LogConfig: Setting CVar [[r.VolumetricFog.HistoryMissSupersampleCount:4]]
[2020.01.02-22.16.34:676][  0]LogConfig: Setting CVar [[r.LightMaxDrawDistanceScale:1]]
[2020.01.02-22.16.34:676][  0]LogConfig: Setting CVar [[r.CapsuleShadows:1]]
[2020.01.02-22.16.34:676][  0]LogConfig: Applying CVar settings from Section [PostProcessQuality@3] File [E:/Unreal_Project/Gladiator/Gladiators/Gladiator/Saved/Config/Windows/Scalability.ini]
[2020.01.02-22.16.34:677][  0]LogConfig: Setting CVar [[r.MotionBlurQuality:4]]
[2020.01.02-22.16.34:677][  0]LogConfig: Setting CVar [[r.AmbientOcclusionMipLevelFactor:0.4]]
[2020.01.02-22.16.34:677][  0]LogConfig: Setting CVar [[r.AmbientOcclusionMaxQuality:100]]
[2020.01.02-22.16.34:677][  0]LogConfig: Setting CVar [[r.AmbientOcclusionLevels:-1]]
[2020.01.02-22.16.34:677][  0]LogConfig: Setting CVar [[r.AmbientOcclusionRadiusScale:1.0]]
[2020.01.02-22.16.34:677][  0]LogConfig: Setting CVar [[r.DepthOfFieldQuality:2]]
[2020.01.02-22.16.34:677][  0]LogConfig: Setting CVar [[r.RenderTargetPoolMin:400]]
[2020.01.02-22.16.34:677][  0]LogConfig: Setting CVar [[r.LensFlareQuality:2]]
[2020.01.02-22.16.34:677][  0]LogConfig: Setting CVar [[r.SceneColorFringeQuality:1]]
[2020.01.02-22.16.34:677][  0]LogConfig: Setting CVar [[r.EyeAdaptationQuality:2]]
[2020.01.02-22.16.34:677][  0]LogConfig: Setting CVar [[r.BloomQuality:5]]
[2020.01.02-22.16.34:677][  0]LogConfig: Setting CVar [[r.FastBlurThreshold:100]]
[2020.01.02-22.16.34:677][  0]LogConfig: Setting CVar [[r.Upscale.Quality:3]]
[2020.01.02-22.16.34:677][  0]LogConfig: Setting CVar [[r.Tonemapper.GrainQuantization:1]]
[2020.01.02-22.16.34:677][  0]LogConfig: Setting CVar [[r.LightShaftQuality:1]]
[2020.01.02-22.16.34:677][  0]LogConfig: Setting CVar [[r.Filter.SizeScale:1]]
[2020.01.02-22.16.34:677][  0]LogConfig: Setting CVar [[r.Tonemapper.Quality:5]]
[2020.01.02-22.16.34:677][  0]LogConfig: Setting CVar [[r.DOF.Gather.AccumulatorQuality:1        ; higher gathering accumulator quality]]
[2020.01.02-22.16.34:677][  0]LogConfig: Setting CVar [[r.DOF.Gather.PostfilterMethod:1          ; Median3x3 postfilering method]]
[2020.01.02-22.16.34:677][  0]LogConfig: Setting CVar [[r.DOF.Gather.EnableBokehSettings:0       ; no bokeh simulation when gathering]]
[2020.01.02-22.16.34:677][  0]LogConfig: Setting CVar [[r.DOF.Gather.RingCount:4                 ; medium number of samples when gathering]]
[2020.01.02-22.16.34:677][  0]LogConfig: Setting CVar [[r.DOF.Scatter.ForegroundCompositing:1    ; additive foreground scattering]]
[2020.01.02-22.16.34:677][  0]LogConfig: Setting CVar [[r.DOF.Scatter.BackgroundCompositing:2    ; additive background scattering]]
[2020.01.02-22.16.34:677][  0]LogConfig: Setting CVar [[r.DOF.Scatter.EnableBokehSettings:1      ; bokeh simulation when scattering]]
[2020.01.02-22.16.34:677][  0]LogConfig: Setting CVar [[r.DOF.Scatter.MaxSpriteRatio:0.1         ; only a maximum of 10% of scattered bokeh]]
[2020.01.02-22.16.34:677][  0]LogConfig: Setting CVar [[r.DOF.Recombine.Quality:1                ; cheap slight out of focus]]
[2020.01.02-22.16.34:677][  0]LogConfig: Setting CVar [[r.DOF.Recombine.EnableBokehSettings:0    ; no bokeh simulation on slight out of focus]]
[2020.01.02-22.16.34:677][  0]LogConfig: Setting CVar [[r.DOF.TemporalAAQuality:1                ; more stable temporal accumulation]]
[2020.01.02-22.16.34:677][  0]LogConfig: Setting CVar [[r.DOF.Kernel.MaxForegroundRadius:0.025]]
[2020.01.02-22.16.34:677][  0]LogConfig: Setting CVar [[r.DOF.Kernel.MaxBackgroundRadius:0.025]]
[2020.01.02-22.16.34:677][  0]LogConfig: Applying CVar settings from Section [TextureQuality@3] File [E:/Unreal_Project/Gladiator/Gladiators/Gladiator/Saved/Config/Windows/Scalability.ini]
[2020.01.02-22.16.34:677][  0]LogConfig: Setting CVar [[r.Streaming.MipBias:0]]
[2020.01.02-22.16.34:677][  0]LogConfig: Setting CVar [[r.Streaming.AmortizeCPUToGPUCopy:0]]
[2020.01.02-22.16.34:677][  0]LogConfig: Setting CVar [[r.Streaming.MaxNumTexturesToStreamPerFrame:0]]
[2020.01.02-22.16.34:677][  0]LogConfig: Setting CVar [[r.Streaming.Boost:1]]
[2020.01.02-22.16.34:677][  0]LogConfig: Setting CVar [[r.MaxAnisotropy:8]]
[2020.01.02-22.16.34:677][  0]LogConfig: Setting CVar [[r.Streaming.LimitPoolSizeToVRAM:0]]
[2020.01.02-22.16.34:677][  0]LogConfig: Setting CVar [[r.Streaming.PoolSize:1000]]
[2020.01.02-22.16.34:677][  0]LogConfig: Setting CVar [[r.Streaming.MaxEffectiveScreenSize:0]]
[2020.01.02-22.16.34:677][  0]LogConfig: Applying CVar settings from Section [EffectsQuality@3] File [E:/Unreal_Project/Gladiator/Gladiators/Gladiator/Saved/Config/Windows/Scalability.ini]
[2020.01.02-22.16.34:677][  0]LogConfig: Setting CVar [[r.TranslucencyLightingVolumeDim:64]]
[2020.01.02-22.16.34:677][  0]LogConfig: Setting CVar [[r.RefractionQuality:2]]
[2020.01.02-22.16.34:677][  0]LogConfig: Setting CVar [[r.SSR.Quality:3]]
[2020.01.02-22.16.34:677][  0]LogConfig: Setting CVar [[r.SceneColorFormat:4]]
[2020.01.02-22.16.34:677][  0]LogConfig: Setting CVar [[r.DetailMode:2]]
[2020.01.02-22.16.34:677][  0]LogConfig: Setting CVar [[r.TranslucencyVolumeBlur:1]]
[2020.01.02-22.16.34:677][  0]LogConfig: Setting CVar [[r.MaterialQualityLevel:1 ; High quality]]
[2020.01.02-22.16.34:677][  0]LogConfig: Setting CVar [[r.SSS.Scale:1]]
[2020.01.02-22.16.34:677][  0]LogConfig: Setting CVar [[r.SSS.SampleSet:2]]
[2020.01.02-22.16.34:677][  0]LogConfig: Setting CVar [[r.SSS.Quality:1]]
[2020.01.02-22.16.34:677][  0]LogConfig: Setting CVar [[r.SSS.HalfRes:1]]
[2020.01.02-22.16.34:677][  0]LogConfig: Setting CVar [[r.EmitterSpawnRateScale:1.0]]
[2020.01.02-22.16.34:677][  0]LogConfig: Setting CVar [[r.ParticleLightQuality:2]]
[2020.01.02-22.16.34:677][  0]LogConfig: Applying CVar settings from Section [FoliageQuality@3] File [E:/Unreal_Project/Gladiator/Gladiators/Gladiator/Saved/Config/Windows/Scalability.ini]
[2020.01.02-22.16.34:677][  0]LogConfig: Setting CVar [[foliage.DensityScale:1.0]]
[2020.01.02-22.16.34:677][  0]LogConfig: Setting CVar [[grass.DensityScale:1.0]]
[2020.01.02-22.16.34:677][  0]LogConfig: Applying CVar settings from Section [Startup] File [../../../Engine/Config/ConsoleVariables.ini]
[2020.01.02-22.16.34:677][  0]LogConfig: Setting CVar [[net.UseAdaptiveNetUpdateFrequency:0]]
[2020.01.02-22.16.34:677][  0]LogConfig: Setting CVar [[p.chaos.AllowCreatePhysxBodies:1]]
[2020.01.02-22.16.34:677][  0]LogConfig: Applying CVar settings from Section [ConsoleVariables] File [E:/Unreal_Project/Gladiator/Gladiators/Gladiator/Saved/Config/Windows/Engine.ini]
[2020.01.02-22.16.34:677][  0]LogInit: Computer: DESKTOP-GDVI54N
[2020.01.02-22.16.34:677][  0]LogInit: User: daveb
[2020.01.02-22.16.34:677][  0]LogInit: CPU Page size=4096, Cores=4
[2020.01.02-22.16.34:677][  0]LogInit: High frequency timer resolution =10.000000 MHz
[2020.01.02-22.16.34:677][  0]LogMemory: Memory total: Physical=16.0GB (16GB approx)
[2020.01.02-22.16.34:677][  0]LogMemory: Platform Memory Stats for Windows
[2020.01.02-22.16.34:677][  0]LogMemory: Process Physical Memory: 101.61 MB used, 101.61 MB peak
[2020.01.02-22.16.34:677][  0]LogMemory: Process Virtual Memory: 103.04 MB used, 103.04 MB peak
[2020.01.02-22.16.34:677][  0]LogMemory: Physical Memory: 7530.94 MB used,  8807.21 MB free, 16338.14 MB total
[2020.01.02-22.16.34:677][  0]LogMemory: Virtual Memory: 4685.22 MB used,  134213040.00 MB free, 134217728.00 MB total
[2020.01.02-22.16.34:680][  0]LogWindows: WindowsPlatformFeatures enabled
[2020.01.02-22.16.34:713][  0]LogInit: Using OS detected language (en-GB).
[2020.01.02-22.16.34:713][  0]LogInit: Using OS detected locale (en-GB).
[2020.01.02-22.16.34:715][  0]LogTextLocalizationManager: No specific localization for 'en-GB' exists, so the 'en' localization will be used.
[2020.01.02-22.16.34:860][  0]LogInit: Setting process to per monitor DPI aware
[2020.01.02-22.16.34:891][  0]LogSlate: New Slate User Created.  User Index 0, Is Virtual User: 0
[2020.01.02-22.16.34:891][  0]LogSlate: Slate User Registered.  User Index 0, Is Virtual User: 0
[2020.01.02-22.16.35:125][  0]LogHMD: Failed to initialize OpenVR with code 110
[2020.01.02-22.16.35:125][  0]LogD3D11RHI: D3D11 adapters:
[2020.01.02-22.16.35:205][  0]LogD3D11RHI:    0. 'NVIDIA GeForce GTX 1050' (Feature Level 11_0)
[2020.01.02-22.16.35:205][  0]LogD3D11RHI:       1977/0/8169 MB DedicatedVideo/DedicatedSystem/SharedSystem, Outputs:2, VendorId:0x10de
[2020.01.02-22.16.35:211][  0]LogD3D11RHI:    1. 'Microsoft Basic Render Driver' (Feature Level 11_0)
[2020.01.02-22.16.35:211][  0]LogD3D11RHI:       0/0/8169 MB DedicatedVideo/DedicatedSystem/SharedSystem, Outputs:0, VendorId:0x1414
[2020.01.02-22.16.35:211][  0]LogD3D11RHI: Chosen D3D11 Adapter: 0
[2020.01.02-22.16.35:223][  0]LogD3D11RHI: Creating new Direct3DDevice
[2020.01.02-22.16.35:223][  0]LogD3D11RHI:     GPU DeviceId: 0x1c81 (for the marketing name, search the web for "GPU Device Id")
[2020.01.02-22.16.35:223][  0]LogWindows: EnumDisplayDevices:
[2020.01.02-22.16.35:224][  0]LogWindows:    0. 'NVIDIA GeForce GTX 1050' (P:1 D:1)
[2020.01.02-22.16.35:224][  0]LogWindows:    1. 'NVIDIA GeForce GTX 1050' (P:0 D:1)
[2020.01.02-22.16.35:225][  0]LogWindows:    2. 'NVIDIA GeForce GTX 1050' (P:0 D:0)
[2020.01.02-22.16.35:225][  0]LogWindows:    3. 'NVIDIA GeForce GTX 1050' (P:0 D:0)
[2020.01.02-22.16.35:225][  0]LogWindows: DebugString: FoundDriverCount:4 
[2020.01.02-22.16.35:225][  0]LogD3D11RHI:     Adapter Name: NVIDIA GeForce GTX 1050
[2020.01.02-22.16.35:226][  0]LogD3D11RHI:   Driver Version: 432.00 (internal:26.21.14.3200, unified:432.00)
[2020.01.02-22.16.35:226][  0]LogD3D11RHI:      Driver Date: 7-24-2019
[2020.01.02-22.16.35:226][  0]LogRHI: Texture pool is 1384 MB (70% of 1977 MB)
[2020.01.02-22.16.35:274][  0]LogD3D11RHI: Async texture creation enabled
[2020.01.02-22.16.35:285][  0]LogD3D11RHI: GPU Timing Frequency: 1000.000000 (Debug: 2 1)
[2020.01.02-22.16.35:684][  0]LogTemp: Display: Module 'AllDesktopTargetPlatform' loaded TargetPlatform 'AllDesktop'
[2020.01.02-22.16.35:692][  0]LogTemp: Display: Module 'MacClientTargetPlatform' loaded TargetPlatform 'MacClient'
[2020.01.02-22.16.35:699][  0]LogTemp: Display: Module 'MacNoEditorTargetPlatform' loaded TargetPlatform 'MacNoEditor'
[2020.01.02-22.16.35:707][  0]LogTemp: Display: Module 'MacServerTargetPlatform' loaded TargetPlatform 'MacServer'
[2020.01.02-22.16.35:715][  0]LogTemp: Display: Module 'MacTargetPlatform' loaded TargetPlatform 'Mac'
[2020.01.02-22.16.35:723][  0]LogTemp: Display: Module 'WindowsClientTargetPlatform' loaded TargetPlatform 'WindowsClient'
[2020.01.02-22.16.35:731][  0]LogTemp: Display: Module 'WindowsNoEditorTargetPlatform' loaded TargetPlatform 'WindowsNoEditor'
[2020.01.02-22.16.35:738][  0]LogTemp: Display: Module 'WindowsServerTargetPlatform' loaded TargetPlatform 'WindowsServer'
[2020.01.02-22.16.35:743][  0]LogTemp: Display: Module 'WindowsTargetPlatform' loaded TargetPlatform 'Windows'
[2020.01.02-22.16.35:768][  0]LogTemp: Display: Module 'AndroidTargetPlatform' loaded TargetPlatform 'Android'
[2020.01.02-22.16.35:768][  0]LogTemp: Display: Module 'AndroidTargetPlatform' loaded TargetPlatform 'Android_ASTC'
[2020.01.02-22.16.35:768][  0]LogTemp: Display: Module 'AndroidTargetPlatform' loaded TargetPlatform 'Android_ATC'
[2020.01.02-22.16.35:768][  0]LogTemp: Display: Module 'AndroidTargetPlatform' loaded TargetPlatform 'Android_DXT'
[2020.01.02-22.16.35:768][  0]LogTemp: Display: Module 'AndroidTargetPlatform' loaded TargetPlatform 'Android_ETC1'
[2020.01.02-22.16.35:768][  0]LogTemp: Display: Module 'AndroidTargetPlatform' loaded TargetPlatform 'Android_ETC1a'
[2020.01.02-22.16.35:768][  0]LogTemp: Display: Module 'AndroidTargetPlatform' loaded TargetPlatform 'Android_ETC2'
[2020.01.02-22.16.35:768][  0]LogTemp: Display: Module 'AndroidTargetPlatform' loaded TargetPlatform 'Android_PVRTC'
[2020.01.02-22.16.35:768][  0]LogTemp: Display: Module 'AndroidTargetPlatform' loaded TargetPlatform 'AndroidClient'
[2020.01.02-22.16.35:768][  0]LogTemp: Display: Module 'AndroidTargetPlatform' loaded TargetPlatform 'Android_ASTCClient'
[2020.01.02-22.16.35:768][  0]LogTemp: Display: Module 'AndroidTargetPlatform' loaded TargetPlatform 'Android_ATCClient'
[2020.01.02-22.16.35:768][  0]LogTemp: Display: Module 'AndroidTargetPlatform' loaded TargetPlatform 'Android_DXTClient'
[2020.01.02-22.16.35:768][  0]LogTemp: Display: Module 'AndroidTargetPlatform' loaded TargetPlatform 'Android_ETC1Client'
[2020.01.02-22.16.35:768][  0]LogTemp: Display: Module 'AndroidTargetPlatform' loaded TargetPlatform 'Android_ETC1aClient'
[2020.01.02-22.16.35:768][  0]LogTemp: Display: Module 'AndroidTargetPlatform' loaded TargetPlatform 'Android_ETC2Client'
[2020.01.02-22.16.35:768][  0]LogTemp: Display: Module 'AndroidTargetPlatform' loaded TargetPlatform 'Android_PVRTCClient'
[2020.01.02-22.16.35:768][  0]LogTemp: Display: Module 'AndroidTargetPlatform' loaded TargetPlatform 'Android_Multi'
[2020.01.02-22.16.35:768][  0]LogTemp: Display: Module 'AndroidTargetPlatform' loaded TargetPlatform 'Android_MultiClient'
[2020.01.02-22.16.35:770][  0]LogTemp: Display: Module 'HTML5TargetPlatform' loaded TargetPlatform 'HTML5'
[2020.01.02-22.16.35:786][  0]LogTemp: Display: Module 'IOSTargetPlatform' loaded TargetPlatform 'IOSClient'
[2020.01.02-22.16.35:786][  0]LogTemp: Display: Module 'IOSTargetPlatform' loaded TargetPlatform 'IOS'
[2020.01.02-22.16.35:798][  0]LogTemp: Display: Module 'TVOSTargetPlatform' loaded TargetPlatform 'TVOSClient'
[2020.01.02-22.16.35:798][  0]LogTemp: Display: Module 'TVOSTargetPlatform' loaded TargetPlatform 'TVOS'
[2020.01.02-22.16.35:804][  0]LogTemp: Display: Module 'LinuxClientTargetPlatform' loaded TargetPlatform 'LinuxClient'
[2020.01.02-22.16.35:810][  0]LogTemp: Display: Module 'LinuxNoEditorTargetPlatform' loaded TargetPlatform 'LinuxNoEditor'
[2020.01.02-22.16.35:816][  0]LogTemp: Display: Module 'LinuxServerTargetPlatform' loaded TargetPlatform 'LinuxServer'
[2020.01.02-22.16.35:823][  0]LogTemp: Display: Module 'LinuxTargetPlatform' loaded TargetPlatform 'Linux'
[2020.01.02-22.16.35:843][  0]LogTemp: Display: Module 'LuminTargetPlatform' loaded TargetPlatform 'Lumin'
[2020.01.02-22.16.35:843][  0]LogTemp: Display: Module 'LuminTargetPlatform' loaded TargetPlatform 'LuminClient'
[2020.01.02-22.16.35:843][  0]LogTargetPlatformManager: Display: Building Assets For Windows
[2020.01.02-22.16.35:853][  0]LogAudioDebug: Display: Lib vorbis DLL was dynamically loaded.
[2020.01.02-22.16.35:906][  0]LogShaderCompilers: Guid format shader working directory is -2 characters bigger than the processId version (E:/Unreal_Project/Gladiator/Gladiators/Gladiator/Intermediate/Shaders/WorkingDirectory/7412/).
[2020.01.02-22.16.35:906][  0]LogShaderCompilers: Cleaned the shader compiler working directory 'C:/Users/daveb/AppData/Local/Temp/UnrealShaderWorkingDir/E00A8B964506AD2D660964ACF203BFCB/'.
[2020.01.02-22.16.35:908][  0]LogXGEController: Cannot use XGE Controller as Incredibuild is not installed on this machine.
[2020.01.02-22.16.35:908][  0]LogShaderCompilers: Cannot use XGE Shader Compiler as Incredibuild is not installed on this machine.
[2020.01.02-22.16.35:908][  0]LogShaderCompilers: Display: Using Local Shader Compiler.
[2020.01.02-22.16.36:398][  0]LogDerivedDataCache: Display: Max Cache Size: 512 MB
[2020.01.02-22.16.36:447][  0]LogDerivedDataCache: Loaded boot cache 0.05s 73MB C:/Users/daveb/AppData/Local/UnrealEngine/4.23/DerivedDataCache/Boot.ddc.
[2020.01.02-22.16.36:447][  0]LogDerivedDataCache: Display: Loaded Boot cache: C:/Users/daveb/AppData/Local/UnrealEngine/4.23/DerivedDataCache/Boot.ddc
[2020.01.02-22.16.36:447][  0]LogDerivedDataCache: FDerivedDataBackendGraph:  Pak pak cache file E:/Unreal_Project/Gladiator/Gladiators/Gladiator/DerivedDataCache/DDC.ddp not found, will not use a pak cache.
[2020.01.02-22.16.36:447][  0]LogDerivedDataCache: Unable to find inner node Pak for hierarchical cache Hierarchy.
[2020.01.02-22.16.36:447][  0]LogDerivedDataCache: FDerivedDataBackendGraph:  CompressedPak pak cache file E:/Unreal_Project/Gladiator/Gladiators/Gladiator/DerivedDataCache/Compressed.ddp not found, will not use a pak cache.
[2020.01.02-22.16.36:447][  0]LogDerivedDataCache: Unable to find inner node CompressedPak for hierarchical cache Hierarchy.
[2020.01.02-22.16.36:456][  0]LogDerivedDataCache: Display: Pak cache opened for reading ../../../Engine/DerivedDataCache/Compressed.ddp.
[2020.01.02-22.16.36:456][  0]LogDerivedDataCache: FDerivedDataBackendGraph:  EnterprisePak pak cache file ../../../Enterprise/DerivedDataCache/Compressed.ddp not found, will not use a pak cache.
[2020.01.02-22.16.36:456][  0]LogDerivedDataCache: Unable to find inner node EnterprisePak for hierarchical cache Hierarchy.
[2020.01.02-22.16.36:457][  0]LogDerivedDataCache: Using Local data cache path C:/Users/daveb/AppData/Local/UnrealEngine/Common/DerivedDataCache: Writable
[2020.01.02-22.16.36:457][  0]LogDerivedDataCache: Shared data cache path not found in *engine.ini, will not use an Shared cache.
[2020.01.02-22.16.36:457][  0]LogDerivedDataCache: Unable to find inner node Shared for hierarchical cache Hierarchy.
[2020.01.02-22.16.36:473][  0]LogMaterial: Verifying Global Shaders for PCD3D_SM5
[2020.01.02-22.16.36:475][  0]LogSlate: Using FreeType 2.6.0
[2020.01.02-22.16.36:476][  0]LogSlate: SlateFontServices - WITH_FREETYPE: 1, WITH_HARFBUZZ: 1
[2020.01.02-22.16.36:537][  0]LogAssetRegistry: FAssetRegistry took 0.0018 seconds to start up
[2020.01.02-22.16.36:750][  0]LogInit: Selected Device Profile: [Windows]
[2020.01.02-22.16.36:870][  0]LogMeshReduction: Using QuadricMeshReduction for automatic static mesh reduction
[2020.01.02-22.16.36:870][  0]LogMeshReduction: Using SimplygonMeshReduction for automatic skeletal mesh reduction
[2020.01.02-22.16.36:870][  0]LogMeshReduction: Using ProxyLODMeshReduction for automatic mesh merging
[2020.01.02-22.16.36:870][  0]LogMeshReduction: No distributed automatic mesh merging module available
[2020.01.02-22.16.36:870][  0]LogMeshMerging: No distributed automatic mesh merging module available
[2020.01.02-22.16.36:878][  0]LogNetVersion: Gladiator 1.0.0, NetCL: 8386587, EngineNetVer: 11, GameNetVer: 0 (Checksum: 3699715427)
[2020.01.02-22.16.37:287][  0]LogPackageLocalizationCache: Processed 12 localized package path(s) for 1 prioritized culture(s) in 0.109641 seconds
[2020.01.02-22.16.37:294][  0]LogUObjectArray: 43444 objects as part of root set at end of initial load.
[2020.01.02-22.16.37:294][  0]LogUObjectAllocator: 7548648 out of 0 bytes used by permanent object pool.
[2020.01.02-22.16.37:294][  0]LogUObjectArray: CloseDisregardForGC: 0/0 objects in disregard for GC pool
[2020.01.02-22.16.38:171][  0]LogTcpMessaging: Initializing TcpMessaging bridge
[2020.01.02-22.16.38:173][  0]LogUdpMessaging: Initializing bridge on interface 0.0.0.0:0 to multicast group 230.0.0.1:6666.
[2020.01.02-22.16.38:229][  0]SourceControl: Source control is disabled
[2020.01.02-22.16.38:229][  0]SourceControl: Source control is disabled
[2020.01.02-22.16.38:231][  0]SourceControl: Source control is disabled
[2020.01.02-22.16.38:232][  0]SourceControl: Source control is disabled
[2020.01.02-22.16.38:320][  0]LogAndroidPermission: UAndroidPermissionCallbackProxy::GetInstance
[2020.01.02-22.16.38:450][  0]LogOcInput: OculusInput pre-init called
[2020.01.02-22.16.38:457][  0]LogWindows: Failed to load 'OVRPlugin.dll' (GetLastError=126)
[2020.01.02-22.16.38:457][  0]LogWindows: File 'OVRPlugin.dll' does not exist
[2020.01.02-22.16.38:510][  0]LogEngine: Initializing Engine...
[2020.01.02-22.16.38:511][  0]LogHMD: Failed to initialize OpenVR with code 110
[2020.01.02-22.16.38:512][  0]LogStats: UGameplayTagsManager::InitializeManager -  0.000 s
[2020.01.02-22.16.38:695][  0]LogInit: Initializing FReadOnlyCVARCache
[2020.01.02-22.16.38:708][  0]LogAIModule: Creating AISystem for world Untitled
[2020.01.02-22.16.38:770][  0]LogInit: XAudio2 using 'Realtek HD Audio 2nd output (Realtek High Definition Audio)' : 2 channels at 48 kHz using 32 bits per sample (channel mask 0x3)
[2020.01.02-22.16.38:788][  0]LogInit: FAudioDevice initialized.
[2020.01.02-22.16.38:788][  0]LogNetVersion: Set ProjectVersion to 1.0.0.0. Version Checksum will be recalculated on next use.
[2020.01.02-22.16.38:900][  0]LogDerivedDataCache: Saved boot cache 0.11s 73MB C:/Users/daveb/AppData/Local/UnrealEngine/4.23/DerivedDataCache/Boot.ddc.
[2020.01.02-22.16.38:917][  0]LogInit: Texture streaming: Enabled
[2020.01.02-22.16.38:956][  0]LogEngineSessionManager: EngineSessionManager initialized
[2020.01.02-22.16.39:028][  0]LogInit: Transaction tracking system initialized
[2020.01.02-22.16.39:062][  0]BlueprintLog: New page: Editor Load
[2020.01.02-22.16.39:139][  0]LocalizationService: Localization service is disabled
[2020.01.02-22.16.39:348][  0]LogFileCache: Scanning file cache for directory 'E:/Unreal_Project/Gladiator/Gladiators/Gladiator/Content/' took 0.00s
[2020.01.02-22.16.39:348][  0]LogCook: Display: Max memory allowance for cook 16384mb min free memory 0mb
[2020.01.02-22.16.39:348][  0]LogCook: Display: Mobile HDR setting 1
[2020.01.02-22.16.39:527][  0]SourceControl: Source control is disabled
[2020.01.02-22.16.39:528][  0]Cmd: MAP LOAD FILE="E:/Unreal_Project/Gladiator/Gladiators/Gladiator/Content/Maps/Gladiator.umap" TEMPLATE=0 SHOWPROGRESS=1 FEATURELEVEL=3
[2020.01.02-22.16.39:528][  0]LightingResults: New page: Lighting Build
[2020.01.02-22.16.39:530][  0]LogWorld: UWorld::CleanupWorld for Untitled, bSessionEnded=true, bCleanupResources=true
[2020.01.02-22.16.39:531][  0]MapCheck: New page: Map Check
[2020.01.02-22.16.39:531][  0]LightingResults: New page: Lighting Build
[2020.01.02-22.16.39:551][  0]LogUObjectHash: Compacting FUObjectHashTables data took   1.26ms
[2020.01.02-22.16.40:014][  0]LogAIModule: Creating AISystem for world Gladiator
[2020.01.02-22.16.40:027][  0]LogEditorServer: Finished looking for orphan Actors (0.000 secs)
[2020.01.02-22.16.40:050][  0]LogUObjectHash: Compacting FUObjectHashTables data took   1.73ms
[2020.01.02-22.16.40:050][  0]Cmd: MAP CHECKDEP NOCLEARLOG
[2020.01.02-22.16.40:050][  0]MapCheck: Map check complete: 0 Error(s), 0 Warning(s), took 0.074ms to complete.
[2020.01.02-22.16.40:050][  0]LogFileHelpers: Loading map 'Gladiator' took 0.523
[2020.01.02-22.16.40:221][  0]LogSlate: Updating window title bar state: overlay mode, drag disabled, window buttons hidden, title bar hidden
[2020.01.02-22.16.40:226][  0]LogSlate: Updating window title bar state: overlay mode, drag disabled, window buttons hidden, title bar hidden
[2020.01.02-22.16.40:232][  0]LogSlate: Updating window title bar state: overlay mode, drag disabled, window buttons hidden, title bar hidden
[2020.01.02-22.16.40:237][  0]LogSlate: Updating window title bar state: overlay mode, drag disabled, window buttons hidden, title bar hidden
[2020.01.02-22.16.40:246][  0]LogCollectionManager: Loaded 0 collections in 0.002789 seconds
[2020.01.02-22.16.40:253][  0]LogFileCache: Scanning file cache for directory 'E:/Unreal_Project/Gladiator/Gladiators/Gladiator/Saved/Collections/' took 0.00s
[2020.01.02-22.16.40:253][  0]LogFileCache: Scanning file cache for directory 'E:/Unreal_Project/Gladiator/Gladiators/Gladiator/Content/Developers/daveb/Collections/' took 0.00s
[2020.01.02-22.16.40:253][  0]LogFileCache: Scanning file cache for directory 'E:/Unreal_Project/Gladiator/Gladiators/Gladiator/Content/Collections/' took 0.00s
[2020.01.02-22.16.40:253][  0]LogCollectionManager: Rebuilt the GUID cache for 0 collections in 0.000002 seconds
[2020.01.02-22.16.40:260][  0]LogContentBrowser: Native class hierarchy populated in 0.0069 seconds. Added 2866 classes and 682 folders.
[2020.01.02-22.16.40:266][  0]LogContentBrowser: Native class hierarchy updated for 'WidgetCarousel' in 0.0003 seconds. Added 0 classes and 0 folders.
[2020.01.02-22.16.40:359][  0]LogContentBrowser: Native class hierarchy updated for 'AddContentDialog' in 0.0006 seconds. Added 0 classes and 0 folders.
[2020.01.02-22.16.40:366][  0]LogContentBrowser: Native class hierarchy updated for 'SceneOutliner' in 0.0003 seconds. Added 1 classes and 2 folders.
[2020.01.02-22.16.40:377][  0]LogSlate: Took 0.000587 seconds to synchronously load lazily loaded font '../../../Engine/Content/Slate/Fonts/Roboto-Regular.ttf' (155K)
[2020.01.02-22.16.40:380][  0]LogSlate: Took 0.000458 seconds to synchronously load lazily loaded font '../../../Engine/Content/Slate/Fonts/Roboto-Bold.ttf' (160K)
[2020.01.02-22.16.40:386][  0]LogSlate: Took 0.000331 seconds to synchronously load lazily loaded font '../../../Engine/Content/Editor/Slate/Fonts/FontAwesome.ttf' (139K)
[2020.01.02-22.16.40:436][  0]LogRenderer: Reallocating scene render targets to support 1128x572 Format 10 NumSamples 1 (Frame:1).
[2020.01.02-22.16.40:527][  0]LogContentBrowser: Native class hierarchy updated for 'HierarchicalLODOutliner' in 0.0004 seconds. Added 0 classes and 0 folders.
[2020.01.02-22.16.40:527][  0]LogLoad: (Engine Initialization) Total time: 8.50 seconds
[2020.01.02-22.16.40:527][  0]LogLoad: (Engine Initialization) Total Blueprint compile time: 0.00 seconds
[2020.01.02-22.16.40:581][  0]LogContentStreaming: Texture pool size now 1000 MB
[2020.01.02-22.16.40:602][  0]LogSlate: Took 0.000201 seconds to synchronously load lazily loaded font '../../../Engine/Content/Slate/Fonts/Roboto-Light.ttf' (167K)
[2020.01.02-22.16.40:619][  1]LogAssetRegistry: Asset discovery search completed in 4.0827 seconds
[2020.01.02-22.16.40:621][  1]LogCollectionManager: Rebuilt the object cache for 0 collections in 0.000003 seconds (found 0 objects)
[2020.01.02-22.16.40:621][  1]LogCollectionManager: Fixed up redirectors for 0 collections in 0.000035 seconds (updated 0 objects)
[2020.01.02-22.16.47:013][658]LogSlate: FSceneViewport::OnFocusLost() reason 2
[2020.01.02-22.16.47:963][772]LogSlate: FSceneViewport::OnFocusLost() reason 5
[2020.01.02-22.16.50:508][772]LogSlate: Only BGRA pngs, bmps or icos are supported in by External Image Picker
[2020.01.02-22.17.30:221][353]LogSlate: Took 0.000203 seconds to synchronously load lazily loaded font '../../../Engine/Content/Slate/Fonts/Roboto-Light.ttf' (167K)
[2020.01.02-22.17.45:577][ 45]LogSlate: Window 'Project Settings' being destroyed
[2020.01.02-22.17.45:583][ 45]LogSlate: Window 'Project Settings' being destroyed
[2020.01.02-22.17.47:661][281]LogSlate: FSceneViewport::OnFocusLost() reason 0
[2020.01.02-22.17.47:744][289]Cmd: OBJ SAVEPACKAGE PACKAGE="/Game/Maps/Gladiator" FILE="E:/Unreal_Project/Gladiator/Gladiators/Gladiator/Content/Maps/Gladiator.umap" SILENT=true AUTOSAVING=false KEEPDIRTY=false
[2020.01.02-22.17.47:769][289]LogUObjectHash: Compacting FUObjectHashTables data took   1.77ms
[2020.01.02-22.17.48:372][289]LogSavePackage: Moving 'E:/Unreal_Project/Gladiator/Gladiators/Gladiator/Saved/Gladiator93E5B8B34F142F7D93D1669A2F36314D.tmp' to 'E:/Unreal_Project/Gladiator/Gladiators/Gladiator/Content/Maps/Gladiator.umap'
[2020.01.02-22.17.48:436][289]Cmd: OBJ SAVEPACKAGE PACKAGE="/Game/Maps/Gladiator_BuiltData" FILE="E:/Unreal_Project/Gladiator/Gladiators/Gladiator/Content/Maps/Gladiator_BuiltData.uasset" SILENT=true
[2020.01.02-22.17.48:737][289]LogSavePackage: Moving 'E:/Unreal_Project/Gladiator/Gladiators/Gladiator/Saved/Gladiator_BuiltData30CD80BC47ABEF47E6732182B31DE5F5.tmp' to 'E:/Unreal_Project/Gladiator/Gladiators/Gladiator/Content/Maps/Gladiator_BuiltData.uasset'
[2020.01.02-22.17.54:335][706]LogUObjectHash: Compacting FUObjectHashTables data took   1.51ms
[2020.01.02-22.19.01:920][709]UATHelper: Packaging (Windows (32-bit)): Running AutomationTool...
[2020.01.02-22.19.02:168][739]UATHelper: Packaging (Windows (32-bit)): Parsing command line: -ScriptsForProject=E:/Unreal_Project/Gladiator/Gladiators/Gladiator/Gladiator.uproject BuildCookRun -nocompile -nocompileeditor -installed -nop4 -project=E:/Unreal_Project/Gladiator/Gladiators/Gladiator/Gladiator.uproject -cook -stage -archive -archivedirectory=E:/Unreal_Project/Gladiator/Gladiators/Gladiator/Build -package -clientconfig=Development -ue4exe="C:\Program Files\Epic Games\UE_4.23\Engine\Binaries\Win64\UE4Editor-Cmd.exe" -pak -prereqs -nodebuginfo -targetplatform=Win32 -build -utf8output
[2020.01.02-22.19.03:055][841]UATHelper: Packaging (Windows (32-bit)): Setting up ProjectParams for E:\Unreal_Project\Gladiator\Gladiators\Gladiator\Gladiator.uproject
[2020.01.02-22.19.05:805][171]UATHelper: Packaging (Windows (32-bit)): ********** BUILD COMMAND STARTED **********
[2020.01.02-22.19.05:830][174]UATHelper: Packaging (Windows (32-bit)): Running: C:\Program Files\Epic Games\UE_4.23\Engine\Binaries\DotNET\UnrealBuildTool.exe Gladiator Win32 Development -Project=E:\Unreal_Project\Gladiator\Gladiators\Gladiator\Gladiator.uproject  E:\Unreal_Project\Gladiator\Gladiators\Gladiator\Gladiator.uproject -NoUBTMakefiles  -remoteini="E:\Unreal_Project\Gladiator\Gladiators\Gladiator" -skipdeploy -Manifest=E:\Unreal_Project\Gladiator\Gladiators\Gladiator\Intermediate\Build\Manifest.xml -NoHotReload -log="C:\Users\daveb\AppData\Roaming\Unreal Engine\AutomationTool\Logs\C+Program+Files+Epic+Games+UE_4.23\UBT-Gladiator-Win32-Development.txt"
[2020.01.02-22.19.06:514][256]UATHelper: Packaging (Windows (32-bit)):   Using 'git status' to determine working set for adaptive non-unity build (E:\Unreal_Project\Gladiator\Gladiators).
[2020.01.02-22.19.08:749][524]UATHelper: Packaging (Windows (32-bit)):   Parsing headers for Gladiator
[2020.01.02-22.19.08:814][532]UATHelper: Packaging (Windows (32-bit)):     Running UnrealHeaderTool "E:\Unreal_Project\Gladiator\Gladiators\Gladiator\Gladiator.uproject" "E:\Unreal_Project\Gladiator\Gladiators\Gladiator\Intermediate\Build\Win32\Gladiator\Development\Gladiator.uhtmanifest" -LogCmds="loginit warning, logexit warning, logdatabase error" -Unattended -WarningsAsErrors -installed
[2020.01.02-22.19.32:602][386]UATHelper: Packaging (Windows (32-bit)):   E:/Unreal_Project/Gladiator/Gladiators/Gladiator/Source/Gladiator/MutantSpawner.h(17) : LogCompile: Error: Unknown variable specifier 'EditDefualtsOnly'
[2020.01.02-22.19.32:603][386]UATHelper: Packaging (Windows (32-bit)):   E:/Unreal_Project/Gladiator/Gladiators/Gladiator/Source/Gladiator/MutantSpawner.h(18) : LogCompile: Error: Property has a Category set but is not exposed to the editor or Blueprints with EditAnywhere, BlueprintReadWrite, VisibleAnywhere, BlueprintReadOnly, BlueprintAssignable, BlueprintCallable keywords.
[2020.01.02-22.19.32:603][386]PackagingResults: Error: Unknown variable specifier 'EditDefualtsOnly'
[2020.01.02-22.19.32:603][386]PackagingResults: Error: Property has a Category set but is not exposed to the editor or Blueprints with EditAnywhere, BlueprintReadWrite, VisibleAnywhere, BlueprintReadOnly, BlueprintAssignable, BlueprintCallable keywords.
[2020.01.02-22.19.33:103][446]UATHelper: Packaging (Windows (32-bit)): Took 27.2789891s to run UnrealBuildTool.exe, ExitCode=5
[2020.01.02-22.19.33:103][446]UATHelper: Packaging (Windows (32-bit)): UnrealBuildTool failed. See log for more details. (C:\Users\daveb\AppData\Roaming\Unreal Engine\AutomationTool\Logs\C+Program+Files+Epic+Games+UE_4.23\UBT-Gladiator-Win32-Development.txt)
[2020.01.02-22.19.33:193][457]UATHelper: Packaging (Windows (32-bit)): AutomationTool exiting with ExitCode=5 (5)
[2020.01.02-22.19.33:210][459]UATHelper: Packaging (Windows (32-bit)): BUILD FAILED
[2020.01.02-22.19.33:242][463]PackagingResults: Error: Unknown Error
[2020.01.02-22.19.43:883][721]LogSlate: Took 0.089773 seconds to synchronously load lazily loaded font '../../../Engine/Content/Slate/Fonts/DroidSansMono.ttf' (77K)
[2020.01.02-22.19.51:468][618]LogSlate: Window 'Output Log' being destroyed
[2020.01.02-22.19.51:471][618]LogSlate: Window 'Output Log' being destroyed
[2020.01.02-22.20.19:122][ 52]Cmd: OBJ SAVEPACKAGE PACKAGE="/Game/Maps/Gladiator" FILE="E:/Unreal_Project/Gladiator/Gladiators/Gladiator/Content/Maps/Gladiator.umap" SILENT=true AUTOSAVING=false KEEPDIRTY=false
[2020.01.02-22.20.19:143][ 52]LogUObjectHash: Compacting FUObjectHashTables data took   0.61ms
[2020.01.02-22.20.19:255][ 52]LogSavePackage: Moving 'E:/Unreal_Project/Gladiator/Gladiators/Gladiator/Saved/GladiatorBC62D614435FFECB4C174D9D348BEBAC.tmp' to 'E:/Unreal_Project/Gladiator/Gladiators/Gladiator/Content/Maps/Gladiator.umap'
[2020.01.02-22.20.19:346][ 52]Cmd: OBJ SAVEPACKAGE PACKAGE="/Game/Maps/Gladiator_BuiltData" FILE="E:/Unreal_Project/Gladiator/Gladiators/Gladiator/Content/Maps/Gladiator_BuiltData.uasset" SILENT=true
[2020.01.02-22.20.19:603][ 52]LogSavePackage: Moving 'E:/Unreal_Project/Gladiator/Gladiators/Gladiator/Saved/Gladiator_BuiltData78A49D21427EBF16C1A44398CDACC6D0.tmp' to 'E:/Unreal_Project/Gladiator/Gladiators/Gladiator/Content/Maps/Gladiator_BuiltData.uasset'
[2020.01.02-22.20.25:060][676]LogUObjectHash: Compacting FUObjectHashTables data took   1.51ms
[2020.01.02-22.20.27:025][683]UATHelper: Packaging (Windows (32-bit)): Running AutomationTool...
[2020.01.02-22.20.27:117][694]UATHelper: Packaging (Windows (32-bit)): Parsing command line: -ScriptsForProject=E:/Unreal_Project/Gladiator/Gladiators/Gladiator/Gladiator.uproject BuildCookRun -nocompile -nocompileeditor -installed -nop4 -project=E:/Unreal_Project/Gladiator/Gladiators/Gladiator/Gladiator.uproject -cook -stage -archive -archivedirectory=E:/Unreal_Project/Gladiator/Gladiators/Gladiator/Build -package -clientconfig=Development -ue4exe="C:\Program Files\Epic Games\UE_4.23\Engine\Binaries\Win64\UE4Editor-Cmd.exe" -pak -prereqs -nodebuginfo -targetplatform=Win32 -build -utf8output
[2020.01.02-22.20.27:408][729]UATHelper: Packaging (Windows (32-bit)): Setting up ProjectParams for E:\Unreal_Project\Gladiator\Gladiators\Gladiator\Gladiator.uproject
[2020.01.02-22.20.28:010][801]UATHelper: Packaging (Windows (32-bit)): ********** BUILD COMMAND STARTED **********
[2020.01.02-22.20.28:026][803]UATHelper: Packaging (Windows (32-bit)): Running: C:\Program Files\Epic Games\UE_4.23\Engine\Binaries\DotNET\UnrealBuildTool.exe Gladiator Win32 Development -Project=E:\Unreal_Project\Gladiator\Gladiators\Gladiator\Gladiator.uproject  E:\Unreal_Project\Gladiator\Gladiators\Gladiator\Gladiator.uproject -NoUBTMakefiles  -remoteini="E:\Unreal_Project\Gladiator\Gladiators\Gladiator" -skipdeploy -Manifest=E:\Unreal_Project\Gladiator\Gladiators\Gladiator\Intermediate\Build\Manifest.xml -NoHotReload -log="C:\Users\daveb\AppData\Roaming\Unreal Engine\AutomationTool\Logs\C+Program+Files+Epic+Games+UE_4.23\UBT-Gladiator-Win32-Development.txt"
[2020.01.02-22.20.28:670][880]UATHelper: Packaging (Windows (32-bit)):   Using 'git status' to determine working set for adaptive non-unity build (E:\Unreal_Project\Gladiator\Gladiators).
[2020.01.02-22.20.29:586][990]UATHelper: Packaging (Windows (32-bit)):   Parsing headers for Gladiator
[2020.01.02-22.20.29:620][994]UATHelper: Packaging (Windows (32-bit)):     Running UnrealHeaderTool "E:\Unreal_Project\Gladiator\Gladiators\Gladiator\Gladiator.uproject" "E:\Unreal_Project\Gladiator\Gladiators\Gladiator\Intermediate\Build\Win32\Gladiator\Development\Gladiator.uhtmanifest" -LogCmds="loginit warning, logexit warning, logdatabase error" -Unattended -WarningsAsErrors -installed
[2020.01.02-22.20.36:014][761]UATHelper: Packaging (Windows (32-bit)):   Reflection code generated for Gladiator in 6.3912992 seconds
[2020.01.02-22.20.37:344][921]UATHelper: Packaging (Windows (32-bit)):   E:\Unreal_Project\Gladiator\Gladiators\Gladiator\Source\Gladiator\GladiatorGameModeBase.cpp(1): error: Expected GladiatorGameModeBase.h to be first header included.
[2020.01.02-22.20.37:344][921]UATHelper: Packaging (Windows (32-bit)):   E:\Unreal_Project\Gladiator\Gladiators\Gladiator\Source\Gladiator\Player_Controller.cpp(1): error: Expected Player_Controller.h to be first header included.
[2020.01.02-22.20.37:344][921]PackagingResults: Error: Expected GladiatorGameModeBase.h to be first header included.
[2020.01.02-22.20.37:344][921]PackagingResults: Error: Expected Player_Controller.h to be first header included.
[2020.01.02-22.20.37:412][929]UATHelper: Packaging (Windows (32-bit)):   Writing manifest to E:\Unreal_Project\Gladiator\Gladiators\Gladiator\Intermediate\Build\Manifest.xml
[2020.01.02-22.20.37:620][954]UATHelper: Packaging (Windows (32-bit)):   Using Visual Studio 2019 14.23.28105 toolchain (C:\Program Files (x86)\Microsoft Visual Studio\2019\Community\VC\Tools\MSVC\14.23.28105) and Windows 10.0.17763.0 SDK (C:\Program Files (x86)\Windows Kits\10).
[2020.01.02-22.20.37:653][958]UATHelper: Packaging (Windows (32-bit)):   Building 10 actions with 8 processes...
[2020.01.02-22.20.40:875][266]UATHelper: Packaging (Windows (32-bit)):     [1/10] Default.rc2
[2020.01.02-22.21.57:062][494]UATHelper: Packaging (Windows (32-bit)):     [2/10] SharedPCH.Engine.cpp
[2020.01.02-22.21.57:729][496]UATHelper: Packaging (Windows (32-bit)):     [3/10] Gladiator.init.gen.cpp
[2020.01.02-22.21.57:729][496]UATHelper: Packaging (Windows (32-bit)):     [4/10] Gladiator.cpp
[2020.01.02-22.21.58:063][497]UATHelper: Packaging (Windows (32-bit)):     [5/10] GladiatorGameModeBase.gen.cpp
[2020.01.02-22.21.58:395][498]UATHelper: Packaging (Windows (32-bit)):     [6/10] Player_Controller.gen.cpp
