Log file open, 10/27/19 21:37:39
LogWindows: Failed to load 'aqProf.dll' (GetLastError=126)
LogWindows: File 'aqProf.dll' does not exist
LogWindows: Failed to load 'VtuneApi.dll' (GetLastError=126)
LogWindows: File 'VtuneApi.dll' does not exist
LogWindows: Failed to load 'VtuneApi32e.dll' (GetLastError=126)
LogWindows: File 'VtuneApi32e.dll' does not exist
LogConsoleResponse: Display: Failed to find resolution value strings in scalability ini. Falling back to default.
LogInit: Display: Running engine for game: Gladiator
LogPlatformFile: Not using cached read wrapper
LogTaskGraph: Started task graph with 5 named threads and 23 total threads with 3 sets of task threads.
LogStats: Stats thread started at 0.058454
LogD3D11RHI: Loaded GFSDK_Aftermath_Lib.x64.dll
LogICUInternationalization: ICU TimeZone Detection - Raw Offset: +0:00, Platform Override: ''
LogPluginManager: Mounting plugin Paper2D
LogPluginManager: Mounting plugin AISupport
LogPluginManager: Mounting plugin LightPropagationVolume
LogPluginManager: Mounting plugin ActorLayerUtilities
LogPluginManager: Mounting plugin AnimationSharing
LogPluginManager: Mounting plugin CLionSourceCodeAccess
LogPluginManager: Mounting plugin CodeLiteSourceCodeAccess
LogPluginManager: Mounting plugin GitSourceControl
LogPluginManager: Mounting plugin KDevelopSourceCodeAccess
LogPluginManager: Mounting plugin NullSourceCodeAccess
LogPluginManager: Mounting plugin PerforceSourceControl
LogPluginManager: Mounting plugin SubversionSourceControl
LogPluginManager: Mounting plugin UObjectPlugin
LogPluginManager: Mounting plugin VisualStudioCodeSourceCodeAccess
LogPluginManager: Mounting plugin VisualStudioSourceCodeAccess
LogPluginManager: Mounting plugin XCodeSourceCodeAccess
LogPluginManager: Mounting plugin AssetManagerEditor
LogPluginManager: Mounting plugin CryptoKeys
LogPluginManager: Mounting plugin CurveEditorTools
LogPluginManager: Mounting plugin DataValidation
LogPluginManager: Mounting plugin FacialAnimation
LogPluginManager: Mounting plugin GameplayTagsEditor
LogPluginManager: Mounting plugin MacGraphicsSwitching
LogPluginManager: Mounting plugin MaterialAnalyzer
LogPluginManager: Mounting plugin MobileLauncherProfileWizard
LogPluginManager: Mounting plugin PluginBrowser
LogPluginManager: Mounting plugin SpeedTreeImporter
LogPluginManager: Mounting plugin DatasmithContent
LogPluginManager: Mounting plugin VariantManagerContent
LogPluginManager: Mounting plugin AlembicImporter
LogPluginManager: Mounting plugin AutomationUtils
LogPluginManager: Mounting plugin BackChannel
LogPluginManager: Mounting plugin CharacterAI
LogPluginManager: Mounting plugin GeometryCache
LogPluginManager: Mounting plugin HTML5Networking
LogPluginManager: Mounting plugin PlatformCrypto
LogPluginManager: Mounting plugin ProxyLODPlugin
LogPluginManager: Mounting plugin SkeletalReduction
LogPluginManager: Mounting plugin MagicLeap
LogPluginManager: Mounting plugin MagicLeapMedia
LogPluginManager: Mounting plugin AndroidMedia
LogPluginManager: Mounting plugin AvfMedia
LogPluginManager: Mounting plugin ImgMedia
LogPluginManager: Mounting plugin MediaCompositing
LogPluginManager: Mounting plugin MediaPlayerEditor
LogPluginManager: Mounting plugin WebMMedia
LogPluginManager: Mounting plugin WmfMedia
LogPluginManager: Mounting plugin TcpMessaging
LogPluginManager: Mounting plugin UdpMessaging
LogPluginManager: Mounting plugin ActorSequence
LogPluginManager: Mounting plugin LevelSequenceEditor
LogPluginManager: Mounting plugin MatineeToLevelSequence
LogPluginManager: Mounting plugin NetcodeUnitTest
LogPluginManager: Mounting plugin NUTUnrealEngine4
LogPluginManager: Mounting plugin OnlineSubsystemGooglePlay
LogPluginManager: Mounting plugin OnlineSubsystemIOS
LogPluginManager: Mounting plugin OnlineSubsystem
LogPluginManager: Mounting plugin OnlineSubsystemNull
LogPluginManager: Mounting plugin OnlineSubsystemUtils
LogPluginManager: Mounting plugin LauncherChunkInstaller
LogPluginManager: Mounting plugin AndroidDeviceProfileSelector
LogPluginManager: Mounting plugin AndroidMoviePlayer
LogPluginManager: Mounting plugin AndroidPermission
LogPluginManager: Mounting plugin AppleImageUtils
LogPluginManager: Mounting plugin AppleMoviePlayer
LogPluginManager: Mounting plugin ArchVisCharacter
LogPluginManager: Mounting plugin AudioCapture
LogPluginManager: Mounting plugin CableComponent
LogPluginManager: Mounting plugin CustomMeshComponent
LogPluginManager: Mounting plugin EditableMesh
LogPluginManager: Mounting plugin ExampleDeviceProfileSelector
LogPluginManager: Mounting plugin GoogleCloudMessaging
LogPluginManager: Mounting plugin IOSDeviceProfileSelector
LogPluginManager: Mounting plugin LinuxDeviceProfileSelector
LogPluginManager: Mounting plugin LocationServicesBPLibrary
LogPluginManager: Mounting plugin MobilePatchingUtils
LogPluginManager: Mounting plugin OculusVR
LogPluginManager: Mounting plugin PhysXVehicles
LogPluginManager: Mounting plugin ProceduralMeshComponent
LogPluginManager: Mounting plugin RuntimePhysXCooking
LogPluginManager: Mounting plugin SignificanceManager
LogPluginManager: Mounting plugin SteamVR
LogPluginManager: Mounting plugin WebMMoviePlayer
LogPluginManager: Mounting plugin WindowsMoviePlayer
LogPluginManager: Mounting plugin ScreenshotTools
LogInit: Using libcurl 7.55.1-DEV
LogInit:  - built for x86_64-pc-win32
LogInit:  - supports SSL with OpenSSL/1.1.1
LogInit:  - supports HTTP deflate (compression) using libz 1.2.8
LogInit:  - other features:
LogInit:      CURL_VERSION_SSL
LogInit:      CURL_VERSION_LIBZ
LogInit:      CURL_VERSION_IPV6
LogInit:      CURL_VERSION_ASYNCHDNS
LogInit:      CURL_VERSION_LARGEFILE
LogInit:      CURL_VERSION_IDN
LogInit:  CurlRequestOptions (configurable via config and command line):
LogInit:  - bVerifyPeer = true  - Libcurl will verify peer certificate
LogInit:  - bUseHttpProxy = false  - Libcurl will NOT use HTTP proxy
LogInit:  - bDontReuseConnections = false  - Libcurl will reuse connections
LogInit:  - MaxHostConnections = 16  - Libcurl will limit the number of connections to a host
LogInit:  - LocalHostAddr = Default
LogInit:  - BufferSize = 65536
LogOnline: OSS: Creating online subsystem instance for: NULL
LogInit: WinSock: version 1.1 (2.2), MaxSocks=32767, MaxUdp=65467
LogInit: Build: ++UE4+Release-4.23-CL-8386587
LogInit: Engine Version: 4.23.0-8386587+++UE4+Release-4.23
LogInit: Compatible Engine Version: 4.23.0-8386587+++UE4+Release-4.23
LogInit: Net CL: 8386587
LogInit: OS: Windows 10 (Release 1809) (), CPU: Intel(R) Core(TM) i7-7700K CPU @ 4.20GHz, GPU: NVIDIA GeForce GTX 1050
LogInit: Compiled (64-bit): Aug 31 2019 02:04:44
LogInit: Compiled with Visual C++: 19.16.27030.01
LogInit: Build Configuration: Development
LogInit: Branch Name: ++UE4+Release-4.23
LogInit: Command Line: 
LogInit: Base Directory: C:/Program Files/Epic Games/UE_4.23/Engine/Binaries/Win64/
LogInit: Installed Engine Build: 1
LogDevObjectVersion: Number of dev versions registered: 23
LogDevObjectVersion:   Dev-Blueprints (B0D832E4-1F89-4F0D-ACCF-7EB736FD4AA2): 10
LogDevObjectVersion:   Dev-Build (E1C64328-A22C-4D53-A36C-8E866417BD8C): 0
LogDevObjectVersion:   Dev-Core (375EC13C-06E4-48FB-B500-84F0262A717E): 3
LogDevObjectVersion:   Dev-Editor (E4B068ED-F494-42E9-A231-DA0B2E46BB41): 34
LogDevObjectVersion:   Dev-Framework (CFFC743F-43B0-4480-9391-14DF171D2073): 35
LogDevObjectVersion:   Dev-Mobile (B02B49B5-BB20-44E9-A304-32B752E40360): 2
LogDevObjectVersion:   Dev-Networking (A4E4105C-59A1-49B5-A7C5-40C4547EDFEE): 0
LogDevObjectVersion:   Dev-Online (39C831C9-5AE6-47DC-9A44-9C173E1C8E7C): 0
LogDevObjectVersion:   Dev-Physics (78F01B33-EBEA-4F98-B9B4-84EACCB95AA2): 0
LogDevObjectVersion:   Dev-Platform (6631380F-2D4D-43E0-8009-CF276956A95A): 0
LogDevObjectVersion:   Dev-Rendering (12F88B9F-8875-4AFC-A67C-D90C383ABD29): 31
LogDevObjectVersion:   Dev-Sequencer (7B5AE74C-D270-4C10-A958-57980B212A5A): 11
LogDevObjectVersion:   Dev-VR (D7296918-1DD6-4BDD-9DE2-64A83CC13884): 2
LogDevObjectVersion:   Dev-LoadTimes (C2A15278-BFE7-4AFE-6C17-90FF531DF755): 1
LogDevObjectVersion:   Private-Geometry (6EACA3D4-40EC-4CC1-B786-8BED09428FC5): 3
LogDevObjectVersion:   Dev-AnimPhys (29E575DD-E0A3-4627-9D10-D276232CDCEA): 17
LogDevObjectVersion:   Dev-Anim (AF43A65D-7FD3-4947-9873-3E8ED9C1BB05): 2
LogDevObjectVersion:   Dev-ReflectionCapture (6B266CEC-1EC7-4B8F-A30B-E4D90942FC07): 1
LogDevObjectVersion:   Dev-Automation (0DF73D61-A23F-47EA-B727-89E90C41499A): 1
LogDevObjectVersion:   FortniteMain (601D1886-AC64-4F84-AA16-D3DE0DEAC7D6): 27
LogDevObjectVersion:   Dev-Enterprise (9DFFBCD6-494F-0158-E221-12823C92A888): 6
LogDevObjectVersion:   Dev-Niagara (F2AED0AC-9AFE-416F-8664-AA7FFA26D6FC): 1
LogDevObjectVersion:   Dev-Destruction (174F1F0B-B4C6-45A5-B13F-2EE8D0FB917D): 9
LogInit: Presizing for max 16777216 objects, including 0 objects not considered by GC, pre-allocating 0 bytes for permanent pool.
LogInit: Object subsystem initialized
LogConfig: Setting CVar [[con.DebugEarlyDefault:1]]
LogConfig: Setting CVar [[r.setres:1280x720]]
[2019.10.27-21.37.39:903][  0]LogConfig: Setting CVar [[r.VSync:0]]
[2019.10.27-21.37.39:903][  0]LogConfig: Setting CVar [[r.RHICmdBypass:0]]
[2019.10.27-21.37.39:903][  0]LogConfig: Applying CVar settings from Section [/Script/Engine.RendererSettings] File [E:/Unreal_Project/Gladiator/Gladiators/Gladiator/Saved/Config/Windows/Engine.ini]
[2019.10.27-21.37.39:903][  0]LogConfig: Setting CVar [[r.GPUCrashDebugging:0]]
[2019.10.27-21.37.39:903][  0]LogConfig: Setting CVar [[r.DefaultFeature.AutoExposure.ExtendDefaultLuminanceRange:1]]
[2019.10.27-21.37.39:903][  0]LogConfig: Applying CVar settings from Section [/Script/Engine.RendererOverrideSettings] File [E:/Unreal_Project/Gladiator/Gladiators/Gladiator/Saved/Config/Windows/Engine.ini]
[2019.10.27-21.37.39:903][  0]LogConfig: Applying CVar settings from Section [/Script/Engine.StreamingSettings] File [E:/Unreal_Project/Gladiator/Gladiators/Gladiator/Saved/Config/Windows/Engine.ini]
[2019.10.27-21.37.39:903][  0]LogConfig: Setting CVar [[s.MinBulkDataSizeForAsyncLoading:131072]]
[2019.10.27-21.37.39:903][  0]LogConfig: Setting CVar [[s.AsyncLoadingThreadEnabled:0]]
[2019.10.27-21.37.39:903][  0]LogConfig: Setting CVar [[s.EventDrivenLoaderEnabled:1]]
[2019.10.27-21.37.39:903][  0]LogConfig: Setting CVar [[s.WarnIfTimeLimitExceeded:0]]
[2019.10.27-21.37.39:903][  0]LogConfig: Setting CVar [[s.TimeLimitExceededMultiplier:1.5]]
[2019.10.27-21.37.39:903][  0]LogConfig: Setting CVar [[s.TimeLimitExceededMinTime:0.005]]
[2019.10.27-21.37.39:903][  0]LogConfig: Setting CVar [[s.UseBackgroundLevelStreaming:1]]
[2019.10.27-21.37.39:903][  0]LogConfig: Setting CVar [[s.PriorityAsyncLoadingExtraTime:15.0]]
[2019.10.27-21.37.39:903][  0]LogConfig: Setting CVar [[s.LevelStreamingActorsUpdateTimeLimit:5.0]]
[2019.10.27-21.37.39:903][  0]LogConfig: Setting CVar [[s.PriorityLevelStreamingActorsUpdateExtraTime:5.0]]
[2019.10.27-21.37.39:903][  0]LogConfig: Setting CVar [[s.LevelStreamingComponentsRegistrationGranularity:10]]
[2019.10.27-21.37.39:903][  0]LogConfig: Setting CVar [[s.UnregisterComponentsTimeLimit:1.0]]
[2019.10.27-21.37.39:903][  0]LogConfig: Setting CVar [[s.LevelStreamingComponentsUnregistrationGranularity:5]]
[2019.10.27-21.37.39:903][  0]LogConfig: Applying CVar settings from Section [/Script/Engine.GarbageCollectionSettings] File [E:/Unreal_Project/Gladiator/Gladiators/Gladiator/Saved/Config/Windows/Engine.ini]
[2019.10.27-21.37.39:903][  0]LogConfig: Setting CVar [[gc.MaxObjectsNotConsideredByGC:1]]
[2019.10.27-21.37.39:903][  0]LogConfig: Setting CVar [[gc.SizeOfPermanentObjectPool:0]]
[2019.10.27-21.37.39:903][  0]LogConfig: Setting CVar [[gc.FlushStreamingOnGC:0]]
[2019.10.27-21.37.39:903][  0]LogConfig: Setting CVar [[gc.NumRetriesBeforeForcingGC:10]]
[2019.10.27-21.37.39:903][  0]LogConfig: Setting CVar [[gc.AllowParallelGC:1]]
[2019.10.27-21.37.39:903][  0]LogConfig: Setting CVar [[gc.TimeBetweenPurgingPendingKillObjects:61.1]]
[2019.10.27-21.37.39:903][  0]LogConfig: Setting CVar [[gc.MaxObjectsInEditor:16777216]]
[2019.10.27-21.37.39:903][  0]LogConfig: Setting CVar [[gc.IncrementalBeginDestroyEnabled:1]]
[2019.10.27-21.37.39:903][  0]LogConfig: Setting CVar [[gc.CreateGCClusters:1]]
[2019.10.27-21.37.39:903][  0]LogConfig: Setting CVar [[gc.MinGCClusterSize:5]]
[2019.10.27-21.37.39:903][  0]LogConfig: Setting CVar [[gc.ActorClusteringEnabled:0]]
[2019.10.27-21.37.39:903][  0]LogConfig: Setting CVar [[gc.BlueprintClusteringEnabled:0]]
[2019.10.27-21.37.39:903][  0]LogConfig: Setting CVar [[gc.UseDisregardForGCOnDedicatedServers:0]]
[2019.10.27-21.37.39:903][  0]LogConfig: Applying CVar settings from Section [/Script/Engine.NetworkSettings] File [E:/Unreal_Project/Gladiator/Gladiators/Gladiator/Saved/Config/Windows/Engine.ini]
[2019.10.27-21.37.39:903][  0]LogConfig: Applying CVar settings from Section [/Script/UnrealEd.CookerSettings] File [E:/Unreal_Project/Gladiator/Gladiators/Gladiator/Saved/Config/Windows/Engine.ini]
[2019.10.27-21.37.39:907][  0]LogConfig: Applying CVar settings from Section [ViewDistanceQuality@3] File [E:/Unreal_Project/Gladiator/Gladiators/Gladiator/Saved/Config/Windows/Scalability.ini]
[2019.10.27-21.37.39:907][  0]LogConfig: Setting CVar [[r.SkeletalMeshLODBias:0]]
[2019.10.27-21.37.39:907][  0]LogConfig: Setting CVar [[r.ViewDistanceScale:1.0]]
[2019.10.27-21.37.39:907][  0]LogConfig: Applying CVar settings from Section [AntiAliasingQuality@3] File [E:/Unreal_Project/Gladiator/Gladiators/Gladiator/Saved/Config/Windows/Scalability.ini]
[2019.10.27-21.37.39:907][  0]LogConfig: Setting CVar [[r.PostProcessAAQuality:4]]
[2019.10.27-21.37.39:907][  0]LogConfig: Applying CVar settings from Section [ShadowQuality@3] File [E:/Unreal_Project/Gladiator/Gladiators/Gladiator/Saved/Config/Windows/Scalability.ini]
[2019.10.27-21.37.39:907][  0]LogConfig: Setting CVar [[r.LightFunctionQuality:1]]
[2019.10.27-21.37.39:907][  0]LogConfig: Setting CVar [[r.ShadowQuality:5]]
[2019.10.27-21.37.39:907][  0]LogConfig: Setting CVar [[r.Shadow.CSM.MaxCascades:10]]
[2019.10.27-21.37.39:907][  0]LogConfig: Setting CVar [[r.Shadow.MaxResolution:2048]]
[2019.10.27-21.37.39:907][  0]LogConfig: Setting CVar [[r.Shadow.MaxCSMResolution:2048]]
[2019.10.27-21.37.39:907][  0]LogConfig: Setting CVar [[r.Shadow.RadiusThreshold:0.01]]
[2019.10.27-21.37.39:907][  0]LogConfig: Setting CVar [[r.Shadow.DistanceScale:1.0]]
[2019.10.27-21.37.39:907][  0]LogConfig: Setting CVar [[r.Shadow.CSM.TransitionScale:1.0]]
[2019.10.27-21.37.39:907][  0]LogConfig: Setting CVar [[r.Shadow.PreShadowResolutionFactor:1.0]]
[2019.10.27-21.37.39:907][  0]LogConfig: Setting CVar [[r.DistanceFieldShadowing:1]]
[2019.10.27-21.37.39:907][  0]LogConfig: Setting CVar [[r.DistanceFieldAO:1]]
[2019.10.27-21.37.39:907][  0]LogConfig: Setting CVar [[r.AOQuality:2]]
[2019.10.27-21.37.39:907][  0]LogConfig: Setting CVar [[r.VolumetricFog:1]]
[2019.10.27-21.37.39:907][  0]LogConfig: Setting CVar [[r.VolumetricFog.GridPixelSize:8]]
[2019.10.27-21.37.39:907][  0]LogConfig: Setting CVar [[r.VolumetricFog.GridSizeZ:128]]
[2019.10.27-21.37.39:907][  0]LogConfig: Setting CVar [[r.VolumetricFog.HistoryMissSupersampleCount:4]]
[2019.10.27-21.37.39:907][  0]LogConfig: Setting CVar [[r.LightMaxDrawDistanceScale:1]]
[2019.10.27-21.37.39:907][  0]LogConfig: Setting CVar [[r.CapsuleShadows:1]]
[2019.10.27-21.37.39:907][  0]LogConfig: Applying CVar settings from Section [PostProcessQuality@3] File [E:/Unreal_Project/Gladiator/Gladiators/Gladiator/Saved/Config/Windows/Scalability.ini]
[2019.10.27-21.37.39:907][  0]LogConfig: Setting CVar [[r.MotionBlurQuality:4]]
[2019.10.27-21.37.39:907][  0]LogConfig: Setting CVar [[r.AmbientOcclusionMipLevelFactor:0.4]]
[2019.10.27-21.37.39:907][  0]LogConfig: Setting CVar [[r.AmbientOcclusionMaxQuality:100]]
[2019.10.27-21.37.39:907][  0]LogConfig: Setting CVar [[r.AmbientOcclusionLevels:-1]]
[2019.10.27-21.37.39:907][  0]LogConfig: Setting CVar [[r.AmbientOcclusionRadiusScale:1.0]]
[2019.10.27-21.37.39:907][  0]LogConfig: Setting CVar [[r.DepthOfFieldQuality:2]]
[2019.10.27-21.37.39:907][  0]LogConfig: Setting CVar [[r.RenderTargetPoolMin:400]]
[2019.10.27-21.37.39:907][  0]LogConfig: Setting CVar [[r.LensFlareQuality:2]]
[2019.10.27-21.37.39:907][  0]LogConfig: Setting CVar [[r.SceneColorFringeQuality:1]]
[2019.10.27-21.37.39:907][  0]LogConfig: Setting CVar [[r.EyeAdaptationQuality:2]]
[2019.10.27-21.37.39:907][  0]LogConfig: Setting CVar [[r.BloomQuality:5]]
[2019.10.27-21.37.39:907][  0]LogConfig: Setting CVar [[r.FastBlurThreshold:100]]
[2019.10.27-21.37.39:907][  0]LogConfig: Setting CVar [[r.Upscale.Quality:3]]
[2019.10.27-21.37.39:907][  0]LogConfig: Setting CVar [[r.Tonemapper.GrainQuantization:1]]
[2019.10.27-21.37.39:907][  0]LogConfig: Setting CVar [[r.LightShaftQuality:1]]
[2019.10.27-21.37.39:907][  0]LogConfig: Setting CVar [[r.Filter.SizeScale:1]]
[2019.10.27-21.37.39:907][  0]LogConfig: Setting CVar [[r.Tonemapper.Quality:5]]
[2019.10.27-21.37.39:907][  0]LogConfig: Setting CVar [[r.DOF.Gather.AccumulatorQuality:1        ; higher gathering accumulator quality]]
[2019.10.27-21.37.39:907][  0]LogConfig: Setting CVar [[r.DOF.Gather.PostfilterMethod:1          ; Median3x3 postfilering method]]
[2019.10.27-21.37.39:907][  0]LogConfig: Setting CVar [[r.DOF.Gather.EnableBokehSettings:0       ; no bokeh simulation when gathering]]
[2019.10.27-21.37.39:907][  0]LogConfig: Setting CVar [[r.DOF.Gather.RingCount:4                 ; medium number of samples when gathering]]
[2019.10.27-21.37.39:907][  0]LogConfig: Setting CVar [[r.DOF.Scatter.ForegroundCompositing:1    ; additive foreground scattering]]
[2019.10.27-21.37.39:907][  0]LogConfig: Setting CVar [[r.DOF.Scatter.BackgroundCompositing:2    ; additive background scattering]]
[2019.10.27-21.37.39:907][  0]LogConfig: Setting CVar [[r.DOF.Scatter.EnableBokehSettings:1      ; bokeh simulation when scattering]]
[2019.10.27-21.37.39:907][  0]LogConfig: Setting CVar [[r.DOF.Scatter.MaxSpriteRatio:0.1         ; only a maximum of 10% of scattered bokeh]]
[2019.10.27-21.37.39:907][  0]LogConfig: Setting CVar [[r.DOF.Recombine.Quality:1                ; cheap slight out of focus]]
[2019.10.27-21.37.39:907][  0]LogConfig: Setting CVar [[r.DOF.Recombine.EnableBokehSettings:0    ; no bokeh simulation on slight out of focus]]
[2019.10.27-21.37.39:907][  0]LogConfig: Setting CVar [[r.DOF.TemporalAAQuality:1                ; more stable temporal accumulation]]
[2019.10.27-21.37.39:907][  0]LogConfig: Setting CVar [[r.DOF.Kernel.MaxForegroundRadius:0.025]]
[2019.10.27-21.37.39:907][  0]LogConfig: Setting CVar [[r.DOF.Kernel.MaxBackgroundRadius:0.025]]
[2019.10.27-21.37.39:907][  0]LogConfig: Applying CVar settings from Section [TextureQuality@3] File [E:/Unreal_Project/Gladiator/Gladiators/Gladiator/Saved/Config/Windows/Scalability.ini]
[2019.10.27-21.37.39:907][  0]LogConfig: Setting CVar [[r.Streaming.MipBias:0]]
[2019.10.27-21.37.39:907][  0]LogConfig: Setting CVar [[r.Streaming.AmortizeCPUToGPUCopy:0]]
[2019.10.27-21.37.39:907][  0]LogConfig: Setting CVar [[r.Streaming.MaxNumTexturesToStreamPerFrame:0]]
[2019.10.27-21.37.39:908][  0]LogConfig: Setting CVar [[r.Streaming.Boost:1]]
[2019.10.27-21.37.39:908][  0]LogConfig: Setting CVar [[r.MaxAnisotropy:8]]
[2019.10.27-21.37.39:908][  0]LogConfig: Setting CVar [[r.Streaming.LimitPoolSizeToVRAM:0]]
[2019.10.27-21.37.39:908][  0]LogConfig: Setting CVar [[r.Streaming.PoolSize:1000]]
[2019.10.27-21.37.39:908][  0]LogConfig: Setting CVar [[r.Streaming.MaxEffectiveScreenSize:0]]
[2019.10.27-21.37.39:908][  0]LogConfig: Applying CVar settings from Section [EffectsQuality@3] File [E:/Unreal_Project/Gladiator/Gladiators/Gladiator/Saved/Config/Windows/Scalability.ini]
[2019.10.27-21.37.39:908][  0]LogConfig: Setting CVar [[r.TranslucencyLightingVolumeDim:64]]
[2019.10.27-21.37.39:908][  0]LogConfig: Setting CVar [[r.RefractionQuality:2]]
[2019.10.27-21.37.39:908][  0]LogConfig: Setting CVar [[r.SSR.Quality:3]]
[2019.10.27-21.37.39:908][  0]LogConfig: Setting CVar [[r.SceneColorFormat:4]]
[2019.10.27-21.37.39:908][  0]LogConfig: Setting CVar [[r.DetailMode:2]]
[2019.10.27-21.37.39:908][  0]LogConfig: Setting CVar [[r.TranslucencyVolumeBlur:1]]
[2019.10.27-21.37.39:908][  0]LogConfig: Setting CVar [[r.MaterialQualityLevel:1 ; High quality]]
[2019.10.27-21.37.39:908][  0]LogConfig: Setting CVar [[r.SSS.Scale:1]]
[2019.10.27-21.37.39:908][  0]LogConfig: Setting CVar [[r.SSS.SampleSet:2]]
[2019.10.27-21.37.39:908][  0]LogConfig: Setting CVar [[r.SSS.Quality:1]]
[2019.10.27-21.37.39:908][  0]LogConfig: Setting CVar [[r.SSS.HalfRes:1]]
[2019.10.27-21.37.39:908][  0]LogConfig: Setting CVar [[r.EmitterSpawnRateScale:1.0]]
[2019.10.27-21.37.39:908][  0]LogConfig: Setting CVar [[r.ParticleLightQuality:2]]
[2019.10.27-21.37.39:908][  0]LogConfig: Applying CVar settings from Section [FoliageQuality@3] File [E:/Unreal_Project/Gladiator/Gladiators/Gladiator/Saved/Config/Windows/Scalability.ini]
[2019.10.27-21.37.39:908][  0]LogConfig: Setting CVar [[foliage.DensityScale:1.0]]
[2019.10.27-21.37.39:908][  0]LogConfig: Setting CVar [[grass.DensityScale:1.0]]
[2019.10.27-21.37.39:908][  0]LogInit: Selected Device Profile: [Windows]
[2019.10.27-21.37.39:908][  0]LogInit: Applying CVar settings loaded from the selected device profile: [Windows]
[2019.10.27-21.37.39:910][  0]LogHAL: Display: Platform has ~ 16 GB [17131786240 / 17179869184 / 16], which maps to Larger [LargestMinGB=32, LargerMinGB=12, DefaultMinGB=8, SmallerMinGB=6, SmallestMinGB=0)
[2019.10.27-21.37.39:910][  0]LogInit: Going up to parent DeviceProfile []
[2019.10.27-21.37.39:910][  0]LogConfig: Applying CVar settings from Section [ViewDistanceQuality@3] File [E:/Unreal_Project/Gladiator/Gladiators/Gladiator/Saved/Config/Windows/Scalability.ini]
[2019.10.27-21.37.39:910][  0]LogConfig: Setting CVar [[r.SkeletalMeshLODBias:0]]
[2019.10.27-21.37.39:910][  0]LogConfig: Setting CVar [[r.ViewDistanceScale:1.0]]
[2019.10.27-21.37.39:910][  0]LogConfig: Applying CVar settings from Section [AntiAliasingQuality@3] File [E:/Unreal_Project/Gladiator/Gladiators/Gladiator/Saved/Config/Windows/Scalability.ini]
[2019.10.27-21.37.39:910][  0]LogConfig: Setting CVar [[r.PostProcessAAQuality:4]]
[2019.10.27-21.37.39:910][  0]LogConfig: Applying CVar settings from Section [ShadowQuality@3] File [E:/Unreal_Project/Gladiator/Gladiators/Gladiator/Saved/Config/Windows/Scalability.ini]
[2019.10.27-21.37.39:910][  0]LogConfig: Setting CVar [[r.LightFunctionQuality:1]]
[2019.10.27-21.37.39:910][  0]LogConfig: Setting CVar [[r.ShadowQuality:5]]
[2019.10.27-21.37.39:910][  0]LogConfig: Setting CVar [[r.Shadow.CSM.MaxCascades:10]]
[2019.10.27-21.37.39:910][  0]LogConfig: Setting CVar [[r.Shadow.MaxResolution:2048]]
[2019.10.27-21.37.39:910][  0]LogConfig: Setting CVar [[r.Shadow.MaxCSMResolution:2048]]
[2019.10.27-21.37.39:910][  0]LogConfig: Setting CVar [[r.Shadow.RadiusThreshold:0.01]]
[2019.10.27-21.37.39:910][  0]LogConfig: Setting CVar [[r.Shadow.DistanceScale:1.0]]
[2019.10.27-21.37.39:910][  0]LogConfig: Setting CVar [[r.Shadow.CSM.TransitionScale:1.0]]
[2019.10.27-21.37.39:910][  0]LogConfig: Setting CVar [[r.Shadow.PreShadowResolutionFactor:1.0]]
[2019.10.27-21.37.39:910][  0]LogConfig: Setting CVar [[r.DistanceFieldShadowing:1]]
[2019.10.27-21.37.39:910][  0]LogConfig: Setting CVar [[r.DistanceFieldAO:1]]
[2019.10.27-21.37.39:910][  0]LogConfig: Setting CVar [[r.AOQuality:2]]
[2019.10.27-21.37.39:910][  0]LogConfig: Setting CVar [[r.VolumetricFog:1]]
[2019.10.27-21.37.39:910][  0]LogConfig: Setting CVar [[r.VolumetricFog.GridPixelSize:8]]
[2019.10.27-21.37.39:910][  0]LogConfig: Setting CVar [[r.VolumetricFog.GridSizeZ:128]]
[2019.10.27-21.37.39:910][  0]LogConfig: Setting CVar [[r.VolumetricFog.HistoryMissSupersampleCount:4]]
[2019.10.27-21.37.39:910][  0]LogConfig: Setting CVar [[r.LightMaxDrawDistanceScale:1]]
[2019.10.27-21.37.39:910][  0]LogConfig: Setting CVar [[r.CapsuleShadows:1]]
[2019.10.27-21.37.39:910][  0]LogConfig: Applying CVar settings from Section [PostProcessQuality@3] File [E:/Unreal_Project/Gladiator/Gladiators/Gladiator/Saved/Config/Windows/Scalability.ini]
[2019.10.27-21.37.39:910][  0]LogConfig: Setting CVar [[r.MotionBlurQuality:4]]
[2019.10.27-21.37.39:910][  0]LogConfig: Setting CVar [[r.AmbientOcclusionMipLevelFactor:0.4]]
[2019.10.27-21.37.39:910][  0]LogConfig: Setting CVar [[r.AmbientOcclusionMaxQuality:100]]
[2019.10.27-21.37.39:910][  0]LogConfig: Setting CVar [[r.AmbientOcclusionLevels:-1]]
[2019.10.27-21.37.39:910][  0]LogConfig: Setting CVar [[r.AmbientOcclusionRadiusScale:1.0]]
[2019.10.27-21.37.39:910][  0]LogConfig: Setting CVar [[r.DepthOfFieldQuality:2]]
[2019.10.27-21.37.39:910][  0]LogConfig: Setting CVar [[r.RenderTargetPoolMin:400]]
[2019.10.27-21.37.39:910][  0]LogConfig: Setting CVar [[r.LensFlareQuality:2]]
[2019.10.27-21.37.39:910][  0]LogConfig: Setting CVar [[r.SceneColorFringeQuality:1]]
[2019.10.27-21.37.39:910][  0]LogConfig: Setting CVar [[r.EyeAdaptationQuality:2]]
[2019.10.27-21.37.39:910][  0]LogConfig: Setting CVar [[r.BloomQuality:5]]
[2019.10.27-21.37.39:910][  0]LogConfig: Setting CVar [[r.FastBlurThreshold:100]]
[2019.10.27-21.37.39:910][  0]LogConfig: Setting CVar [[r.Upscale.Quality:3]]
[2019.10.27-21.37.39:910][  0]LogConfig: Setting CVar [[r.Tonemapper.GrainQuantization:1]]
[2019.10.27-21.37.39:910][  0]LogConfig: Setting CVar [[r.LightShaftQuality:1]]
[2019.10.27-21.37.39:910][  0]LogConfig: Setting CVar [[r.Filter.SizeScale:1]]
[2019.10.27-21.37.39:910][  0]LogConfig: Setting CVar [[r.Tonemapper.Quality:5]]
[2019.10.27-21.37.39:910][  0]LogConfig: Setting CVar [[r.DOF.Gather.AccumulatorQuality:1        ; higher gathering accumulator quality]]
[2019.10.27-21.37.39:910][  0]LogConfig: Setting CVar [[r.DOF.Gather.PostfilterMethod:1          ; Median3x3 postfilering method]]
[2019.10.27-21.37.39:910][  0]LogConfig: Setting CVar [[r.DOF.Gather.EnableBokehSettings:0       ; no bokeh simulation when gathering]]
[2019.10.27-21.37.39:910][  0]LogConfig: Setting CVar [[r.DOF.Gather.RingCount:4                 ; medium number of samples when gathering]]
[2019.10.27-21.37.39:910][  0]LogConfig: Setting CVar [[r.DOF.Scatter.ForegroundCompositing:1    ; additive foreground scattering]]
[2019.10.27-21.37.39:910][  0]LogConfig: Setting CVar [[r.DOF.Scatter.BackgroundCompositing:2    ; additive background scattering]]
[2019.10.27-21.37.39:910][  0]LogConfig: Setting CVar [[r.DOF.Scatter.EnableBokehSettings:1      ; bokeh simulation when scattering]]
[2019.10.27-21.37.39:910][  0]LogConfig: Setting CVar [[r.DOF.Scatter.MaxSpriteRatio:0.1         ; only a maximum of 10% of scattered bokeh]]
[2019.10.27-21.37.39:910][  0]LogConfig: Setting CVar [[r.DOF.Recombine.Quality:1                ; cheap slight out of focus]]
[2019.10.27-21.37.39:910][  0]LogConfig: Setting CVar [[r.DOF.Recombine.EnableBokehSettings:0    ; no bokeh simulation on slight out of focus]]
[2019.10.27-21.37.39:910][  0]LogConfig: Setting CVar [[r.DOF.TemporalAAQuality:1                ; more stable temporal accumulation]]
[2019.10.27-21.37.39:910][  0]LogConfig: Setting CVar [[r.DOF.Kernel.MaxForegroundRadius:0.025]]
[2019.10.27-21.37.39:911][  0]LogConfig: Setting CVar [[r.DOF.Kernel.MaxBackgroundRadius:0.025]]
[2019.10.27-21.37.39:911][  0]LogConfig: Applying CVar settings from Section [TextureQuality@3] File [E:/Unreal_Project/Gladiator/Gladiators/Gladiator/Saved/Config/Windows/Scalability.ini]
[2019.10.27-21.37.39:911][  0]LogConfig: Setting CVar [[r.Streaming.MipBias:0]]
[2019.10.27-21.37.39:911][  0]LogConfig: Setting CVar [[r.Streaming.AmortizeCPUToGPUCopy:0]]
[2019.10.27-21.37.39:911][  0]LogConfig: Setting CVar [[r.Streaming.MaxNumTexturesToStreamPerFrame:0]]
[2019.10.27-21.37.39:911][  0]LogConfig: Setting CVar [[r.Streaming.Boost:1]]
[2019.10.27-21.37.39:911][  0]LogConfig: Setting CVar [[r.MaxAnisotropy:8]]
[2019.10.27-21.37.39:911][  0]LogConfig: Setting CVar [[r.Streaming.LimitPoolSizeToVRAM:0]]
[2019.10.27-21.37.39:911][  0]LogConfig: Setting CVar [[r.Streaming.PoolSize:1000]]
[2019.10.27-21.37.39:911][  0]LogConfig: Setting CVar [[r.Streaming.MaxEffectiveScreenSize:0]]
[2019.10.27-21.37.39:911][  0]LogConfig: Applying CVar settings from Section [EffectsQuality@3] File [E:/Unreal_Project/Gladiator/Gladiators/Gladiator/Saved/Config/Windows/Scalability.ini]
[2019.10.27-21.37.39:911][  0]LogConfig: Setting CVar [[r.TranslucencyLightingVolumeDim:64]]
[2019.10.27-21.37.39:911][  0]LogConfig: Setting CVar [[r.RefractionQuality:2]]
[2019.10.27-21.37.39:911][  0]LogConfig: Setting CVar [[r.SSR.Quality:3]]
[2019.10.27-21.37.39:911][  0]LogConfig: Setting CVar [[r.SceneColorFormat:4]]
[2019.10.27-21.37.39:911][  0]LogConfig: Setting CVar [[r.DetailMode:2]]
[2019.10.27-21.37.39:911][  0]LogConfig: Setting CVar [[r.TranslucencyVolumeBlur:1]]
[2019.10.27-21.37.39:911][  0]LogConfig: Setting CVar [[r.MaterialQualityLevel:1 ; High quality]]
[2019.10.27-21.37.39:911][  0]LogConfig: Setting CVar [[r.SSS.Scale:1]]
[2019.10.27-21.37.39:911][  0]LogConfig: Setting CVar [[r.SSS.SampleSet:2]]
[2019.10.27-21.37.39:911][  0]LogConfig: Setting CVar [[r.SSS.Quality:1]]
[2019.10.27-21.37.39:911][  0]LogConfig: Setting CVar [[r.SSS.HalfRes:1]]
[2019.10.27-21.37.39:911][  0]LogConfig: Setting CVar [[r.EmitterSpawnRateScale:1.0]]
[2019.10.27-21.37.39:911][  0]LogConfig: Setting CVar [[r.ParticleLightQuality:2]]
[2019.10.27-21.37.39:911][  0]LogConfig: Applying CVar settings from Section [FoliageQuality@3] File [E:/Unreal_Project/Gladiator/Gladiators/Gladiator/Saved/Config/Windows/Scalability.ini]
[2019.10.27-21.37.39:911][  0]LogConfig: Setting CVar [[foliage.DensityScale:1.0]]
[2019.10.27-21.37.39:911][  0]LogConfig: Setting CVar [[grass.DensityScale:1.0]]
[2019.10.27-21.37.39:911][  0]LogConfig: Applying CVar settings from Section [Startup] File [../../../Engine/Config/ConsoleVariables.ini]
[2019.10.27-21.37.39:911][  0]LogConfig: Setting CVar [[net.UseAdaptiveNetUpdateFrequency:0]]
[2019.10.27-21.37.39:911][  0]LogConfig: Setting CVar [[p.chaos.AllowCreatePhysxBodies:1]]
[2019.10.27-21.37.39:911][  0]LogConfig: Applying CVar settings from Section [ConsoleVariables] File [E:/Unreal_Project/Gladiator/Gladiators/Gladiator/Saved/Config/Windows/Engine.ini]
[2019.10.27-21.37.39:911][  0]LogInit: Computer: DESKTOP-GDVI54N
[2019.10.27-21.37.39:911][  0]LogInit: User: daveb
[2019.10.27-21.37.39:911][  0]LogInit: CPU Page size=4096, Cores=4
[2019.10.27-21.37.39:911][  0]LogInit: High frequency timer resolution =10.000000 MHz
[2019.10.27-21.37.39:911][  0]LogMemory: Memory total: Physical=16.0GB (16GB approx)
[2019.10.27-21.37.39:911][  0]LogMemory: Platform Memory Stats for Windows
[2019.10.27-21.37.39:911][  0]LogMemory: Process Physical Memory: 100.75 MB used, 100.75 MB peak
[2019.10.27-21.37.39:911][  0]LogMemory: Process Virtual Memory: 100.52 MB used, 100.52 MB peak
[2019.10.27-21.37.39:911][  0]LogMemory: Physical Memory: 6087.76 MB used,  10250.39 MB free, 16338.14 MB total
[2019.10.27-21.37.39:911][  0]LogMemory: Virtual Memory: 4682.78 MB used,  134213048.00 MB free, 134217728.00 MB total
[2019.10.27-21.37.39:913][  0]LogWindows: WindowsPlatformFeatures enabled
[2019.10.27-21.37.39:932][  0]LogInit: Using OS detected language (en-GB).
[2019.10.27-21.37.39:932][  0]LogInit: Using OS detected locale (en-GB).
[2019.10.27-21.37.39:932][  0]LogTextLocalizationManager: No specific localization for 'en-GB' exists, so the 'en' localization will be used.
[2019.10.27-21.37.40:064][  0]LogInit: Setting process to per monitor DPI aware
[2019.10.27-21.37.40:087][  0]LogSlate: New Slate User Created.  User Index 0, Is Virtual User: 0
[2019.10.27-21.37.40:087][  0]LogSlate: Slate User Registered.  User Index 0, Is Virtual User: 0
[2019.10.27-21.37.40:225][  0]LogHMD: Failed to initialize OpenVR with code 110
[2019.10.27-21.37.40:225][  0]LogD3D11RHI: D3D11 adapters:
[2019.10.27-21.37.40:262][  0]LogD3D11RHI:    0. 'NVIDIA GeForce GTX 1050' (Feature Level 11_0)
[2019.10.27-21.37.40:262][  0]LogD3D11RHI:       1987/0/8169 MB DedicatedVideo/DedicatedSystem/SharedSystem, Outputs:2, VendorId:0x10de
[2019.10.27-21.37.40:264][  0]LogD3D11RHI:    1. 'Microsoft Basic Render Driver' (Feature Level 11_0)
[2019.10.27-21.37.40:264][  0]LogD3D11RHI:       0/0/8169 MB DedicatedVideo/DedicatedSystem/SharedSystem, Outputs:0, VendorId:0x1414
[2019.10.27-21.37.40:264][  0]LogD3D11RHI: Chosen D3D11 Adapter: 0
[2019.10.27-21.37.40:269][  0]LogD3D11RHI: Creating new Direct3DDevice
[2019.10.27-21.37.40:269][  0]LogD3D11RHI:     GPU DeviceId: 0x1c81 (for the marketing name, search the web for "GPU Device Id")
[2019.10.27-21.37.40:269][  0]LogWindows: EnumDisplayDevices:
[2019.10.27-21.37.40:270][  0]LogWindows:    0. 'NVIDIA GeForce GTX 1050' (P:1 D:1)
[2019.10.27-21.37.40:270][  0]LogWindows:    1. 'NVIDIA GeForce GTX 1050' (P:0 D:1)
[2019.10.27-21.37.40:270][  0]LogWindows:    2. 'NVIDIA GeForce GTX 1050' (P:0 D:0)
[2019.10.27-21.37.40:270][  0]LogWindows:    3. 'NVIDIA GeForce GTX 1050' (P:0 D:0)
[2019.10.27-21.37.40:270][  0]LogWindows: DebugString: FoundDriverCount:4 
[2019.10.27-21.37.40:270][  0]LogD3D11RHI:     Adapter Name: NVIDIA GeForce GTX 1050
[2019.10.27-21.37.40:270][  0]LogD3D11RHI:   Driver Version: 388.43 (internal:23.21.13.8843, unified:388.43)
[2019.10.27-21.37.40:270][  0]LogD3D11RHI:      Driver Date: 11-27-2017
[2019.10.27-21.37.40:270][  0]LogRHI: Texture pool is 1391 MB (70% of 1987 MB)
[2019.10.27-21.37.40:288][  0]LogD3D11RHI: Async texture creation enabled
[2019.10.27-21.37.40:298][  0]LogD3D11RHI: GPU Timing Frequency: 1000.000000 (Debug: 2 1)
[2019.10.27-21.37.44:904][  0]LogWindowsTextInputMethodSystem: Display: IME system now deactivated.
[2019.10.27-21.37.44:905][  0]LogWindowsTextInputMethodSystem: Display: IME system now deactivated.
[2019.10.27-21.37.45:148][  0]LogTemp: Display: Module 'AllDesktopTargetPlatform' loaded TargetPlatform 'AllDesktop'
[2019.10.27-21.37.45:155][  0]LogTemp: Display: Module 'MacClientTargetPlatform' loaded TargetPlatform 'MacClient'
[2019.10.27-21.37.45:162][  0]LogTemp: Display: Module 'MacNoEditorTargetPlatform' loaded TargetPlatform 'MacNoEditor'
[2019.10.27-21.37.45:169][  0]LogTemp: Display: Module 'MacServerTargetPlatform' loaded TargetPlatform 'MacServer'
[2019.10.27-21.37.45:176][  0]LogTemp: Display: Module 'MacTargetPlatform' loaded TargetPlatform 'Mac'
[2019.10.27-21.37.45:183][  0]LogTemp: Display: Module 'WindowsClientTargetPlatform' loaded TargetPlatform 'WindowsClient'
[2019.10.27-21.37.45:190][  0]LogTemp: Display: Module 'WindowsNoEditorTargetPlatform' loaded TargetPlatform 'WindowsNoEditor'
[2019.10.27-21.37.45:198][  0]LogTemp: Display: Module 'WindowsServerTargetPlatform' loaded TargetPlatform 'WindowsServer'
[2019.10.27-21.37.45:201][  0]LogTemp: Display: Module 'WindowsTargetPlatform' loaded TargetPlatform 'Windows'
[2019.10.27-21.37.45:226][  0]LogTemp: Display: Module 'AndroidTargetPlatform' loaded TargetPlatform 'Android'
[2019.10.27-21.37.45:226][  0]LogTemp: Display: Module 'AndroidTargetPlatform' loaded TargetPlatform 'Android_ASTC'
[2019.10.27-21.37.45:226][  0]LogTemp: Display: Module 'AndroidTargetPlatform' loaded TargetPlatform 'Android_ATC'
[2019.10.27-21.37.45:226][  0]LogTemp: Display: Module 'AndroidTargetPlatform' loaded TargetPlatform 'Android_DXT'
[2019.10.27-21.37.45:226][  0]LogTemp: Display: Module 'AndroidTargetPlatform' loaded TargetPlatform 'Android_ETC1'
[2019.10.27-21.37.45:226][  0]LogTemp: Display: Module 'AndroidTargetPlatform' loaded TargetPlatform 'Android_ETC1a'
[2019.10.27-21.37.45:226][  0]LogTemp: Display: Module 'AndroidTargetPlatform' loaded TargetPlatform 'Android_ETC2'
[2019.10.27-21.37.45:226][  0]LogTemp: Display: Module 'AndroidTargetPlatform' loaded TargetPlatform 'Android_PVRTC'
[2019.10.27-21.37.45:226][  0]LogTemp: Display: Module 'AndroidTargetPlatform' loaded TargetPlatform 'AndroidClient'
[2019.10.27-21.37.45:226][  0]LogTemp: Display: Module 'AndroidTargetPlatform' loaded TargetPlatform 'Android_ASTCClient'
[2019.10.27-21.37.45:226][  0]LogTemp: Display: Module 'AndroidTargetPlatform' loaded TargetPlatform 'Android_ATCClient'
[2019.10.27-21.37.45:226][  0]LogTemp: Display: Module 'AndroidTargetPlatform' loaded TargetPlatform 'Android_DXTClient'
[2019.10.27-21.37.45:226][  0]LogTemp: Display: Module 'AndroidTargetPlatform' loaded TargetPlatform 'Android_ETC1Client'
[2019.10.27-21.37.45:226][  0]LogTemp: Display: Module 'AndroidTargetPlatform' loaded TargetPlatform 'Android_ETC1aClient'
[2019.10.27-21.37.45:226][  0]LogTemp: Display: Module 'AndroidTargetPlatform' loaded TargetPlatform 'Android_ETC2Client'
[2019.10.27-21.37.45:226][  0]LogTemp: Display: Module 'AndroidTargetPlatform' loaded TargetPlatform 'Android_PVRTCClient'
[2019.10.27-21.37.45:226][  0]LogTemp: Display: Module 'AndroidTargetPlatform' loaded TargetPlatform 'Android_Multi'
[2019.10.27-21.37.45:226][  0]LogTemp: Display: Module 'AndroidTargetPlatform' loaded TargetPlatform 'Android_MultiClient'
[2019.10.27-21.37.45:227][  0]LogTemp: Display: Module 'HTML5TargetPlatform' loaded TargetPlatform 'HTML5'
[2019.10.27-21.37.45:241][  0]LogTemp: Display: Module 'IOSTargetPlatform' loaded TargetPlatform 'IOSClient'
[2019.10.27-21.37.45:241][  0]LogTemp: Display: Module 'IOSTargetPlatform' loaded TargetPlatform 'IOS'
[2019.10.27-21.37.45:252][  0]LogTemp: Display: Module 'TVOSTargetPlatform' loaded TargetPlatform 'TVOSClient'
[2019.10.27-21.37.45:252][  0]LogTemp: Display: Module 'TVOSTargetPlatform' loaded TargetPlatform 'TVOS'
[2019.10.27-21.37.45:257][  0]LogTemp: Display: Module 'LinuxClientTargetPlatform' loaded TargetPlatform 'LinuxClient'
[2019.10.27-21.37.45:263][  0]LogTemp: Display: Module 'LinuxNoEditorTargetPlatform' loaded TargetPlatform 'LinuxNoEditor'
[2019.10.27-21.37.45:268][  0]LogTemp: Display: Module 'LinuxServerTargetPlatform' loaded TargetPlatform 'LinuxServer'
[2019.10.27-21.37.45:274][  0]LogTemp: Display: Module 'LinuxTargetPlatform' loaded TargetPlatform 'Linux'
[2019.10.27-21.37.45:292][  0]LogTemp: Display: Module 'LuminTargetPlatform' loaded TargetPlatform 'Lumin'
[2019.10.27-21.37.45:292][  0]LogTemp: Display: Module 'LuminTargetPlatform' loaded TargetPlatform 'LuminClient'
[2019.10.27-21.37.45:292][  0]LogTargetPlatformManager: Display: Building Assets For Windows
[2019.10.27-21.37.45:300][  0]LogAudioDebug: Display: Lib vorbis DLL was dynamically loaded.
[2019.10.27-21.37.45:346][  0]LogShaderCompilers: Guid format shader working directory is -3 characters bigger than the processId version (E:/Unreal_Project/Gladiator/Gladiators/Gladiator/Intermediate/Shaders/WorkingDirectory/21124/).
[2019.10.27-21.37.45:346][  0]LogShaderCompilers: Cleaned the shader compiler working directory 'C:/Users/daveb/AppData/Local/Temp/UnrealShaderWorkingDir/A74376164DB9DEB709FE3AA565B6F0F0/'.
[2019.10.27-21.37.45:348][  0]LogXGEController: Cannot use XGE Controller as Incredibuild is not installed on this machine.
[2019.10.27-21.37.45:348][  0]LogShaderCompilers: Cannot use XGE Shader Compiler as Incredibuild is not installed on this machine.
[2019.10.27-21.37.45:348][  0]LogShaderCompilers: Display: Using Local Shader Compiler.
[2019.10.27-21.37.45:816][  0]LogDerivedDataCache: Display: Max Cache Size: 512 MB
[2019.10.27-21.37.45:863][  0]LogDerivedDataCache: Loaded boot cache 0.05s 73MB C:/Users/daveb/AppData/Local/UnrealEngine/4.23/DerivedDataCache/Boot.ddc.
[2019.10.27-21.37.45:863][  0]LogDerivedDataCache: Display: Loaded Boot cache: C:/Users/daveb/AppData/Local/UnrealEngine/4.23/DerivedDataCache/Boot.ddc
[2019.10.27-21.37.45:863][  0]LogDerivedDataCache: FDerivedDataBackendGraph:  Pak pak cache file E:/Unreal_Project/Gladiator/Gladiators/Gladiator/DerivedDataCache/DDC.ddp not found, will not use a pak cache.
[2019.10.27-21.37.45:863][  0]LogDerivedDataCache: Unable to find inner node Pak for hierarchical cache Hierarchy.
[2019.10.27-21.37.45:863][  0]LogDerivedDataCache: FDerivedDataBackendGraph:  CompressedPak pak cache file E:/Unreal_Project/Gladiator/Gladiators/Gladiator/DerivedDataCache/Compressed.ddp not found, will not use a pak cache.
[2019.10.27-21.37.45:863][  0]LogDerivedDataCache: Unable to find inner node CompressedPak for hierarchical cache Hierarchy.
[2019.10.27-21.37.45:872][  0]LogDerivedDataCache: Display: Pak cache opened for reading ../../../Engine/DerivedDataCache/Compressed.ddp.
[2019.10.27-21.37.45:872][  0]LogDerivedDataCache: FDerivedDataBackendGraph:  EnterprisePak pak cache file ../../../Enterprise/DerivedDataCache/Compressed.ddp not found, will not use a pak cache.
[2019.10.27-21.37.45:872][  0]LogDerivedDataCache: Unable to find inner node EnterprisePak for hierarchical cache Hierarchy.
[2019.10.27-21.37.45:873][  0]LogDerivedDataCache: Using Local data cache path C:/Users/daveb/AppData/Local/UnrealEngine/Common/DerivedDataCache: Writable
[2019.10.27-21.37.45:873][  0]LogDerivedDataCache: Shared data cache path not found in *engine.ini, will not use an Shared cache.
[2019.10.27-21.37.45:873][  0]LogDerivedDataCache: Unable to find inner node Shared for hierarchical cache Hierarchy.
[2019.10.27-21.37.45:890][  0]LogMaterial: Verifying Global Shaders for PCD3D_SM5
[2019.10.27-21.37.45:892][  0]LogSlate: Using FreeType 2.6.0
[2019.10.27-21.37.45:892][  0]LogSlate: SlateFontServices - WITH_FREETYPE: 1, WITH_HARFBUZZ: 1
[2019.10.27-21.37.45:935][  0]LogAssetRegistry: FAssetRegistry took 0.0017 seconds to start up
[2019.10.27-21.37.46:131][  0]LogInit: Selected Device Profile: [Windows]
[2019.10.27-21.37.46:245][  0]LogMeshReduction: Using QuadricMeshReduction for automatic static mesh reduction
[2019.10.27-21.37.46:245][  0]LogMeshReduction: Using SimplygonMeshReduction for automatic skeletal mesh reduction
[2019.10.27-21.37.46:245][  0]LogMeshReduction: Using ProxyLODMeshReduction for automatic mesh merging
[2019.10.27-21.37.46:245][  0]LogMeshReduction: No distributed automatic mesh merging module available
[2019.10.27-21.37.46:245][  0]LogMeshMerging: No distributed automatic mesh merging module available
[2019.10.27-21.37.46:251][  0]LogNetVersion: Gladiator 1.0.0, NetCL: 8386587, EngineNetVer: 11, GameNetVer: 0 (Checksum: 3699715427)
[2019.10.27-21.37.46:830][  0]LogPackageLocalizationCache: Processed 12 localized package path(s) for 1 prioritized culture(s) in 0.294311 seconds
[2019.10.27-21.37.46:838][  0]LogUObjectArray: 43444 objects as part of root set at end of initial load.
[2019.10.27-21.37.46:838][  0]LogUObjectAllocator: 7548648 out of 0 bytes used by permanent object pool.
[2019.10.27-21.37.46:838][  0]LogUObjectArray: CloseDisregardForGC: 0/0 objects in disregard for GC pool
[2019.10.27-21.37.47:523][  0]LogTcpMessaging: Initializing TcpMessaging bridge
[2019.10.27-21.37.47:525][  0]LogUdpMessaging: Initializing bridge on interface 0.0.0.0:0 to multicast group 230.0.0.1:6666.
[2019.10.27-21.37.48:956][  0]SourceControl: Source control is disabled
[2019.10.27-21.37.48:956][  0]SourceControl: Source control is disabled
[2019.10.27-21.37.48:957][  0]SourceControl: Source control is disabled
[2019.10.27-21.37.48:958][  0]SourceControl: Source control is disabled
[2019.10.27-21.37.49:040][  0]LogAndroidPermission: UAndroidPermissionCallbackProxy::GetInstance
[2019.10.27-21.37.49:163][  0]LogOcInput: OculusInput pre-init called
[2019.10.27-21.37.49:169][  0]LogWindows: Failed to load 'OVRPlugin.dll' (GetLastError=126)
[2019.10.27-21.37.49:169][  0]LogWindows: File 'OVRPlugin.dll' does not exist
[2019.10.27-21.37.49:221][  0]LogEngine: Initializing Engine...
[2019.10.27-21.37.49:222][  0]LogHMD: Failed to initialize OpenVR with code 110
[2019.10.27-21.37.49:222][  0]LogStats: UGameplayTagsManager::InitializeManager -  0.000 s
[2019.10.27-21.37.49:416][  0]LogInit: Initializing FReadOnlyCVARCache
[2019.10.27-21.37.49:442][  0]LogAIModule: Creating AISystem for world Untitled
[2019.10.27-21.37.49:505][  0]LogInit: XAudio2 using 'Realtek HD Audio 2nd output (Realtek High Definition Audio)' : 2 channels at 48 kHz using 32 bits per sample (channel mask 0x3)
[2019.10.27-21.37.49:522][  0]LogInit: FAudioDevice initialized.
[2019.10.27-21.37.49:522][  0]LogNetVersion: Set ProjectVersion to 1.0.0.0. Version Checksum will be recalculated on next use.
[2019.10.27-21.37.49:878][  0]LogDerivedDataCache: Saved boot cache 0.36s 73MB C:/Users/daveb/AppData/Local/UnrealEngine/4.23/DerivedDataCache/Boot.ddc.
[2019.10.27-21.37.49:878][  0]LogInit: Texture streaming: Enabled
[2019.10.27-21.37.49:894][  0]LogEngineSessionManager: EngineSessionManager initialized
[2019.10.27-21.37.49:938][  0]LogInit: Transaction tracking system initialized
[2019.10.27-21.37.49:972][  0]BlueprintLog: New page: Editor Load
[2019.10.27-21.37.50:052][  0]LocalizationService: Localization service is disabled
[2019.10.27-21.37.50:407][  0]LogFileCache: Scanning file cache for directory 'E:/Unreal_Project/Gladiator/Gladiators/Gladiator/Content/' took 0.00s
[2019.10.27-21.37.50:407][  0]LogCook: Display: Max memory allowance for cook 16384mb min free memory 0mb
[2019.10.27-21.37.50:407][  0]LogCook: Display: Mobile HDR setting 1
[2019.10.27-21.37.50:565][  0]SourceControl: Source control is disabled
[2019.10.27-21.37.50:565][  0]Cmd: MAP LOAD FILE="E:/Unreal_Project/Gladiator/Gladiators/Gladiator/Content/Maps/Gladiator.umap" TEMPLATE=0 SHOWPROGRESS=1 FEATURELEVEL=3
[2019.10.27-21.37.50:609][  0]LightingResults: New page: Lighting Build
[2019.10.27-21.37.50:612][  0]LogWorld: UWorld::CleanupWorld for Untitled, bSessionEnded=true, bCleanupResources=true
[2019.10.27-21.37.50:612][  0]MapCheck: New page: Map Check
[2019.10.27-21.37.50:612][  0]LightingResults: New page: Lighting Build
[2019.10.27-21.37.50:632][  0]LogUObjectHash: Compacting FUObjectHashTables data took   1.22ms
[2019.10.27-21.37.50:798][  0]LogAIModule: Creating AISystem for world Gladiator
[2019.10.27-21.37.50:802][  0]LogEditorServer: Finished looking for orphan Actors (0.000 secs)
[2019.10.27-21.37.50:824][  0]LogUObjectHash: Compacting FUObjectHashTables data took   1.47ms
[2019.10.27-21.37.50:824][  0]Cmd: MAP CHECKDEP NOCLEARLOG
[2019.10.27-21.37.50:824][  0]MapCheck: Map check complete: 0 Error(s), 0 Warning(s), took 0.072ms to complete.
[2019.10.27-21.37.50:824][  0]LogFileHelpers: Loading map 'Gladiator' took 0.260
[2019.10.27-21.37.51:020][  0]LogSlate: Updating window title bar state: overlay mode, drag disabled, window buttons hidden, title bar hidden
[2019.10.27-21.37.51:025][  0]LogSlate: Updating window title bar state: overlay mode, drag disabled, window buttons hidden, title bar hidden
[2019.10.27-21.37.51:031][  0]LogSlate: Updating window title bar state: overlay mode, drag disabled, window buttons hidden, title bar hidden
[2019.10.27-21.37.51:036][  0]LogSlate: Updating window title bar state: overlay mode, drag disabled, window buttons hidden, title bar hidden
[2019.10.27-21.37.51:042][  0]LogCollectionManager: Loaded 0 collections in 0.001662 seconds
[2019.10.27-21.37.51:062][  0]LogFileCache: Scanning file cache for directory 'E:/Unreal_Project/Gladiator/Gladiators/Gladiator/Saved/Collections/' took 0.00s
[2019.10.27-21.37.51:062][  0]LogFileCache: Scanning file cache for directory 'E:/Unreal_Project/Gladiator/Gladiators/Gladiator/Content/Developers/daveb/Collections/' took 0.00s
[2019.10.27-21.37.51:062][  0]LogFileCache: Scanning file cache for directory 'E:/Unreal_Project/Gladiator/Gladiators/Gladiator/Content/Collections/' took 0.00s
[2019.10.27-21.37.51:062][  0]LogCollectionManager: Rebuilt the GUID cache for 0 collections in 0.000001 seconds
[2019.10.27-21.37.51:068][  0]LogContentBrowser: Native class hierarchy populated in 0.0063 seconds. Added 2865 classes and 682 folders.
[2019.10.27-21.37.51:092][  0]LogContentBrowser: Native class hierarchy updated for 'WidgetCarousel' in 0.0003 seconds. Added 0 classes and 0 folders.
[2019.10.27-21.37.53:622][  0]LogContentBrowser: Native class hierarchy updated for 'AddContentDialog' in 0.0012 seconds. Added 0 classes and 0 folders.
[2019.10.27-21.37.53:660][  0]LogContentBrowser: Native class hierarchy updated for 'SceneOutliner' in 0.0008 seconds. Added 1 classes and 2 folders.
[2019.10.27-21.37.53:789][  0]LogSlate: Took 0.000335 seconds to synchronously load lazily loaded font '../../../Engine/Content/Slate/Fonts/Roboto-Regular.ttf' (155K)
[2019.10.27-21.37.53:792][  0]LogSlate: Took 0.000243 seconds to synchronously load lazily loaded font '../../../Engine/Content/Slate/Fonts/Roboto-Bold.ttf' (160K)
[2019.10.27-21.37.53:811][  0]LogSlate: Took 0.013865 seconds to synchronously load lazily loaded font '../../../Engine/Content/Editor/Slate/Fonts/FontAwesome.ttf' (139K)
[2019.10.27-21.37.53:962][  0]LogRenderer: Reallocating scene render targets to support 1208x572 Format 10 NumSamples 1 (Frame:1).
[2019.10.27-21.37.54:089][  0]LogContentBrowser: Native class hierarchy updated for 'HierarchicalLODOutliner' in 0.0003 seconds. Added 0 classes and 0 folders.
[2019.10.27-21.37.54:089][  0]LogLoad: (Engine Initialization) Total time: 15.50 seconds
[2019.10.27-21.37.54:089][  0]LogLoad: (Engine Initialization) Total Blueprint compile time: 0.00 seconds
[2019.10.27-21.37.54:156][  0]LogContentStreaming: Texture pool size now 1000 MB
[2019.10.27-21.37.54:248][  0]LogSlate: Took 0.027812 seconds to synchronously load lazily loaded font '../../../Engine/Content/Slate/Fonts/Roboto-Light.ttf' (167K)
[2019.10.27-21.37.54:267][  1]LogAssetRegistry: Asset discovery search completed in 8.3311 seconds
[2019.10.27-21.37.54:269][  1]LogCollectionManager: Rebuilt the object cache for 0 collections in 0.000003 seconds (found 0 objects)
[2019.10.27-21.37.54:269][  1]LogCollectionManager: Fixed up redirectors for 0 collections in 0.000035 seconds (updated 0 objects)
[2019.10.27-21.38.02:508][208]LogEditorViewport: Clicking on Actor (LMB): StaticMeshActor (Floor)
[2019.10.27-21.38.12:805][424]LogSlate: FSceneViewport::OnFocusLost() reason 0
[2019.10.27-21.38.12:926][435]LogActorFactory: Actor Factory created Cube
[2019.10.27-21.38.14:024][555]LogActorFactory: Actor Factory created Cube
[2019.10.27-21.38.14:967][668]Cmd: CAMERA ALIGN ACTIVEVIEWPORTONLY
[2019.10.27-21.38.36:112][194]LogSlate: FSceneViewport::OnFocusLost() reason 0
[2019.10.27-21.38.53:066][209]LogSlate: FSceneViewport::OnFocusLost() reason 0
[2019.10.27-21.38.53:219][227]LogActorFactory: Actor Factory created Cube
[2019.10.27-21.38.53:988][318]LogActorFactory: Actor Factory created Cube
[2019.10.27-21.38.55:039][441]Cmd: DELETE
[2019.10.27-21.38.55:039][441]Cmd: ACTOR DELETE
[2019.10.27-21.38.55:187][441]LogEditorActor: Deleted Actor: StaticMeshActor
[2019.10.27-21.38.55:234][441]LogUObjectHash: Compacting FUObjectHashTables data took   1.91ms
[2019.10.27-21.38.55:234][441]LogEditorActor: Deleted 1 Actors (0.049 secs)
[2019.10.27-21.38.55:993][532]LogSlate: FSceneViewport::OnFocusLost() reason 0
[2019.10.27-21.38.56:077][542]LogTemp: Repeating last play command: Selected Viewport
[2019.10.27-21.38.56:089][542]LogBlueprintUserMessages: Early PlayInEditor Detection: Level '/Game/Maps/Gladiator.Gladiator:PersistentLevel' has LevelScriptBlueprint '/Game/Maps/Gladiator.Gladiator:PersistentLevel.Gladiator' with GeneratedClass '/Game/Maps/Gladiator.Gladiator_C' with ClassGeneratedBy '/Game/Maps/Gladiator.Gladiator:PersistentLevel.Gladiator'
[2019.10.27-21.38.56:089][542]LogPlayLevel: PlayLevel: No blueprints needed recompiling
[2019.10.27-21.38.56:089][542]PIE: New page: PIE session: Gladiator (27 Oct 2019 21:38:56)
[2019.10.27-21.38.56:090][542]LogOnline: OSS: Creating online subsystem instance for: NULL
[2019.10.27-21.38.56:091][542]LogPlayLevel: Creating play world package: /Game/Maps/UEDPIE_0_Gladiator
[2019.10.27-21.38.56:093][542]LogPlayLevel: PIE: StaticDuplicateObject took: (0.001848s)
[2019.10.27-21.38.56:094][542]LogAIModule: Creating AISystem for world Gladiator
[2019.10.27-21.38.56:094][542]LogPlayLevel: PIE: World Init took: (0.000944s)
[2019.10.27-21.38.56:094][542]LogPlayLevel: PIE: Created PIE world by copying editor world from /Game/Maps/Gladiator.Gladiator to /Game/Maps/UEDPIE_0_Gladiator.Gladiator (0.002957s)
[2019.10.27-21.38.56:112][542]LogUObjectHash: Compacting FUObjectHashTables data took   1.07ms
[2019.10.27-21.38.56:125][542]LogInit: XAudio2 using 'Realtek HD Audio 2nd output (Realtek High Definition Audio)' : 2 channels at 48 kHz using 32 bits per sample (channel mask 0x3)
[2019.10.27-21.38.56:138][542]LogInit: FAudioDevice initialized.
[2019.10.27-21.38.56:615][542]LogLoad: Game class is 'BP_GladiatorGameMode_C'
[2019.10.27-21.38.56:616][542]LogWorld: Bringing World /Game/Maps/UEDPIE_0_Gladiator.Gladiator up for play (max tick rate 0) at 2019.10.27-21.38.56
[2019.10.27-21.38.56:616][542]LogWorld: Bringing up level for play took: 0.000446
[2019.10.27-21.38.56:616][542]LogOnline: OSS: Creating online subsystem instance for: :Context_3
[2019.10.27-21.38.56:639][542]LogContentBrowser: Native class hierarchy updated for 'MovieSceneCapture' in 0.0003 seconds. Added 20 classes and 0 folders.
[2019.10.27-21.38.56:641][542]PIE: Play in editor start time for /Game/Maps/UEDPIE_0_Gladiator 1.474
[2019.10.27-21.38.56:641][542]LogBlueprintUserMessages: Late PlayInEditor Detection: Level '/Game/Maps/Gladiator.Gladiator:PersistentLevel' has LevelScriptBlueprint '/Game/Maps/Gladiator.Gladiator:PersistentLevel.Gladiator' with GeneratedClass '/Game/Maps/Gladiator.Gladiator_C' with ClassGeneratedBy '/Game/Maps/Gladiator.Gladiator:PersistentLevel.Gladiator'
[2019.10.27-21.39.13:679][578]LogBlueprintUserMessages: Early EndPlayMap Detection: Level '/Game/Maps/Gladiator.Gladiator:PersistentLevel' has LevelScriptBlueprint '/Game/Maps/Gladiator.Gladiator:PersistentLevel.Gladiator' with GeneratedClass '/Game/Maps/Gladiator.Gladiator_C' with ClassGeneratedBy '/Game/Maps/Gladiator.Gladiator:PersistentLevel.Gladiator'
[2019.10.27-21.39.13:679][578]LogSlate: Updating window title bar state: overlay mode, drag disabled, window buttons hidden, title bar hidden
[2019.10.27-21.39.13:679][578]LogWorld: BeginTearingDown for /Game/Maps/UEDPIE_0_Gladiator
[2019.10.27-21.39.13:679][578]LogWorld: UWorld::CleanupWorld for Gladiator, bSessionEnded=true, bCleanupResources=true
[2019.10.27-21.39.13:685][578]LogPlayLevel: Display: Shutting down PIE online subsystems
[2019.10.27-21.39.13:685][578]LogBlueprintUserMessages: Late EndPlayMap Detection: Level '/Game/Maps/Gladiator.Gladiator:PersistentLevel' has LevelScriptBlueprint '/Game/Maps/Gladiator.Gladiator:PersistentLevel.Gladiator' with GeneratedClass '/Game/Maps/Gladiator.Gladiator_C' with ClassGeneratedBy '/Game/Maps/Gladiator.Gladiator:PersistentLevel.Gladiator'
[2019.10.27-21.39.13:706][578]LogSlate: Updating window title bar state: overlay mode, drag disabled, window buttons hidden, title bar hidden
[2019.10.27-21.39.13:708][578]LogUObjectHash: Compacting FUObjectHashTables data took   1.81ms
[2019.10.27-21.39.13:785][586]LogPlayLevel: Display: Destroying online subsystem :Context_3
[2019.10.27-21.39.16:044][857]LogSlate: FSceneViewport::OnFocusLost() reason 0
[2019.10.27-21.39.47:950][499]LogSlate: Took 0.000430 seconds to synchronously load lazily loaded font '../../../Engine/Content/Slate/Fonts/Roboto-Light.ttf' (167K)
[2019.10.27-21.39.47:987][499]LogAssetEditorManager: Opening Asset editor for Class /Script/Gladiator.Player_Controller
[2019.10.27-21.48.11:959][986]LogUObjectHash: Compacting FUObjectHashTables data took   0.96ms
[2019.10.27-21.48.12:002][986]Cmd: OBJ SAVEPACKAGE PACKAGE="/Game/Maps/Gladiator" FILE="E:/Unreal_Project/Gladiator/Gladiators/Gladiator/Saved/Autosaves/Game/Maps/Gladiator_Auto1.umap" SILENT=true AUTOSAVING=true KEEPDIRTY=false
[2019.10.27-21.48.13:768][986]LogSavePackage: Moving 'E:/Unreal_Project/Gladiator/Gladiators/Gladiator/Saved/Gladiator_Auto1EBC471A944EA4579507D699A6999D8DE.tmp' to 'E:/Unreal_Project/Gladiator/Gladiators/Gladiator/Saved/Autosaves/Game/Maps/Gladiator_Auto1.umap'
[2019.10.27-21.48.13:914][986]LogFileHelpers: Editor autosave (incl. sublevels) for '/Game/Maps/Gladiator' took 1.976
[2019.10.27-21.48.13:914][986]LogFileHelpers: Editor autosave (incl. sublevels) for all levels took 1.976
[2019.10.27-21.48.29:916][430]LogScript: Warning: Accessed None trying to read property CallFunc_GetPlayerController_ReturnValue
	Player_Character_C /Engine/Transient.World_2:PersistentLevel.Player_Character_BP_C_0.CharacterMesh0.Player_Character_C_0
	Function /Game/Mesh/PlayerMesh/Anim_BP/Player_Character.Player_Character_C:ExecuteUbergraph_Player_Character:019C
[2019.10.27-21.48.30:896][537]LogScript: Warning: Accessed None trying to read property CallFunc_GetPlayerController_ReturnValue
	Player_Character_C /Game/Maps/Gladiator.Gladiator:PersistentLevel.Player_Character_BP_C_0.CharacterMesh0.Player_Character_C_0
	Function /Game/Mesh/PlayerMesh/Anim_BP/Player_Character.Player_Character_C:ExecuteUbergraph_Player_Character:019C
[2019.10.27-21.48.30:896][537]LogScript: Warning: Accessed None trying to read property CallFunc_GetPlayerController_ReturnValue
	Player_Character_C /Game/Maps/Gladiator.Gladiator:PersistentLevel.Player_Character_BP.CharacterMesh0.Player_Character_C_0
	Function /Game/Mesh/PlayerMesh/Anim_BP/Player_Character.Player_Character_C:ExecuteUbergraph_Player_Character:019C
[2019.10.27-21.48.30:897][537]LogScript: Warning: Accessed None trying to read property CallFunc_GetPlayerController_ReturnValue
	Player_Character_C /Game/Maps/Gladiator.Gladiator:PersistentLevel.Player_Character_BP.CharacterMesh0.Player_Character_C_0
	Function /Game/Mesh/PlayerMesh/Anim_BP/Player_Character.Player_Character_C:ExecuteUbergraph_Player_Character:019C
[2019.10.27-21.48.31:153][564]LogScript: Warning: Accessed None trying to read property CallFunc_GetPlayerController_ReturnValue
	Player_Character_C /Game/Maps/Gladiator.Gladiator:PersistentLevel.Player_Character_BP_C_1.CharacterMesh0.Player_Character_C_0
	Function /Game/Mesh/PlayerMesh/Anim_BP/Player_Character.Player_Character_C:ExecuteUbergraph_Player_Character:019C
[2019.10.27-21.48.31:154][564]LogScript: Warning: Accessed None trying to read property CallFunc_GetPlayerController_ReturnValue
	Player_Character_C /Game/Maps/Gladiator.Gladiator:PersistentLevel.Player_Character_BP_2.CharacterMesh0.Player_Character_C_0
	Function /Game/Mesh/PlayerMesh/Anim_BP/Player_Character.Player_Character_C:ExecuteUbergraph_Player_Character:019C
[2019.10.27-21.48.31:154][564]LogScript: Warning: Accessed None trying to read property CallFunc_GetPlayerController_ReturnValue
	Player_Character_C /Game/Maps/Gladiator.Gladiator:PersistentLevel.Player_Character_BP_2.CharacterMesh0.Player_Character_C_0
	Function /Game/Mesh/PlayerMesh/Anim_BP/Player_Character.Player_Character_C:ExecuteUbergraph_Player_Character:019C
[2019.10.27-21.48.39:945][608]Cmd: DELETE
[2019.10.27-21.48.39:945][608]Cmd: ACTOR DELETE
[2019.10.27-21.48.39:965][608]LogEditorActor: Deleted Actor: Player_Character_BP_C
[2019.10.27-21.48.40:038][608]LogUObjectHash: Compacting FUObjectHashTables data took   1.42ms
[2019.10.27-21.48.40:038][608]LogEditorActor: Deleted 1 Actors (0.074 secs)
[2019.10.27-21.49.20:776][880]LogSlate: FSceneViewport::OnFocusLost() reason 0
[2019.10.27-21.49.22:474][ 59]LogScript: Warning: Accessed None trying to read property CallFunc_GetPlayerController_ReturnValue
	Player_Character_C /Game/Maps/Gladiator.Gladiator:PersistentLevel.Player_Character_BP_C_3.CharacterMesh0.Player_Character_C_0
	Function /Game/Mesh/PlayerMesh/Anim_BP/Player_Character.Player_Character_C:ExecuteUbergraph_Player_Character:019C
[2019.10.27-21.49.22:475][ 59]LogScript: Warning: Accessed None trying to read property CallFunc_GetPlayerController_ReturnValue
	Player_Character_C /Game/Maps/Gladiator.Gladiator:PersistentLevel.Player_Character_BP.CharacterMesh0.Player_Character_C_0
	Function /Game/Mesh/PlayerMesh/Anim_BP/Player_Character.Player_Character_C:ExecuteUbergraph_Player_Character:019C
[2019.10.27-21.49.22:475][ 59]LogScript: Warning: Accessed None trying to read property CallFunc_GetPlayerController_ReturnValue
	Player_Character_C /Game/Maps/Gladiator.Gladiator:PersistentLevel.Player_Character_BP.CharacterMesh0.Player_Character_C_0
	Function /Game/Mesh/PlayerMesh/Anim_BP/Player_Character.Player_Character_C:ExecuteUbergraph_Player_Character:019C
[2019.10.27-21.49.22:688][ 84]LogScript: Warning: Accessed None trying to read property CallFunc_GetPlayerController_ReturnValue
	Player_Character_C /Game/Maps/Gladiator.Gladiator:PersistentLevel.Player_Character_BP_C_4.CharacterMesh0.Player_Character_C_0
	Function /Game/Mesh/PlayerMesh/Anim_BP/Player_Character.Player_Character_C:ExecuteUbergraph_Player_Character:019C
[2019.10.27-21.49.22:689][ 84]LogScript: Warning: Accessed None trying to read property CallFunc_GetPlayerController_ReturnValue
	Player_Character_C /Game/Maps/Gladiator.Gladiator:PersistentLevel.Player_Character_BP_5.CharacterMesh0.Player_Character_C_0
	Function /Game/Mesh/PlayerMesh/Anim_BP/Player_Character.Player_Character_C:ExecuteUbergraph_Player_Character:019C
[2019.10.27-21.49.22:689][ 84]LogScript: Warning: Accessed None trying to read property CallFunc_GetPlayerController_ReturnValue
	Player_Character_C /Game/Maps/Gladiator.Gladiator:PersistentLevel.Player_Character_BP_5.CharacterMesh0.Player_Character_C_0
	Function /Game/Mesh/PlayerMesh/Anim_BP/Player_Character.Player_Character_C:ExecuteUbergraph_Player_Character:019C
[2019.10.27-21.49.45:157][952]LogSlate: FSceneViewport::OnFocusLost() reason 5
[2019.10.27-21.49.48:557][334]LogSlate: FSceneViewport::OnFocusLost() reason 5
[2019.10.27-21.49.54:621][859]LogSlate: FSceneViewport::OnFocusLost() reason 5
[2019.10.27-21.49.54:624][859]LogSlate: Window 'Editor Preferences' being destroyed
[2019.10.27-21.50.07:931][439]LogSlate: Window 'Editor Preferences' being destroyed
[2019.10.27-21.50.07:933][439]LogSlate: Window 'Editor Preferences' being destroyed
[2019.10.27-21.50.38:138][392]LogSlate: FSceneViewport::OnFocusLost() reason 5
[2019.10.27-21.50.49:034][497]LogSlate: Took 0.015511 seconds to synchronously load lazily loaded font '../../../Engine/Content/Slate/Fonts/Roboto-Italic.ttf' (157K)
[2019.10.27-21.50.52:224][868]LogSlate: FSceneViewport::OnFocusLost() reason 0
[2019.10.27-21.51.48:062][702]Candidate modules for hot reload:
[2019.10.27-21.51.48:063][702]  Gladiator
[2019.10.27-21.51.48:063][702]Launching UnrealBuildTool... [C:/Program Files/Epic Games/UE_4.23/Engine/Binaries/DotNET/UnrealBuildTool.exe  -ModuleWithSuffix=Gladiator,7564 Win64 Development -TargetType=Editor -Project="E:/Unreal_Project/Gladiator/Gladiators/Gladiator/Gladiator.uproject" "E:/Unreal_Project/Gladiator/Gladiators/Gladiator/Gladiator.uproject"  -IgnoreJunk]
[2019.10.27-21.51.48:064][702]Warning: Starting HotReload took  0.1s.
[2019.10.27-21.53.58:681][587]LogSlate: FSceneViewport::OnFocusLost() reason 5
[2019.10.27-21.54.07:194][583]CompilerResultsLog: New page: Compilation - 27 Oct 2019 21:54:07
[2019.10.27-21.54.07:194][583]CompilerResultsLog: Using 'git status' to determine working set for adaptive non-unity build (E:\Unreal_Project\Gladiator\Gladiators).
[2019.10.27-21.54.07:194][583]CompilerResultsLog: Parsing headers for GladiatorEditor
[2019.10.27-21.54.07:194][583]CompilerResultsLog:   Running UnrealHeaderTool "E:\Unreal_Project\Gladiator\Gladiators\Gladiator\Gladiator.uproject" "E:\Unreal_Project\Gladiator\Gladiators\Gladiator\Intermediate\Build\Win64\GladiatorEditor\Development\GladiatorEditor.uhtmanifest" -LogCmds="loginit warning, logexit warning, logdatabase error" -Unattended -WarningsAsErrors -installed
[2019.10.27-21.54.07:194][583]CompilerResultsLog: Reflection code generated for GladiatorEditor in 9.8787996 seconds
[2019.10.27-21.54.07:194][583]CompilerResultsLog: Using Visual Studio 2019 14.23.28105 toolchain (C:\Program Files (x86)\Microsoft Visual Studio\2019\Community\VC\Tools\MSVC\14.23.28105) and Windows 10.0.17763.0 SDK (C:\Program Files (x86)\Windows Kits\10).
[2019.10.27-21.54.07:194][583]CompilerResultsLog: Building 6 actions with 8 processes...
[2019.10.27-21.54.07:194][583]LogMainFrame: MainFrame: Module compiling took 139.193 seconds
[2019.10.27-21.54.07:194][583]Warning: HotReload failed, recompile failed
[2019.10.27-21.54.09:571][861]Cmd: OBJ SAVEPACKAGE PACKAGE="/Game/Maps/Gladiator" FILE="E:/Unreal_Project/Gladiator/Gladiators/Gladiator/Content/Maps/Gladiator.umap" SILENT=true AUTOSAVING=false KEEPDIRTY=false
[2019.10.27-21.54.09:618][861]LogUObjectHash: Compacting FUObjectHashTables data took   1.12ms
[2019.10.27-21.54.09:924][861]LogSavePackage: Moving 'E:/Unreal_Project/Gladiator/Gladiators/Gladiator/Saved/Gladiator9B76E2184E26EC03A9FAF483357B7D84.tmp' to 'E:/Unreal_Project/Gladiator/Gladiators/Gladiator/Content/Maps/Gladiator.umap'
[2019.10.27-21.54.10:644][861]Cmd: OBJ SAVEPACKAGE PACKAGE="/Game/Maps/Gladiator_BuiltData" FILE="E:/Unreal_Project/Gladiator/Gladiators/Gladiator/Content/Maps/Gladiator_BuiltData.uasset" SILENT=true
[2019.10.27-21.54.11:512][861]LogSavePackage: Moving 'E:/Unreal_Project/Gladiator/Gladiators/Gladiator/Saved/Gladiator_BuiltDataC760994340AB7EB6902CEE9875906165.tmp' to 'E:/Unreal_Project/Gladiator/Gladiators/Gladiator/Content/Maps/Gladiator_BuiltData.uasset'
[2019.10.27-21.54.13:004][ 26]LogSlate: FSceneViewport::OnFocusLost() reason 0
[2019.10.27-21.54.13:107][ 38]LogVSAccessor: Warning: Visual Studio is open but could not be queried - it may be blocked by a modal operation
[2019.10.27-21.54.13:108][ 38]LogVSAccessor: Warning: Couldn't access Visual Studio
[2019.10.27-21.54.13:109][ 38]Candidate modules for hot reload:
[2019.10.27-21.54.13:110][ 38]  Gladiator
[2019.10.27-21.54.13:110][ 38]Launching UnrealBuildTool... [C:/Program Files/Epic Games/UE_4.23/Engine/Binaries/DotNET/UnrealBuildTool.exe  -ModuleWithSuffix=Gladiator,8420 Win64 Development -TargetType=Editor -Project="E:/Unreal_Project/Gladiator/Gladiators/Gladiator/Gladiator.uproject" "E:/Unreal_Project/Gladiator/Gladiators/Gladiator/Gladiator.uproject"  -IgnoreJunk]
[2019.10.27-21.54.13:111][ 38]Warning: Starting HotReload took  0.0s.
[2019.10.27-21.54.25:378][924]LogSlate: Window 'Message Log' being destroyed
[2019.10.27-21.54.25:389][924]LogSlate: Window 'Message Log' being destroyed
[2019.10.27-21.58.04:138][160]LogSlate: FSceneViewport::OnFocusLost() reason 0
[2019.10.27-21.58.04:245][173]CompilerResultsLog: New page: Compilation - 27 Oct 2019 21:58:04
[2019.10.27-21.58.04:245][173]CompilerResultsLog: Using 'git status' to determine working set for adaptive non-unity build (E:\Unreal_Project\Gladiator\Gladiators).
[2019.10.27-21.58.04:245][173]CompilerResultsLog: Parsing headers for GladiatorEditor
[2019.10.27-21.58.04:245][173]CompilerResultsLog:   Running UnrealHeaderTool "E:\Unreal_Project\Gladiator\Gladiators\Gladiator\Gladiator.uproject" "E:\Unreal_Project\Gladiator\Gladiators\Gladiator\Intermediate\Build\Win64\GladiatorEditor\Development\GladiatorEditor.uhtmanifest" -LogCmds="loginit warning, logexit warning, logdatabase error" -Unattended -WarningsAsErrors -installed
[2019.10.27-21.58.04:245][173]CompilerResultsLog: Reflection code generated for GladiatorEditor in 5.0860262 seconds
[2019.10.27-21.58.04:245][173]CompilerResultsLog: Using Visual Studio 2019 14.23.28105 toolchain (C:\Program Files (x86)\Microsoft Visual Studio\2019\Community\VC\Tools\MSVC\14.23.28105) and Windows 10.0.17763.0 SDK (C:\Program Files (x86)\Windows Kits\10).
[2019.10.27-21.58.04:245][173]CompilerResultsLog: Building 6 actions with 8 processes...
[2019.10.27-21.58.04:245][173]LogMainFrame: MainFrame: Module compiling took 231.138 seconds
[2019.10.27-21.58.04:245][173]Warning: HotReload failed, recompile failed
[2019.10.27-21.58.06:507][436]Cmd: OBJ SAVEPACKAGE PACKAGE="/Game/Maps/Gladiator" FILE="E:/Unreal_Project/Gladiator/Gladiators/Gladiator/Content/Maps/Gladiator.umap" SILENT=true AUTOSAVING=false KEEPDIRTY=false
[2019.10.27-21.58.06:529][436]LogUObjectHash: Compacting FUObjectHashTables data took   1.59ms
[2019.10.27-21.58.06:634][436]LogSavePackage: Moving 'E:/Unreal_Project/Gladiator/Gladiators/Gladiator/Saved/Gladiator003752EE46F81B6D5726788D997E0E56.tmp' to 'E:/Unreal_Project/Gladiator/Gladiators/Gladiator/Content/Maps/Gladiator.umap'
[2019.10.27-21.58.06:657][436]Cmd: OBJ SAVEPACKAGE PACKAGE="/Game/Maps/Gladiator_BuiltData" FILE="E:/Unreal_Project/Gladiator/Gladiators/Gladiator/Content/Maps/Gladiator_BuiltData.uasset" SILENT=true
[2019.10.27-21.58.06:711][436]LogSavePackage: Moving 'E:/Unreal_Project/Gladiator/Gladiators/Gladiator/Saved/Gladiator_BuiltDataC396B04446CD2BBF2C8C01AD38046FAE.tmp' to 'E:/Unreal_Project/Gladiator/Gladiators/Gladiator/Content/Maps/Gladiator_BuiltData.uasset'
[2019.10.27-21.58.31:621][918]LogSlate: FSceneViewport::OnFocusLost() reason 0
[2019.10.27-21.58.31:704][928]LogVSAccessor: Warning: Couldn't access Visual Studio
[2019.10.27-21.58.31:705][928]Candidate modules for hot reload:
[2019.10.27-21.58.31:705][928]  Gladiator
[2019.10.27-21.58.31:705][928]Launching UnrealBuildTool... [C:/Program Files/Epic Games/UE_4.23/Engine/Binaries/DotNET/UnrealBuildTool.exe  -ModuleWithSuffix=Gladiator,6553 Win64 Development -TargetType=Editor -Project="E:/Unreal_Project/Gladiator/Gladiators/Gladiator/Gladiator.uproject" "E:/Unreal_Project/Gladiator/Gladiators/Gladiator/Gladiator.uproject"  -IgnoreJunk]
[2019.10.27-21.58.31:706][928]Warning: Starting HotReload took  0.0s.
[2019.10.27-22.00.26:698][341]CompilerResultsLog: New page: Compilation - 27 Oct 2019 22:00:26
[2019.10.27-22.00.26:698][341]CompilerResultsLog: Using 'git status' to determine working set for adaptive non-unity build (E:\Unreal_Project\Gladiator\Gladiators).
[2019.10.27-22.00.26:698][341]CompilerResultsLog: Parsing headers for GladiatorEditor
[2019.10.27-22.00.26:698][341]CompilerResultsLog:   Running UnrealHeaderTool "E:\Unreal_Project\Gladiator\Gladiators\Gladiator\Gladiator.uproject" "E:\Unreal_Project\Gladiator\Gladiators\Gladiator\Intermediate\Build\Win64\GladiatorEditor\Development\GladiatorEditor.uhtmanifest" -LogCmds="loginit warning, logexit warning, logdatabase error" -Unattended -WarningsAsErrors -installed
[2019.10.27-22.00.26:698][341]CompilerResultsLog: Reflection code generated for GladiatorEditor in 6.1449791 seconds
[2019.10.27-22.00.26:698][341]CompilerResultsLog: Using Visual Studio 2019 14.23.28105 toolchain (C:\Program Files (x86)\Microsoft Visual Studio\2019\Community\VC\Tools\MSVC\14.23.28105) and Windows 10.0.17763.0 SDK (C:\Program Files (x86)\Windows Kits\10).
[2019.10.27-22.00.26:698][341]CompilerResultsLog: Building 6 actions with 8 processes...
[2019.10.27-22.00.26:698][341]CompilerResultsLog:   [1/6] Gladiator.init.gen.cpp
[2019.10.27-22.00.26:698][341]CompilerResultsLog:   [2/6] Player_Controller.gen.cpp
[2019.10.27-22.00.26:698][341]CompilerResultsLog:   [3/6] Player_Controller.cpp
[2019.10.27-22.00.26:699][341]CompilerResultsLog:   [4/6] UE4Editor-Gladiator-6553.lib
[2019.10.27-22.00.26:699][341]CompilerResultsLog:      Creating library E:\Unreal_Project\Gladiator\Gladiators\Gladiator\Intermediate\Build\Win64\UE4Editor\Development\Gladiator\UE4Editor-Gladiator-6553.lib and object E:\Unreal_Project\Gladiator\Gladiators\Gladiator\Intermediate\Build\Win64\UE4Editor\Development\Gladiator\UE4Editor-Gladiator-6553.exp
[2019.10.27-22.00.26:699][341]CompilerResultsLog:   [5/6] UE4Editor-Gladiator-6553.dll
[2019.10.27-22.00.26:699][341]CompilerResultsLog:      Creating library E:\Unreal_Project\Gladiator\Gladiators\Gladiator\Intermediate\Build\Win64\UE4Editor\Development\Gladiator\UE4Editor-Gladiator-6553.suppressed.lib and object E:\Unreal_Project\Gladiator\Gladiators\Gladiator\Intermediate\Build\Win64\UE4Editor\Development\Gladiator\UE4Editor-Gladiator-6553.suppressed.exp
[2019.10.27-22.00.26:699][341]CompilerResultsLog:   [6/6] GladiatorEditor.target
[2019.10.27-22.00.26:699][341]CompilerResultsLog: Total time in Parallel executor: 107.55 seconds
[2019.10.27-22.00.26:699][341]CompilerResultsLog: Total execution time: 114.84 seconds
[2019.10.27-22.00.26:699][341]LogMainFrame: MainFrame: Module compiling took 114.995 seconds
[2019.10.27-22.00.26:729][341]LogUObjectHash: Compacting FUObjectHashTables data took   1.54ms
[2019.10.27-22.00.29:769][341]LogClass: Could not find existing class Player_Controller in package /Script/Gladiator for HotReload, assuming new class
[2019.10.27-22.00.29:780][341]LogClass: Function MoveForward is new.
[2019.10.27-22.00.29:780][341]LogClass: Function MoveRight is new.
[2019.10.27-22.00.29:780][341]LogClass: Function StartJump is new.
[2019.10.27-22.00.29:780][341]LogClass: Function StopJump is new.
[2019.10.27-22.00.29:784][341]LogHotReload: Re-instancing Player_Controller after hot-reload.
[2019.10.27-22.00.29:812][341]LogScript: Warning: Accessed None trying to read property CallFunc_GetPlayerController_ReturnValue
	Player_Character_C /Engine/Transient.World_2:PersistentLevel.Player_Character_BP_C_0.CharacterMesh0.Player_Character_C_0
	Function /Game/Mesh/PlayerMesh/Anim_BP/Player_Character.Player_Character_C:ExecuteUbergraph_Player_Character:019C
[2019.10.27-22.00.29:813][341]LogScript: Warning: Accessed None trying to read property CallFunc_GetPlayerController_ReturnValue
	Player_Character_C /Engine/Transient.World_2:PersistentLevel.Player_Character_BP_C_0.CharacterMesh0.Player_Character_C_1
	Function /Game/Mesh/PlayerMesh/Anim_BP/Player_Character.Player_Character_C:ExecuteUbergraph_Player_Character:019C
[2019.10.27-22.00.29:813][341]LogScript: Warning: Accessed None trying to read property CallFunc_GetPlayerController_ReturnValue
	Player_Character_C /Game/Maps/Gladiator.Gladiator:PersistentLevel.Player_Character_BP_5.CharacterMesh0.Player_Character_C_0
	Function /Game/Mesh/PlayerMesh/Anim_BP/Player_Character.Player_Character_C:ExecuteUbergraph_Player_Character:019C
[2019.10.27-22.00.29:856][341]LogScript: Warning: Accessed None trying to read property CallFunc_GetPlayerController_ReturnValue
	Player_Character_C /Game/Maps/Gladiator.Gladiator:PersistentLevel.Player_Character_BP_5.CharacterMesh0.Player_Character_C_1
	Function /Game/Mesh/PlayerMesh/Anim_BP/Player_Character.Player_Character_C:ExecuteUbergraph_Player_Character:019C
[2019.10.27-22.00.30:116][341]LogContentBrowser: Native class hierarchy updated for 'Gladiator' in 0.0003 seconds. Added 2 classes and 2 folders.
[2019.10.27-22.00.30:118][341]Display: HotReload successful (0 functions remapped  0 scriptstructs remapped)
[2019.10.27-22.00.30:163][341]LogUObjectHash: Compacting FUObjectHashTables data took   1.39ms
[2019.10.27-22.00.30:180][341]LogContentBrowser: Native class hierarchy populated in 0.0060 seconds. Added 2866 classes and 684 folders.
[2019.10.27-22.00.30:231][341]Display: HotReload took 118.5s.
[2019.10.27-22.00.30:473][342]LogScript: Warning: Accessed None trying to read property CallFunc_GetPlayerController_ReturnValue
	Player_Character_C /Engine/Transient.World_2:PersistentLevel.Player_Character_BP_C_1.CharacterMesh0.Player_Character_C_0
	Function /Game/Mesh/PlayerMesh/Anim_BP/Player_Character.Player_Character_C:ExecuteUbergraph_Player_Character:019C
[2019.10.27-22.00.38:849][268]LogSlate: FSceneViewport::OnFocusLost() reason 0
[2019.10.27-22.01.20:919][ 52]Cmd: DELETE
[2019.10.27-22.01.20:919][ 52]Cmd: ACTOR DELETE
[2019.10.27-22.01.20:920][ 52]LogEditorActor: Deleted Actor: Player_Character_BP_C
[2019.10.27-22.01.20:946][ 52]LogUObjectHash: Compacting FUObjectHashTables data took   1.18ms
[2019.10.27-22.01.20:946][ 52]LogEditorActor: Deleted 1 Actors (0.027 secs)
[2019.10.27-22.01.22:320][217]LogTemp: Repeating last play command: Selected Viewport
[2019.10.27-22.01.22:332][217]LogBlueprintUserMessages: Early PlayInEditor Detection: Level '/Game/Maps/Gladiator.Gladiator:PersistentLevel' has LevelScriptBlueprint '/Game/Maps/Gladiator.Gladiator:PersistentLevel.Gladiator' with GeneratedClass '/Game/Maps/Gladiator.Gladiator_C' with ClassGeneratedBy '/Game/Maps/Gladiator.Gladiator:PersistentLevel.Gladiator'
[2019.10.27-22.01.22:332][217]LogPlayLevel: PlayLevel: No blueprints needed recompiling
[2019.10.27-22.01.22:332][217]PIE: New page: PIE session: Gladiator (27 Oct 2019 22:01:22)
[2019.10.27-22.01.22:332][217]LogPlayLevel: Creating play world package: /Game/Maps/UEDPIE_0_Gladiator
[2019.10.27-22.01.22:333][217]LogPlayLevel: PIE: StaticDuplicateObject took: (0.001635s)
[2019.10.27-22.01.22:334][217]LogAIModule: Creating AISystem for world Gladiator
[2019.10.27-22.01.22:334][217]LogPlayLevel: PIE: World Init took: (0.000858s)
[2019.10.27-22.01.22:334][217]LogPlayLevel: PIE: Created PIE world by copying editor world from /Game/Maps/Gladiator.Gladiator to /Game/Maps/UEDPIE_0_Gladiator.Gladiator (0.002593s)
[2019.10.27-22.01.22:351][217]LogUObjectHash: Compacting FUObjectHashTables data took   1.01ms
[2019.10.27-22.01.22:366][217]LogInit: XAudio2 using 'Realtek HD Audio 2nd output (Realtek High Definition Audio)' : 2 channels at 48 kHz using 32 bits per sample (channel mask 0x3)
[2019.10.27-22.01.22:379][217]LogInit: FAudioDevice initialized.
[2019.10.27-22.01.22:401][217]LogLoad: Game class is 'BP_GladiatorGameMode_C'
[2019.10.27-22.01.22:402][217]LogWorld: Bringing World /Game/Maps/UEDPIE_0_Gladiator.Gladiator up for play (max tick rate 0) at 2019.10.27-22.01.22
[2019.10.27-22.01.22:402][217]LogWorld: Bringing up level for play took: 0.000415
[2019.10.27-22.01.22:402][217]LogOnline: OSS: Creating online subsystem instance for: :Context_7
[2019.10.27-22.01.22:404][217]PIE: Play in editor start time for /Game/Maps/UEDPIE_0_Gladiator -0.763
[2019.10.27-22.01.22:404][217]LogBlueprintUserMessages: Late PlayInEditor Detection: Level '/Game/Maps/Gladiator.Gladiator:PersistentLevel' has LevelScriptBlueprint '/Game/Maps/Gladiator.Gladiator:PersistentLevel.Gladiator' with GeneratedClass '/Game/Maps/Gladiator.Gladiator_C' with ClassGeneratedBy '/Game/Maps/Gladiator.Gladiator:PersistentLevel.Gladiator'
[2019.10.27-22.01.29:436][ 59]LogBlueprintUserMessages: Early EndPlayMap Detection: Level '/Game/Maps/Gladiator.Gladiator:PersistentLevel' has LevelScriptBlueprint '/Game/Maps/Gladiator.Gladiator:PersistentLevel.Gladiator' with GeneratedClass '/Game/Maps/Gladiator.Gladiator_C' with ClassGeneratedBy '/Game/Maps/Gladiator.Gladiator:PersistentLevel.Gladiator'
[2019.10.27-22.01.29:436][ 59]LogSlate: Updating window title bar state: overlay mode, drag disabled, window buttons hidden, title bar hidden
[2019.10.27-22.01.29:436][ 59]LogWorld: BeginTearingDown for /Game/Maps/UEDPIE_0_Gladiator
[2019.10.27-22.01.29:437][ 59]LogWorld: UWorld::CleanupWorld for Gladiator, bSessionEnded=true, bCleanupResources=true
[2019.10.27-22.01.29:445][ 59]LogPlayLevel: Display: Shutting down PIE online subsystems
[2019.10.27-22.01.29:445][ 59]LogBlueprintUserMessages: Late EndPlayMap Detection: Level '/Game/Maps/Gladiator.Gladiator:PersistentLevel' has LevelScriptBlueprint '/Game/Maps/Gladiator.Gladiator:PersistentLevel.Gladiator' with GeneratedClass '/Game/Maps/Gladiator.Gladiator_C' with ClassGeneratedBy '/Game/Maps/Gladiator.Gladiator:PersistentLevel.Gladiator'
[2019.10.27-22.01.29:465][ 59]LogSlate: Updating window title bar state: overlay mode, drag disabled, window buttons hidden, title bar hidden
[2019.10.27-22.01.29:467][ 59]LogUObjectHash: Compacting FUObjectHashTables data took   1.08ms
[2019.10.27-22.01.29:542][ 67]LogPlayLevel: Display: Destroying online subsystem :Context_7
[2019.10.27-22.01.31:559][309]LogSlate: FSceneViewport::OnFocusLost() reason 0
[2019.10.27-22.01.33:555][548]LogAssetEditorManager: Opening Asset editor for Class /Script/Gladiator.Player_Controller
[2019.10.27-22.03.04:885][840]LogSlate: FSceneViewport::OnFocusLost() reason 0
[2019.10.27-22.03.05:185][840]Candidate modules for hot reload:
[2019.10.27-22.03.05:185][840]  Gladiator
[2019.10.27-22.03.05:185][840]Launching UnrealBuildTool... [C:/Program Files/Epic Games/UE_4.23/Engine/Binaries/DotNET/UnrealBuildTool.exe  -ModuleWithSuffix=Gladiator,7717 Win64 Development -TargetType=Editor -Project="E:/Unreal_Project/Gladiator/Gladiators/Gladiator/Gladiator.uproject" "E:/Unreal_Project/Gladiator/Gladiators/Gladiator/Gladiator.uproject"  -IgnoreJunk]
[2019.10.27-22.03.05:186][840]Warning: Starting HotReload took  0.0s.
[2019.10.27-22.03.34:193][287]CompilerResultsLog: New page: Compilation - 27 Oct 2019 22:03:34
[2019.10.27-22.03.34:193][287]CompilerResultsLog: Using 'git status' to determine working set for adaptive non-unity build (E:\Unreal_Project\Gladiator\Gladiators).
[2019.10.27-22.03.34:193][287]CompilerResultsLog: Parsing headers for GladiatorEditor
[2019.10.27-22.03.34:193][287]CompilerResultsLog:   Running UnrealHeaderTool "E:\Unreal_Project\Gladiator\Gladiators\Gladiator\Gladiator.uproject" "E:\Unreal_Project\Gladiator\Gladiators\Gladiator\Intermediate\Build\Win64\GladiatorEditor\Development\GladiatorEditor.uhtmanifest" -LogCmds="loginit warning, logexit warning, logdatabase error" -Unattended -WarningsAsErrors -installed
[2019.10.27-22.03.34:193][287]CompilerResultsLog: Reflection code generated for GladiatorEditor in 6.5485071 seconds
[2019.10.27-22.03.34:193][287]CompilerResultsLog: Using Visual Studio 2019 14.23.28105 toolchain (C:\Program Files (x86)\Microsoft Visual Studio\2019\Community\VC\Tools\MSVC\14.23.28105) and Windows 10.0.17763.0 SDK (C:\Program Files (x86)\Windows Kits\10).
[2019.10.27-22.03.34:193][287]CompilerResultsLog: Building 6 actions with 8 processes...
[2019.10.27-22.03.34:193][287]CompilerResultsLog:   [1/6] Gladiator.init.gen.cpp
[2019.10.27-22.03.34:193][287]CompilerResultsLog:   [2/6] Player_Controller.gen.cpp
[2019.10.27-22.03.34:193][287]CompilerResultsLog:   [3/6] Player_Controller.cpp
[2019.10.27-22.03.34:193][287]CompilerResultsLog:   [4/6] UE4Editor-Gladiator-7717.lib
[2019.10.27-22.03.34:193][287]CompilerResultsLog:      Creating library E:\Unreal_Project\Gladiator\Gladiators\Gladiator\Intermediate\Build\Win64\UE4Editor\Development\Gladiator\UE4Editor-Gladiator-7717.lib and object E:\Unreal_Project\Gladiator\Gladiators\Gladiator\Intermediate\Build\Win64\UE4Editor\Development\Gladiator\UE4Editor-Gladiator-7717.exp
[2019.10.27-22.03.34:193][287]CompilerResultsLog:   [5/6] UE4Editor-Gladiator-7717.dll
[2019.10.27-22.03.34:193][287]CompilerResultsLog:      Creating library E:\Unreal_Project\Gladiator\Gladiators\Gladiator\Intermediate\Build\Win64\UE4Editor\Development\Gladiator\UE4Editor-Gladiator-7717.suppressed.lib and object E:\Unreal_Project\Gladiator\Gladiators\Gladiator\Intermediate\Build\Win64\UE4Editor\Development\Gladiator\UE4Editor-Gladiator-7717.suppressed.exp
[2019.10.27-22.03.34:193][287]CompilerResultsLog:   [6/6] GladiatorEditor.target
[2019.10.27-22.03.34:193][287]CompilerResultsLog: Total time in Parallel executor: 19.81 seconds
[2019.10.27-22.03.34:193][287]CompilerResultsLog: Total execution time: 28.86 seconds
[2019.10.27-22.03.34:193][287]LogMainFrame: MainFrame: Module compiling took 29.010 seconds
[2019.10.27-22.03.34:215][287]LogUObjectHash: Compacting FUObjectHashTables data took   0.74ms
[2019.10.27-22.03.35:454][287]LogClass: Could not find existing class Player_Controller in package /Script/Gladiator for HotReload, assuming new class
[2019.10.27-22.03.35:454][287]LogClass: Function MoveForward is new.
[2019.10.27-22.03.35:454][287]LogClass: Function MoveRight is new.
[2019.10.27-22.03.35:454][287]LogClass: Function StartJump is new.
[2019.10.27-22.03.35:454][287]LogClass: Function StopJump is new.
[2019.10.27-22.03.35:459][287]LogHotReload: Re-instancing Player_Controller after hot-reload.
[2019.10.27-22.03.35:462][287]LogScript: Warning: Accessed None trying to read property CallFunc_GetPlayerController_ReturnValue
	Player_Character_C /Engine/Transient.World_2:PersistentLevel.Player_Character_BP_C_1.CharacterMesh0.Player_Character_C_0
	Function /Game/Mesh/PlayerMesh/Anim_BP/Player_Character.Player_Character_C:ExecuteUbergraph_Player_Character:019C
[2019.10.27-22.03.35:463][287]LogScript: Warning: Accessed None trying to read property CallFunc_GetPlayerController_ReturnValue
	Player_Character_C /Engine/Transient.World_2:PersistentLevel.Player_Character_BP_C_1.CharacterMesh0.Player_Character_C_1
	Function /Game/Mesh/PlayerMesh/Anim_BP/Player_Character.Player_Character_C:ExecuteUbergraph_Player_Character:019C
[2019.10.27-22.03.35:587][287]LogContentBrowser: Native class hierarchy updated for 'Gladiator' in 0.0003 seconds. Added 2 classes and 2 folders.
[2019.10.27-22.03.35:589][287]Display: HotReload successful (0 functions remapped  0 scriptstructs remapped)
[2019.10.27-22.03.35:635][287]LogUObjectHash: Compacting FUObjectHashTables data took   1.48ms
[2019.10.27-22.03.35:645][287]LogContentBrowser: Native class hierarchy populated in 0.0063 seconds. Added 2866 classes and 684 folders.
[2019.10.27-22.03.35:645][287]Display: HotReload took 30.5s.
[2019.10.27-22.03.47:037][594]LogSlate: FSceneViewport::OnFocusLost() reason 0
[2019.10.27-22.04.21:702][557]LogUObjectHash: Compacting FUObjectHashTables data took   1.26ms
[2019.10.27-22.04.23:650][557]LogSlate: Window 'Delete Assets' being destroyed
[2019.10.27-22.04.25:404][761]LogSlate: FSceneViewport::OnFocusLost() reason 0
[2019.10.27-22.04.27:141][959]Cmd: DELETE
[2019.10.27-22.04.27:141][959]Cmd: ACTOR DELETE
[2019.10.27-22.04.27:142][959]LogEditorActor: Deleted Actor: Player_Character_BP_C
[2019.10.27-22.04.27:171][959]LogUObjectHash: Compacting FUObjectHashTables data took   1.11ms
[2019.10.27-22.04.27:171][959]LogEditorActor: Deleted 1 Actors (0.031 secs)
[2019.10.27-22.04.29:046][184]LogTemp: Repeating last play command: Selected Viewport
[2019.10.27-22.04.29:073][184]LogBlueprintUserMessages: Early PlayInEditor Detection: Level '/Game/Maps/Gladiator.Gladiator:PersistentLevel' has LevelScriptBlueprint '/Game/Maps/Gladiator.Gladiator:PersistentLevel.Gladiator' with GeneratedClass '/Game/Maps/Gladiator.Gladiator_C' with ClassGeneratedBy '/Game/Maps/Gladiator.Gladiator:PersistentLevel.Gladiator'
[2019.10.27-22.04.29:073][184]LogPlayLevel: PlayLevel: No blueprints needed recompiling
[2019.10.27-22.04.29:073][184]PIE: New page: PIE session: Gladiator (27 Oct 2019 22:04:29)
[2019.10.27-22.04.29:073][184]LogPlayLevel: Creating play world package: /Game/Maps/UEDPIE_0_Gladiator
[2019.10.27-22.04.29:075][184]LogPlayLevel: PIE: StaticDuplicateObject took: (0.001958s)
[2019.10.27-22.04.29:076][184]LogAIModule: Creating AISystem for world Gladiator
[2019.10.27-22.04.29:076][184]LogPlayLevel: PIE: World Init took: (0.000977s)
[2019.10.27-22.04.29:076][184]LogPlayLevel: PIE: Created PIE world by copying editor world from /Game/Maps/Gladiator.Gladiator to /Game/Maps/UEDPIE_0_Gladiator.Gladiator (0.003051s)
[2019.10.27-22.04.29:094][184]LogUObjectHash: Compacting FUObjectHashTables data took   1.05ms
[2019.10.27-22.04.29:110][184]LogInit: XAudio2 using 'Realtek HD Audio 2nd output (Realtek High Definition Audio)' : 2 channels at 48 kHz using 32 bits per sample (channel mask 0x3)
[2019.10.27-22.04.29:124][184]LogInit: FAudioDevice initialized.
[2019.10.27-22.04.29:130][184]LogLoad: Game class is 'BP_GladiatorGameMode_C'
[2019.10.27-22.04.29:130][184]LogWorld: Bringing World /Game/Maps/UEDPIE_0_Gladiator.Gladiator up for play (max tick rate 0) at 2019.10.27-22.04.29
[2019.10.27-22.04.29:131][184]LogWorld: Bringing up level for play took: 0.000410
[2019.10.27-22.04.29:131][184]LogOnline: OSS: Creating online subsystem instance for: :Context_8
[2019.10.27-22.04.29:133][184]PIE: Play in editor start time for /Game/Maps/UEDPIE_0_Gladiator -0.034
[2019.10.27-22.04.29:133][184]LogBlueprintUserMessages: Late PlayInEditor Detection: Level '/Game/Maps/Gladiator.Gladiator:PersistentLevel' has LevelScriptBlueprint '/Game/Maps/Gladiator.Gladiator:PersistentLevel.Gladiator' with GeneratedClass '/Game/Maps/Gladiator.Gladiator_C' with ClassGeneratedBy '/Game/Maps/Gladiator.Gladiator:PersistentLevel.Gladiator'
[2019.10.27-22.05.04:259][  3]LogBlueprintUserMessages: Early EndPlayMap Detection: Level '/Game/Maps/Gladiator.Gladiator:PersistentLevel' has LevelScriptBlueprint '/Game/Maps/Gladiator.Gladiator:PersistentLevel.Gladiator' with GeneratedClass '/Game/Maps/Gladiator.Gladiator_C' with ClassGeneratedBy '/Game/Maps/Gladiator.Gladiator:PersistentLevel.Gladiator'
[2019.10.27-22.05.04:259][  3]LogSlate: Updating window title bar state: overlay mode, drag disabled, window buttons hidden, title bar hidden
[2019.10.27-22.05.04:259][  3]LogWorld: BeginTearingDown for /Game/Maps/UEDPIE_0_Gladiator
[2019.10.27-22.05.04:259][  3]LogWorld: UWorld::CleanupWorld for Gladiator, bSessionEnded=true, bCleanupResources=true
[2019.10.27-22.05.04:267][  3]LogPlayLevel: Display: Shutting down PIE online subsystems
[2019.10.27-22.05.04:267][  3]LogBlueprintUserMessages: Late EndPlayMap Detection: Level '/Game/Maps/Gladiator.Gladiator:PersistentLevel' has LevelScriptBlueprint '/Game/Maps/Gladiator.Gladiator:PersistentLevel.Gladiator' with GeneratedClass '/Game/Maps/Gladiator.Gladiator_C' with ClassGeneratedBy '/Game/Maps/Gladiator.Gladiator:PersistentLevel.Gladiator'
[2019.10.27-22.05.04:289][  3]LogSlate: Updating window title bar state: overlay mode, drag disabled, window buttons hidden, title bar hidden
[2019.10.27-22.05.04:291][  3]LogUObjectHash: Compacting FUObjectHashTables data took   1.14ms
[2019.10.27-22.05.04:365][  8]LogPlayLevel: Display: Destroying online subsystem :Context_8
[2019.10.27-22.06.32:057][658]LogSlate: FSceneViewport::OnFocusLost() reason 0
[2019.10.27-22.06.32:139][667]Candidate modules for hot reload:
[2019.10.27-22.06.32:139][667]  Gladiator
[2019.10.27-22.06.32:139][667]Launching UnrealBuildTool... [C:/Program Files/Epic Games/UE_4.23/Engine/Binaries/DotNET/UnrealBuildTool.exe  -ModuleWithSuffix=Gladiator,7383 Win64 Development -TargetType=Editor -Project="E:/Unreal_Project/Gladiator/Gladiators/Gladiator/Gladiator.uproject" "E:/Unreal_Project/Gladiator/Gladiators/Gladiator/Gladiator.uproject"  -IgnoreJunk]
[2019.10.27-22.06.32:141][667]Warning: Starting HotReload took  0.0s.
[2019.10.27-22.06.51:372][965]CompilerResultsLog: New page: Compilation - 27 Oct 2019 22:06:51
[2019.10.27-22.06.51:372][965]CompilerResultsLog: Using 'git status' to determine working set for adaptive non-unity build (E:\Unreal_Project\Gladiator\Gladiators).
[2019.10.27-22.06.51:372][965]CompilerResultsLog: Parsing headers for GladiatorEditor
[2019.10.27-22.06.51:372][965]CompilerResultsLog:   Running UnrealHeaderTool "E:\Unreal_Project\Gladiator\Gladiators\Gladiator\Gladiator.uproject" "E:\Unreal_Project\Gladiator\Gladiators\Gladiator\Intermediate\Build\Win64\GladiatorEditor\Development\GladiatorEditor.uhtmanifest" -LogCmds="loginit warning, logexit warning, logdatabase error" -Unattended -WarningsAsErrors -installed
[2019.10.27-22.06.51:372][965]CompilerResultsLog: Reflection code generated for GladiatorEditor in 5.5008388 seconds
[2019.10.27-22.06.51:372][965]CompilerResultsLog: Using Visual Studio 2019 14.23.28105 toolchain (C:\Program Files (x86)\Microsoft Visual Studio\2019\Community\VC\Tools\MSVC\14.23.28105) and Windows 10.0.17763.0 SDK (C:\Program Files (x86)\Windows Kits\10).
[2019.10.27-22.06.51:372][965]CompilerResultsLog: Building 6 actions with 8 processes...
[2019.10.27-22.06.51:372][965]CompilerResultsLog:   [1/6] Gladiator.init.gen.cpp
[2019.10.27-22.06.51:372][965]CompilerResultsLog:   [2/6] Player_Controller.gen.cpp
[2019.10.27-22.06.51:372][965]CompilerResultsLog:   [3/6] Player_Controller.cpp
[2019.10.27-22.06.51:372][965]CompilerResultsLog:   [4/6] UE4Editor-Gladiator-7383.lib
[2019.10.27-22.06.51:372][965]CompilerResultsLog:      Creating library E:\Unreal_Project\Gladiator\Gladiators\Gladiator\Intermediate\Build\Win64\UE4Editor\Development\Gladiator\UE4Editor-Gladiator-7383.lib and object E:\Unreal_Project\Gladiator\Gladiators\Gladiator\Intermediate\Build\Win64\UE4Editor\Development\Gladiator\UE4Editor-Gladiator-7383.exp
[2019.10.27-22.06.51:372][965]CompilerResultsLog:   [5/6] UE4Editor-Gladiator-7383.dll
[2019.10.27-22.06.51:372][965]CompilerResultsLog:      Creating library E:\Unreal_Project\Gladiator\Gladiators\Gladiator\Intermediate\Build\Win64\UE4Editor\Development\Gladiator\UE4Editor-Gladiator-7383.suppressed.lib and object E:\Unreal_Project\Gladiator\Gladiators\Gladiator\Intermediate\Build\Win64\UE4Editor\Development\Gladiator\UE4Editor-Gladiator-7383.suppressed.exp
[2019.10.27-22.06.51:372][965]CompilerResultsLog:   [6/6] GladiatorEditor.target
[2019.10.27-22.06.51:373][965]CompilerResultsLog: Total time in Parallel executor: 12.51 seconds
[2019.10.27-22.06.51:373][965]CompilerResultsLog: Total execution time: 19.06 seconds
[2019.10.27-22.06.51:373][965]LogMainFrame: MainFrame: Module compiling took 19.235 seconds
[2019.10.27-22.06.51:393][965]LogUObjectHash: Compacting FUObjectHashTables data took   1.52ms
[2019.10.27-22.06.52:641][965]LogClass: Could not find existing class Player_Controller in package /Script/Gladiator for HotReload, assuming new class
[2019.10.27-22.06.52:641][965]LogClass: Function MoveForward is new.
[2019.10.27-22.06.52:641][965]LogClass: Function MoveRight is new.
[2019.10.27-22.06.52:641][965]LogClass: Function StartJump is new.
[2019.10.27-22.06.52:641][965]LogClass: Function StopJump is new.
[2019.10.27-22.06.52:646][965]LogHotReload: Re-instancing Player_Controller after hot-reload.
[2019.10.27-22.06.52:649][965]LogScript: Warning: Accessed None trying to read property CallFunc_GetPlayerController_ReturnValue
	Player_Character_C /Engine/Transient.World_2:PersistentLevel.Player_Character_BP_C_2.CharacterMesh0.Player_Character_C_1
	Function /Game/Mesh/PlayerMesh/Anim_BP/Player_Character.Player_Character_C:ExecuteUbergraph_Player_Character:019C
[2019.10.27-22.06.52:767][965]LogContentBrowser: Native class hierarchy updated for 'Gladiator' in 0.0003 seconds. Added 2 classes and 2 folders.
[2019.10.27-22.06.52:769][965]Display: HotReload successful (0 functions remapped  0 scriptstructs remapped)
[2019.10.27-22.06.52:814][965]LogUObjectHash: Compacting FUObjectHashTables data took   1.42ms
[2019.10.27-22.06.52:824][965]LogContentBrowser: Native class hierarchy populated in 0.0062 seconds. Added 2866 classes and 684 folders.
[2019.10.27-22.06.52:824][965]Display: HotReload took 20.7s.
[2019.10.27-22.06.57:777][519]LogSlate: FSceneViewport::OnFocusLost() reason 0
[2019.10.27-22.07.08:438][784]LogAssetEditorManager: Opening Asset editor for Blueprint /Game/BluePrints/Player_Character_BP.Player_Character_BP
[2019.10.27-22.07.09:293][784]LogContentBrowser: Native class hierarchy updated for 'BlueprintGraph' in 0.0007 seconds. Added 121 classes and 0 folders.
[2019.10.27-22.07.12:492][885]LogSlate: Window 'Class Defaults' being destroyed
[2019.10.27-22.07.12:494][885]LogSlate: Window 'Class Defaults' being destroyed
[2019.10.27-22.07.12:494][885]LogSlate: Window 'Player_Character_BP' being destroyed
[2019.10.27-22.07.12:521][885]LogWorld: UWorld::CleanupWorld for World_5, bSessionEnded=true, bCleanupResources=true
[2019.10.27-22.07.12:574][885]LogAssetEditorManager: Opening Asset editor for Blueprint /Game/BluePrints/Player_Character_BP.Player_Character_BP
[2019.10.27-22.07.13:019][885]LogSlate: Took 0.008276 seconds to synchronously load lazily loaded font '../../../Engine/Content/Slate/Fonts/Roboto-BoldCondensed.ttf' (158K)
[2019.10.27-22.07.29:831][508]LogSlate: Window 'Player_Character_BP' being destroyed
[2019.10.27-22.07.29:834][508]LogSlate: Window 'Player_Character_BP' being destroyed
[2019.10.27-22.07.29:844][508]LogWorld: UWorld::CleanupWorld for World_6, bSessionEnded=true, bCleanupResources=true
[2019.10.27-22.07.40:856][902]LogSlate: Window 'Pick Parent Class' being destroyed
[2019.10.27-22.07.58:024][364]LogSlate: Window 'Pick Parent Class' being destroyed
[2019.10.27-22.08.19:253][677]LogUObjectHash: Compacting FUObjectHashTables data took   2.83ms
